2024-12-18 09:58:41.554 [info] Log level: Info
2024-12-18 09:58:41.554 [info] Validating found git in: "git"
2024-12-18 09:58:41.554 [info] Using git "2.34.1" from "git"
2024-12-18 09:58:41.554 [info] > git rev-parse --show-toplevel [2ms]
2024-12-18 09:58:41.554 [info] fatal: not a git repository (or any of the parent directories): .git
2024-12-18 09:58:41.554 [info] > git rev-parse --show-toplevel [1ms]
2024-12-18 09:58:41.554 [info] fatal: not a git repository (or any of the parent directories): .git
2024-12-18 09:58:41.554 [info] > git rev-parse --show-toplevel [1ms]
2024-12-18 09:58:41.554 [info] fatal: not a git repository (or any of the parent directories): .git
2024-12-18 09:58:41.554 [info] > git rev-parse --show-toplevel [1ms]
2024-12-18 09:58:41.554 [info] fatal: not a git repository (or any of the parent directories): .git
2024-12-18 09:58:41.554 [info] > git rev-parse --show-toplevel [1ms]
2024-12-18 09:58:41.554 [info] fatal: not a git repository (or any of the parent directories): .git
2024-12-18 09:58:41.554 [info] > git rev-parse --show-toplevel [1ms]
2024-12-18 09:58:41.554 [info] fatal: not a git repository (or any of the parent directories): .git
2024-12-18 09:58:41.554 [info] > git rev-parse --show-toplevel [1ms]
2024-12-18 09:58:41.554 [info] fatal: not a git repository (or any of the parent directories): .git
2024-12-18 09:58:41.554 [info] > git rev-parse --show-toplevel [1ms]
2024-12-18 09:58:41.554 [info] fatal: not a git repository (or any of the parent directories): .git
2024-12-18 09:58:41.554 [info] > git rev-parse --show-toplevel [2ms]
2024-12-18 09:58:41.554 [info] fatal: not a git repository (or any of the parent directories): .git
2024-12-18 09:58:41.554 [info] > git rev-parse --show-toplevel [35ms]
2024-12-18 09:58:41.554 [info] fatal: not a git repository (or any of the parent directories): .git
2024-12-18 09:58:41.554 [info] > git rev-parse --show-toplevel [1ms]
2024-12-18 09:58:41.554 [info] fatal: not a git repository (or any of the parent directories): .git
2024-12-18 09:58:41.554 [info] > git rev-parse --show-toplevel [2ms]
2024-12-18 09:58:41.554 [info] fatal: not a git repository (or any of the parent directories): .git
2024-12-18 09:58:41.554 [info] > git rev-parse --show-toplevel [1ms]
2024-12-18 09:58:41.555 [info] fatal: not a git repository (or any of the parent directories): .git
2024-12-18 09:58:41.555 [info] > git rev-parse --show-toplevel [2ms]
2024-12-18 09:58:41.555 [info] fatal: not a git repository (or any of the parent directories): .git
2024-12-18 09:58:41.555 [info] > git rev-parse --show-toplevel [1ms]
2024-12-18 09:58:41.555 [info] fatal: not a git repository (or any of the parent directories): .git
2024-12-18 09:58:41.555 [info] > git rev-parse --show-toplevel [2ms]
2024-12-18 09:58:41.555 [info] fatal: not a git repository (or any of the parent directories): .git
2024-12-18 09:58:41.555 [info] > git rev-parse --show-toplevel [1ms]
2024-12-18 09:58:41.555 [info] fatal: not a git repository (or any of the parent directories): .git
2024-12-18 09:58:41.555 [info] > git rev-parse --show-toplevel [1ms]
2024-12-18 09:58:41.555 [info] fatal: not a git repository (or any of the parent directories): .git
2024-12-18 09:58:41.555 [info] > git rev-parse --show-toplevel [2ms]
2024-12-18 09:58:41.555 [info] fatal: not a git repository (or any of the parent directories): .git
2024-12-18 09:58:41.555 [info] > git rev-parse --show-toplevel [1ms]
2024-12-18 09:58:41.555 [info] fatal: not a git repository (or any of the parent directories): .git
2024-12-18 09:58:41.555 [info] > git rev-parse --show-toplevel [1ms]
2024-12-18 09:58:41.555 [info] fatal: not a git repository (or any of the parent directories): .git
2024-12-18 09:58:41.555 [info] > git rev-parse --show-toplevel [1ms]
2024-12-18 09:58:41.555 [info] fatal: not a git repository (or any of the parent directories): .git
2024-12-18 09:58:41.555 [info] > git rev-parse --show-toplevel [1ms]
2024-12-18 09:58:41.555 [info] fatal: not a git repository (or any of the parent directories): .git
2024-12-18 09:58:41.555 [info] > git rev-parse --show-toplevel [2ms]
2024-12-18 09:58:41.555 [info] fatal: not a git repository (or any of the parent directories): .git
2024-12-18 09:58:41.555 [info] > git rev-parse --show-toplevel [2ms]
2024-12-18 09:58:41.555 [info] fatal: not a git repository (or any of the parent directories): .git
2024-12-18 09:58:41.555 [info] > git rev-parse --show-toplevel [1ms]
2024-12-18 09:58:41.555 [info] fatal: not a git repository (or any of the parent directories): .git
2024-12-18 09:58:41.555 [info] > git rev-parse --show-toplevel [1ms]
2024-12-18 09:58:41.555 [info] fatal: not a git repository (or any of the parent directories): .git
2024-12-18 09:58:41.555 [info] > git rev-parse --show-toplevel [2ms]
2024-12-18 09:58:41.555 [info] fatal: not a git repository (or any of the parent directories): .git
2024-12-18 09:58:41.555 [info] > git rev-parse --show-toplevel [4ms]
2024-12-18 09:58:41.555 [info] fatal: not a git repository (or any of the parent directories): .git
2024-12-18 09:58:41.556 [info] > git rev-parse --show-toplevel [1ms]
2024-12-18 09:58:41.556 [info] fatal: not a git repository (or any of the parent directories): .git
2024-12-18 09:58:41.565 [info] > git rev-parse --show-toplevel [4ms]
2024-12-18 09:58:41.565 [info] fatal: not a git repository (or any of the parent directories): .git
2024-12-18 09:58:41.573 [info] > git rev-parse --show-toplevel [2ms]
2024-12-18 09:58:41.573 [info] fatal: not a git repository (or any of the parent directories): .git
2024-12-18 09:58:41.580 [info] > git rev-parse --show-toplevel [2ms]
2024-12-18 09:58:41.580 [info] fatal: not a git repository (or any of the parent directories): .git
2024-12-18 09:58:41.587 [info] > git rev-parse --show-toplevel [1ms]
2024-12-18 09:58:41.587 [info] fatal: not a git repository (or any of the parent directories): .git
2024-12-18 09:58:41.595 [info] > git rev-parse --show-toplevel [1ms]
2024-12-18 09:58:41.595 [info] fatal: not a git repository (or any of the parent directories): .git
2024-12-18 09:58:41.602 [info] > git rev-parse --show-toplevel [1ms]
2024-12-18 09:58:41.602 [info] fatal: not a git repository (or any of the parent directories): .git
2024-12-18 09:58:41.610 [info] > git rev-parse --show-toplevel [1ms]
2024-12-18 09:58:41.610 [info] fatal: not a git repository (or any of the parent directories): .git
2024-12-18 09:58:41.617 [info] > git rev-parse --show-toplevel [1ms]
2024-12-18 09:58:41.617 [info] fatal: not a git repository (or any of the parent directories): .git
2024-12-18 09:58:41.624 [info] > git rev-parse --show-toplevel [2ms]
2024-12-18 09:58:41.624 [info] fatal: not a git repository (or any of the parent directories): .git
2024-12-18 09:58:41.630 [info] > git rev-parse --show-toplevel [1ms]
2024-12-18 09:58:41.630 [info] fatal: not a git repository (or any of the parent directories): .git
2024-12-18 09:58:41.637 [info] > git rev-parse --show-toplevel [1ms]
2024-12-18 09:58:41.637 [info] fatal: not a git repository (or any of the parent directories): .git
2024-12-18 09:58:41.644 [info] > git rev-parse --show-toplevel [1ms]
2024-12-18 09:58:41.644 [info] fatal: not a git repository (or any of the parent directories): .git
2024-12-18 09:58:41.651 [info] > git rev-parse --show-toplevel [1ms]
2024-12-18 09:58:41.651 [info] fatal: not a git repository (or any of the parent directories): .git
2024-12-18 09:58:41.658 [info] > git rev-parse --show-toplevel [1ms]
2024-12-18 09:58:41.658 [info] fatal: not a git repository (or any of the parent directories): .git
2024-12-18 09:58:41.692 [info] > git rev-parse --show-toplevel [28ms]
2024-12-18 09:58:41.692 [info] fatal: not a git repository (or any of the parent directories): .git
2024-12-18 09:58:41.701 [info] > git rev-parse --show-toplevel [2ms]
2024-12-18 09:58:41.701 [info] fatal: not a git repository (or any of the parent directories): .git
2024-12-18 09:58:41.709 [info] > git rev-parse --show-toplevel [1ms]
2024-12-18 09:58:41.709 [info] fatal: not a git repository (or any of the parent directories): .git
2024-12-18 09:58:41.718 [info] > git rev-parse --show-toplevel [2ms]
2024-12-18 09:58:41.718 [info] fatal: not a git repository (or any of the parent directories): .git
2024-12-18 09:58:41.726 [info] > git rev-parse --show-toplevel [2ms]
2024-12-18 09:58:41.726 [info] fatal: not a git repository (or any of the parent directories): .git
2024-12-18 09:58:41.735 [info] > git rev-parse --show-toplevel [2ms]
2024-12-18 09:58:41.735 [info] fatal: not a git repository (or any of the parent directories): .git
2024-12-18 09:58:41.743 [info] > git rev-parse --show-toplevel [1ms]
2024-12-18 09:58:41.743 [info] fatal: not a git repository (or any of the parent directories): .git
2024-12-18 09:58:41.752 [info] > git rev-parse --show-toplevel [1ms]
2024-12-18 09:58:41.752 [info] fatal: not a git repository (or any of the parent directories): .git
2024-12-18 09:58:41.759 [info] > git rev-parse --show-toplevel [1ms]
2024-12-18 09:58:41.759 [info] fatal: not a git repository (or any of the parent directories): .git
2024-12-18 09:58:41.767 [info] > git rev-parse --show-toplevel [2ms]
2024-12-18 09:58:41.767 [info] fatal: not a git repository (or any of the parent directories): .git
2024-12-18 09:58:41.774 [info] > git rev-parse --show-toplevel [1ms]
2024-12-18 09:58:41.774 [info] fatal: not a git repository (or any of the parent directories): .git
2024-12-18 09:58:41.782 [info] > git rev-parse --show-toplevel [1ms]
2024-12-18 09:58:41.782 [info] fatal: not a git repository (or any of the parent directories): .git
2024-12-18 09:58:41.790 [info] > git rev-parse --show-toplevel [2ms]
2024-12-18 09:58:41.790 [info] fatal: not a git repository (or any of the parent directories): .git
2024-12-18 09:58:41.797 [info] > git rev-parse --show-toplevel [2ms]
2024-12-18 09:58:41.797 [info] fatal: not a git repository (or any of the parent directories): .git
2024-12-18 09:58:41.805 [info] > git rev-parse --show-toplevel [2ms]
2024-12-18 09:58:41.805 [info] fatal: not a git repository (or any of the parent directories): .git
2024-12-18 09:58:41.813 [info] > git rev-parse --show-toplevel [2ms]
2024-12-18 09:58:41.813 [info] fatal: not a git repository (or any of the parent directories): .git
2024-12-18 09:58:41.820 [info] > git rev-parse --show-toplevel [1ms]
2024-12-18 09:58:41.820 [info] fatal: not a git repository (or any of the parent directories): .git
2024-12-18 09:58:41.830 [info] > git rev-parse --show-toplevel [4ms]
2024-12-18 09:58:41.830 [info] fatal: not a git repository (or any of the parent directories): .git
2024-12-18 09:58:41.840 [info] > git rev-parse --show-toplevel [2ms]
2024-12-18 09:58:41.840 [info] fatal: not a git repository (or any of the parent directories): .git
2024-12-18 09:58:41.851 [info] > git rev-parse --show-toplevel [1ms]
2024-12-18 09:58:41.851 [info] fatal: not a git repository (or any of the parent directories): .git
2024-12-18 09:58:41.860 [info] > git rev-parse --show-toplevel [1ms]
2024-12-18 09:58:41.860 [info] fatal: not a git repository (or any of the parent directories): .git
2024-12-18 09:58:41.869 [info] > git rev-parse --show-toplevel [1ms]
2024-12-18 09:58:41.869 [info] fatal: not a git repository (or any of the parent directories): .git
2024-12-18 09:58:41.878 [info] > git rev-parse --show-toplevel [1ms]
2024-12-18 09:58:41.878 [info] fatal: not a git repository (or any of the parent directories): .git
2024-12-18 09:58:41.887 [info] > git rev-parse --show-toplevel [2ms]
2024-12-18 09:58:41.887 [info] fatal: not a git repository (or any of the parent directories): .git
2024-12-18 09:58:41.895 [info] > git rev-parse --show-toplevel [1ms]
2024-12-18 09:58:41.895 [info] fatal: not a git repository (or any of the parent directories): .git
2024-12-18 09:58:41.903 [info] > git rev-parse --show-toplevel [1ms]
2024-12-18 09:58:41.903 [info] fatal: not a git repository (or any of the parent directories): .git
2024-12-18 09:58:41.912 [info] > git rev-parse --show-toplevel [1ms]
2024-12-18 09:58:41.912 [info] fatal: not a git repository (or any of the parent directories): .git
2024-12-18 09:58:41.920 [info] > git rev-parse --show-toplevel [1ms]
2024-12-18 09:58:41.920 [info] fatal: not a git repository (or any of the parent directories): .git
2024-12-18 09:58:41.929 [info] > git rev-parse --show-toplevel [1ms]
2024-12-18 09:58:41.930 [info] fatal: not a git repository (or any of the parent directories): .git
2024-12-18 09:58:41.939 [info] > git rev-parse --show-toplevel [2ms]
2024-12-18 09:58:41.939 [info] fatal: not a git repository (or any of the parent directories): .git
2024-12-18 09:58:41.948 [info] > git rev-parse --show-toplevel [1ms]
2024-12-18 09:58:41.948 [info] fatal: not a git repository (or any of the parent directories): .git
2024-12-18 09:58:41.957 [info] > git rev-parse --show-toplevel [2ms]
2024-12-18 09:58:41.957 [info] fatal: not a git repository (or any of the parent directories): .git
2024-12-18 09:58:41.966 [info] > git rev-parse --show-toplevel [1ms]
2024-12-18 09:58:41.966 [info] fatal: not a git repository (or any of the parent directories): .git
2024-12-18 09:58:41.973 [info] > git rev-parse --show-toplevel [1ms]
2024-12-18 09:58:41.973 [info] fatal: not a git repository (or any of the parent directories): .git
2024-12-18 09:58:41.981 [info] > git rev-parse --show-toplevel [1ms]
2024-12-18 09:58:41.981 [info] fatal: not a git repository (or any of the parent directories): .git
2024-12-18 09:58:41.989 [info] > git rev-parse --show-toplevel [2ms]
2024-12-18 09:58:41.989 [info] fatal: not a git repository (or any of the parent directories): .git
2024-12-18 09:58:41.999 [info] > git rev-parse --show-toplevel [2ms]
2024-12-18 09:58:41.999 [info] fatal: not a git repository (or any of the parent directories): .git
2024-12-18 09:58:42.010 [info] > git rev-parse --show-toplevel [1ms]
2024-12-18 09:58:42.010 [info] fatal: not a git repository (or any of the parent directories): .git
2024-12-18 09:58:42.020 [info] > git rev-parse --show-toplevel [2ms]
2024-12-18 09:58:42.020 [info] fatal: not a git repository (or any of the parent directories): .git
2024-12-18 09:58:42.030 [info] > git rev-parse --show-toplevel [1ms]
2024-12-18 09:58:42.030 [info] fatal: not a git repository (or any of the parent directories): .git
2024-12-18 09:58:42.040 [info] > git rev-parse --show-toplevel [2ms]
2024-12-18 09:58:42.040 [info] fatal: not a git repository (or any of the parent directories): .git
2024-12-18 09:58:42.049 [info] > git rev-parse --show-toplevel [2ms]
2024-12-18 09:58:42.049 [info] fatal: not a git repository (or any of the parent directories): .git
2024-12-18 09:58:42.058 [info] > git rev-parse --show-toplevel [1ms]
2024-12-18 09:58:42.058 [info] fatal: not a git repository (or any of the parent directories): .git
2024-12-18 09:58:42.067 [info] > git rev-parse --show-toplevel [2ms]
2024-12-18 09:58:42.067 [info] fatal: not a git repository (or any of the parent directories): .git
2024-12-18 09:58:42.076 [info] > git rev-parse --show-toplevel [1ms]
2024-12-18 09:58:42.076 [info] fatal: not a git repository (or any of the parent directories): .git
2024-12-18 09:58:42.085 [info] > git rev-parse --show-toplevel [2ms]
2024-12-18 09:58:42.085 [info] fatal: not a git repository (or any of the parent directories): .git
2024-12-18 09:58:42.093 [info] > git rev-parse --show-toplevel [2ms]
2024-12-18 09:58:42.093 [info] fatal: not a git repository (or any of the parent directories): .git
2024-12-18 09:58:42.100 [info] > git rev-parse --show-toplevel [1ms]
2024-12-18 09:58:42.100 [info] fatal: not a git repository (or any of the parent directories): .git
2024-12-18 09:58:42.108 [info] > git rev-parse --show-toplevel [2ms]
2024-12-18 09:58:42.108 [info] fatal: not a git repository (or any of the parent directories): .git
2024-12-18 09:58:42.116 [info] > git rev-parse --show-toplevel [3ms]
2024-12-18 09:58:42.116 [info] fatal: not a git repository (or any of the parent directories): .git
2024-12-18 09:58:42.123 [info] > git rev-parse --show-toplevel [1ms]
2024-12-18 09:58:42.123 [info] fatal: not a git repository (or any of the parent directories): .git
2024-12-18 09:58:42.130 [info] > git rev-parse --show-toplevel [1ms]
2024-12-18 09:58:42.130 [info] fatal: not a git repository (or any of the parent directories): .git
2024-12-18 09:58:42.137 [info] > git rev-parse --show-toplevel [1ms]
2024-12-18 09:58:42.137 [info] fatal: not a git repository (or any of the parent directories): .git
2024-12-18 09:58:42.145 [info] > git rev-parse --show-toplevel [1ms]
2024-12-18 09:58:42.145 [info] fatal: not a git repository (or any of the parent directories): .git
2024-12-18 09:58:42.152 [info] > git rev-parse --show-toplevel [1ms]
2024-12-18 09:58:42.152 [info] fatal: not a git repository (or any of the parent directories): .git
2024-12-18 09:58:42.160 [info] > git rev-parse --show-toplevel [2ms]
2024-12-18 09:58:42.160 [info] fatal: not a git repository (or any of the parent directories): .git
2024-12-18 09:58:42.167 [info] > git rev-parse --show-toplevel [1ms]
2024-12-18 09:58:42.168 [info] fatal: not a git repository (or any of the parent directories): .git
2024-12-18 09:58:42.175 [info] > git rev-parse --show-toplevel [1ms]
2024-12-18 09:58:42.175 [info] fatal: not a git repository (or any of the parent directories): .git
2024-12-18 09:58:42.182 [info] > git rev-parse --show-toplevel [1ms]
2024-12-18 09:58:42.182 [info] fatal: not a git repository (or any of the parent directories): .git
2024-12-18 09:58:42.189 [info] > git rev-parse --show-toplevel [1ms]
2024-12-18 09:58:42.189 [info] fatal: not a git repository (or any of the parent directories): .git
2024-12-18 09:58:42.196 [info] > git rev-parse --show-toplevel [2ms]
2024-12-18 09:58:42.196 [info] fatal: not a git repository (or any of the parent directories): .git
2024-12-18 09:58:42.202 [info] > git rev-parse --show-toplevel [1ms]
2024-12-18 09:58:42.202 [info] fatal: not a git repository (or any of the parent directories): .git
2024-12-18 09:58:42.209 [info] > git rev-parse --show-toplevel [1ms]
2024-12-18 09:58:42.209 [info] fatal: not a git repository (or any of the parent directories): .git
2024-12-18 09:58:42.217 [info] > git rev-parse --show-toplevel [1ms]
2024-12-18 09:58:42.217 [info] fatal: not a git repository (or any of the parent directories): .git
2024-12-18 09:58:42.225 [info] > git rev-parse --show-toplevel [1ms]
2024-12-18 09:58:42.225 [info] fatal: not a git repository (or any of the parent directories): .git
2024-12-18 09:58:42.232 [info] > git rev-parse --show-toplevel [1ms]
2024-12-18 09:58:42.232 [info] fatal: not a git repository (or any of the parent directories): .git
2024-12-18 09:58:42.240 [info] > git rev-parse --show-toplevel [1ms]
2024-12-18 09:58:42.240 [info] fatal: not a git repository (or any of the parent directories): .git
2024-12-18 09:58:42.247 [info] > git rev-parse --show-toplevel [1ms]
2024-12-18 09:58:42.247 [info] fatal: not a git repository (or any of the parent directories): .git
2024-12-18 09:58:42.254 [info] > git rev-parse --show-toplevel [2ms]
2024-12-18 09:58:42.254 [info] fatal: not a git repository (or any of the parent directories): .git
2024-12-18 10:01:08.655 [info] > git rev-parse --show-toplevel [2ms]
2024-12-18 10:01:08.656 [info] fatal: not a git repository (or any of the parent directories): .git
