2024-12-18 05:21:16.150 [info] Log level: Info
2024-12-18 05:21:16.150 [info] Validating found git in: "git"
2024-12-18 05:21:16.150 [info] Using git "2.34.1" from "git"
2024-12-18 05:21:16.150 [info] > git rev-parse --show-toplevel [2ms]
2024-12-18 05:21:16.150 [info] fatal: not a git repository (or any of the parent directories): .git
2024-12-18 05:21:16.150 [info] > git rev-parse --show-toplevel [1ms]
2024-12-18 05:21:16.150 [info] fatal: not a git repository (or any of the parent directories): .git
2024-12-18 05:21:16.150 [info] > git rev-parse --show-toplevel [1ms]
2024-12-18 05:21:16.150 [info] fatal: not a git repository (or any of the parent directories): .git
2024-12-18 05:21:16.150 [info] > git rev-parse --show-toplevel [1ms]
2024-12-18 05:21:16.150 [info] fatal: not a git repository (or any of the parent directories): .git
2024-12-18 05:21:16.150 [info] > git rev-parse --show-toplevel [2ms]
2024-12-18 05:21:16.150 [info] fatal: not a git repository (or any of the parent directories): .git
2024-12-18 05:21:16.150 [info] > git rev-parse --show-toplevel [1ms]
2024-12-18 05:21:16.150 [info] fatal: not a git repository (or any of the parent directories): .git
2024-12-18 05:21:16.150 [info] > git rev-parse --show-toplevel [2ms]
2024-12-18 05:21:16.150 [info] fatal: not a git repository (or any of the parent directories): .git
2024-12-18 05:21:16.150 [info] > git rev-parse --show-toplevel [1ms]
2024-12-18 05:21:16.150 [info] fatal: not a git repository (or any of the parent directories): .git
2024-12-18 05:21:16.150 [info] > git rev-parse --show-toplevel [259ms]
2024-12-18 05:21:16.150 [info] fatal: not a git repository (or any of the parent directories): .git
2024-12-18 05:21:16.150 [info] > git rev-parse --show-toplevel [2ms]
2024-12-18 05:21:16.150 [info] fatal: not a git repository (or any of the parent directories): .git
2024-12-18 05:21:16.150 [info] > git rev-parse --show-toplevel [5ms]
2024-12-18 05:21:16.150 [info] fatal: not a git repository (or any of the parent directories): .git
2024-12-18 05:21:16.152 [info] > git rev-parse --show-toplevel [3ms]
2024-12-18 05:21:16.152 [info] fatal: not a git repository (or any of the parent directories): .git
2024-12-18 05:21:16.161 [info] > git rev-parse --show-toplevel [1ms]
2024-12-18 05:21:16.161 [info] fatal: not a git repository (or any of the parent directories): .git
2024-12-18 05:21:16.169 [info] > git rev-parse --show-toplevel [2ms]
2024-12-18 05:21:16.169 [info] fatal: not a git repository (or any of the parent directories): .git
2024-12-18 05:21:16.183 [info] > git rev-parse --show-toplevel [1ms]
2024-12-18 05:21:16.183 [info] fatal: not a git repository (or any of the parent directories): .git
2024-12-18 05:21:16.191 [info] > git rev-parse --show-toplevel [2ms]
2024-12-18 05:21:16.191 [info] fatal: not a git repository (or any of the parent directories): .git
2024-12-18 05:21:16.200 [info] > git rev-parse --show-toplevel [2ms]
2024-12-18 05:21:16.200 [info] fatal: not a git repository (or any of the parent directories): .git
2024-12-18 05:21:16.207 [info] > git rev-parse --show-toplevel [2ms]
2024-12-18 05:21:16.207 [info] fatal: not a git repository (or any of the parent directories): .git
2024-12-18 05:21:16.215 [info] > git rev-parse --show-toplevel [2ms]
2024-12-18 05:21:16.215 [info] fatal: not a git repository (or any of the parent directories): .git
2024-12-18 05:21:16.222 [info] > git rev-parse --show-toplevel [1ms]
2024-12-18 05:21:16.222 [info] fatal: not a git repository (or any of the parent directories): .git
2024-12-18 05:21:16.230 [info] > git rev-parse --show-toplevel [1ms]
2024-12-18 05:21:16.230 [info] fatal: not a git repository (or any of the parent directories): .git
2024-12-18 05:21:16.238 [info] > git rev-parse --show-toplevel [1ms]
2024-12-18 05:21:16.238 [info] fatal: not a git repository (or any of the parent directories): .git
2024-12-18 05:21:16.245 [info] > git rev-parse --show-toplevel [1ms]
2024-12-18 05:21:16.245 [info] fatal: not a git repository (or any of the parent directories): .git
2024-12-18 05:21:16.252 [info] > git rev-parse --show-toplevel [1ms]
2024-12-18 05:21:16.253 [info] fatal: not a git repository (or any of the parent directories): .git
2024-12-18 05:21:16.259 [info] > git rev-parse --show-toplevel [1ms]
2024-12-18 05:21:16.259 [info] fatal: not a git repository (or any of the parent directories): .git
2024-12-18 05:21:16.267 [info] > git rev-parse --show-toplevel [2ms]
2024-12-18 05:21:16.267 [info] fatal: not a git repository (or any of the parent directories): .git
2024-12-18 05:21:16.274 [info] > git rev-parse --show-toplevel [1ms]
2024-12-18 05:21:16.274 [info] fatal: not a git repository (or any of the parent directories): .git
2024-12-18 05:21:16.281 [info] > git rev-parse --show-toplevel [1ms]
2024-12-18 05:21:16.281 [info] fatal: not a git repository (or any of the parent directories): .git
2024-12-18 05:21:16.288 [info] > git rev-parse --show-toplevel [1ms]
2024-12-18 05:21:16.289 [info] fatal: not a git repository (or any of the parent directories): .git
2024-12-18 05:21:16.296 [info] > git rev-parse --show-toplevel [2ms]
2024-12-18 05:21:16.296 [info] fatal: not a git repository (or any of the parent directories): .git
2024-12-18 05:21:16.303 [info] > git rev-parse --show-toplevel [1ms]
2024-12-18 05:21:16.303 [info] fatal: not a git repository (or any of the parent directories): .git
2024-12-18 05:21:16.309 [info] > git rev-parse --show-toplevel [1ms]
2024-12-18 05:21:16.309 [info] fatal: not a git repository (or any of the parent directories): .git
2024-12-18 05:21:16.316 [info] > git rev-parse --show-toplevel [1ms]
2024-12-18 05:21:16.316 [info] fatal: not a git repository (or any of the parent directories): .git
2024-12-18 05:21:16.323 [info] > git rev-parse --show-toplevel [1ms]
2024-12-18 05:21:16.323 [info] fatal: not a git repository (or any of the parent directories): .git
2024-12-18 05:21:16.330 [info] > git rev-parse --show-toplevel [1ms]
2024-12-18 05:21:16.331 [info] fatal: not a git repository (or any of the parent directories): .git
2024-12-18 05:21:16.338 [info] > git rev-parse --show-toplevel [1ms]
2024-12-18 05:21:16.338 [info] fatal: not a git repository (or any of the parent directories): .git
2024-12-18 05:21:16.345 [info] > git rev-parse --show-toplevel [1ms]
2024-12-18 05:21:16.345 [info] fatal: not a git repository (or any of the parent directories): .git
2024-12-18 05:21:16.352 [info] > git rev-parse --show-toplevel [1ms]
2024-12-18 05:21:16.352 [info] fatal: not a git repository (or any of the parent directories): .git
2024-12-18 05:21:16.359 [info] > git rev-parse --show-toplevel [1ms]
2024-12-18 05:21:16.359 [info] fatal: not a git repository (or any of the parent directories): .git
2024-12-18 05:21:16.365 [info] > git rev-parse --show-toplevel [1ms]
2024-12-18 05:21:16.365 [info] fatal: not a git repository (or any of the parent directories): .git
2024-12-18 05:21:16.372 [info] > git rev-parse --show-toplevel [1ms]
2024-12-18 05:21:16.372 [info] fatal: not a git repository (or any of the parent directories): .git
2024-12-18 05:21:16.484 [info] > git rev-parse --show-toplevel [106ms]
2024-12-18 05:21:16.484 [info] fatal: not a git repository (or any of the parent directories): .git
2024-12-18 05:21:16.605 [info] > git rev-parse --show-toplevel [113ms]
2024-12-18 05:21:16.605 [info] fatal: not a git repository (or any of the parent directories): .git
2024-12-18 05:21:16.615 [info] > git rev-parse --show-toplevel [2ms]
2024-12-18 05:21:16.615 [info] fatal: not a git repository (or any of the parent directories): .git
2024-12-18 05:21:16.625 [info] > git rev-parse --show-toplevel [1ms]
2024-12-18 05:21:16.625 [info] fatal: not a git repository (or any of the parent directories): .git
2024-12-18 05:21:16.634 [info] > git rev-parse --show-toplevel [1ms]
2024-12-18 05:21:16.634 [info] fatal: not a git repository (or any of the parent directories): .git
2024-12-18 05:21:16.642 [info] > git rev-parse --show-toplevel [1ms]
2024-12-18 05:21:16.642 [info] fatal: not a git repository (or any of the parent directories): .git
2024-12-18 05:21:16.650 [info] > git rev-parse --show-toplevel [1ms]
2024-12-18 05:21:16.650 [info] fatal: not a git repository (or any of the parent directories): .git
2024-12-18 05:21:16.658 [info] > git rev-parse --show-toplevel [1ms]
2024-12-18 05:21:16.658 [info] fatal: not a git repository (or any of the parent directories): .git
2024-12-18 05:21:16.666 [info] > git rev-parse --show-toplevel [1ms]
2024-12-18 05:21:16.666 [info] fatal: not a git repository (or any of the parent directories): .git
2024-12-18 05:21:16.674 [info] > git rev-parse --show-toplevel [2ms]
2024-12-18 05:21:16.674 [info] fatal: not a git repository (or any of the parent directories): .git
2024-12-18 05:21:16.681 [info] > git rev-parse --show-toplevel [1ms]
2024-12-18 05:21:16.682 [info] fatal: not a git repository (or any of the parent directories): .git
2024-12-18 05:21:16.690 [info] > git rev-parse --show-toplevel [1ms]
2024-12-18 05:21:16.690 [info] fatal: not a git repository (or any of the parent directories): .git
2024-12-18 05:21:16.698 [info] > git rev-parse --show-toplevel [2ms]
2024-12-18 05:21:16.698 [info] fatal: not a git repository (or any of the parent directories): .git
2024-12-18 05:21:16.708 [info] > git rev-parse --show-toplevel [3ms]
2024-12-18 05:21:16.708 [info] fatal: not a git repository (or any of the parent directories): .git
2024-12-18 05:21:16.725 [info] > git rev-parse --show-toplevel [9ms]
2024-12-18 05:21:16.725 [info] fatal: not a git repository (or any of the parent directories): .git
2024-12-18 05:21:16.734 [info] > git rev-parse --show-toplevel [1ms]
2024-12-18 05:21:16.734 [info] fatal: not a git repository (or any of the parent directories): .git
2024-12-18 05:21:16.804 [info] > git rev-parse --show-toplevel [58ms]
2024-12-18 05:21:16.804 [info] fatal: not a git repository (or any of the parent directories): .git
2024-12-18 05:21:16.817 [info] > git rev-parse --show-toplevel [3ms]
2024-12-18 05:21:16.818 [info] fatal: not a git repository (or any of the parent directories): .git
2024-12-18 05:21:16.829 [info] > git rev-parse --show-toplevel [2ms]
2024-12-18 05:21:16.829 [info] fatal: not a git repository (or any of the parent directories): .git
2024-12-18 05:21:16.838 [info] > git rev-parse --show-toplevel [1ms]
2024-12-18 05:21:16.839 [info] fatal: not a git repository (or any of the parent directories): .git
2024-12-18 05:21:16.848 [info] > git rev-parse --show-toplevel [2ms]
2024-12-18 05:21:16.848 [info] fatal: not a git repository (or any of the parent directories): .git
2024-12-18 05:21:16.858 [info] > git rev-parse --show-toplevel [2ms]
2024-12-18 05:21:16.858 [info] fatal: not a git repository (or any of the parent directories): .git
2024-12-18 05:21:16.928 [info] > git rev-parse --show-toplevel [6ms]
2024-12-18 05:21:16.928 [info] fatal: not a git repository (or any of the parent directories): .git
2024-12-18 05:21:16.940 [info] > git rev-parse --show-toplevel [3ms]
2024-12-18 05:21:16.940 [info] fatal: not a git repository (or any of the parent directories): .git
2024-12-18 05:21:16.950 [info] > git rev-parse --show-toplevel [2ms]
2024-12-18 05:21:16.950 [info] fatal: not a git repository (or any of the parent directories): .git
2024-12-18 05:21:16.961 [info] > git rev-parse --show-toplevel [2ms]
2024-12-18 05:21:16.961 [info] fatal: not a git repository (or any of the parent directories): .git
2024-12-18 05:21:16.972 [info] > git rev-parse --show-toplevel [1ms]
2024-12-18 05:21:16.972 [info] fatal: not a git repository (or any of the parent directories): .git
2024-12-18 05:21:16.981 [info] > git rev-parse --show-toplevel [2ms]
2024-12-18 05:21:16.981 [info] fatal: not a git repository (or any of the parent directories): .git
2024-12-18 05:21:16.990 [info] > git rev-parse --show-toplevel [2ms]
2024-12-18 05:21:16.990 [info] fatal: not a git repository (or any of the parent directories): .git
2024-12-18 05:21:17.001 [info] > git rev-parse --show-toplevel [2ms]
2024-12-18 05:21:17.001 [info] fatal: not a git repository (or any of the parent directories): .git
2024-12-18 05:21:17.010 [info] > git rev-parse --show-toplevel [1ms]
2024-12-18 05:21:17.010 [info] fatal: not a git repository (or any of the parent directories): .git
2024-12-18 05:21:17.039 [info] > git rev-parse --show-toplevel [19ms]
2024-12-18 05:21:17.039 [info] fatal: not a git repository (or any of the parent directories): .git
2024-12-18 05:21:17.051 [info] > git rev-parse --show-toplevel [2ms]
2024-12-18 05:21:17.051 [info] fatal: not a git repository (or any of the parent directories): .git
2024-12-18 05:21:17.073 [info] > git rev-parse --show-toplevel [11ms]
2024-12-18 05:21:17.073 [info] fatal: not a git repository (or any of the parent directories): .git
2024-12-18 05:21:17.085 [info] > git rev-parse --show-toplevel [3ms]
2024-12-18 05:21:17.085 [info] fatal: not a git repository (or any of the parent directories): .git
2024-12-18 05:21:17.095 [info] > git rev-parse --show-toplevel [2ms]
2024-12-18 05:21:17.095 [info] fatal: not a git repository (or any of the parent directories): .git
2024-12-18 05:21:17.104 [info] > git rev-parse --show-toplevel [2ms]
2024-12-18 05:21:17.104 [info] fatal: not a git repository (or any of the parent directories): .git
2024-12-18 05:21:17.113 [info] > git rev-parse --show-toplevel [2ms]
2024-12-18 05:21:17.113 [info] fatal: not a git repository (or any of the parent directories): .git
2024-12-18 05:21:17.123 [info] > git rev-parse --show-toplevel [1ms]
2024-12-18 05:21:17.123 [info] fatal: not a git repository (or any of the parent directories): .git
2024-12-18 05:21:17.133 [info] > git rev-parse --show-toplevel [1ms]
2024-12-18 05:21:17.133 [info] fatal: not a git repository (or any of the parent directories): .git
2024-12-18 05:21:17.143 [info] > git rev-parse --show-toplevel [1ms]
2024-12-18 05:21:17.143 [info] fatal: not a git repository (or any of the parent directories): .git
2024-12-18 05:21:17.152 [info] > git rev-parse --show-toplevel [2ms]
2024-12-18 05:21:17.152 [info] fatal: not a git repository (or any of the parent directories): .git
2024-12-18 05:21:17.162 [info] > git rev-parse --show-toplevel [2ms]
2024-12-18 05:21:17.162 [info] fatal: not a git repository (or any of the parent directories): .git
2024-12-18 05:21:17.172 [info] > git rev-parse --show-toplevel [2ms]
2024-12-18 05:21:17.172 [info] fatal: not a git repository (or any of the parent directories): .git
2024-12-18 05:21:17.181 [info] > git rev-parse --show-toplevel [2ms]
2024-12-18 05:21:17.181 [info] fatal: not a git repository (or any of the parent directories): .git
2024-12-18 05:21:17.190 [info] > git rev-parse --show-toplevel [1ms]
2024-12-18 05:21:17.190 [info] fatal: not a git repository (or any of the parent directories): .git
2024-12-18 05:21:17.201 [info] > git rev-parse --show-toplevel [3ms]
2024-12-18 05:21:17.201 [info] fatal: not a git repository (or any of the parent directories): .git
2024-12-18 05:21:17.400 [info] > git rev-parse --show-toplevel [189ms]
2024-12-18 05:21:17.400 [info] fatal: not a git repository (or any of the parent directories): .git
2024-12-18 05:21:17.412 [info] > git rev-parse --show-toplevel [3ms]
2024-12-18 05:21:17.412 [info] fatal: not a git repository (or any of the parent directories): .git
2024-12-18 05:21:17.422 [info] > git rev-parse --show-toplevel [1ms]
2024-12-18 05:21:17.422 [info] fatal: not a git repository (or any of the parent directories): .git
2024-12-18 05:21:17.432 [info] > git rev-parse --show-toplevel [2ms]
2024-12-18 05:21:17.432 [info] fatal: not a git repository (or any of the parent directories): .git
2024-12-18 05:21:17.441 [info] > git rev-parse --show-toplevel [2ms]
2024-12-18 05:21:17.441 [info] fatal: not a git repository (or any of the parent directories): .git
2024-12-18 05:21:17.449 [info] > git rev-parse --show-toplevel [2ms]
2024-12-18 05:21:17.449 [info] fatal: not a git repository (or any of the parent directories): .git
2024-12-18 05:21:17.460 [info] > git rev-parse --show-toplevel [4ms]
2024-12-18 05:21:17.460 [info] fatal: not a git repository (or any of the parent directories): .git
2024-12-18 05:21:17.470 [info] > git rev-parse --show-toplevel [2ms]
2024-12-18 05:21:17.470 [info] fatal: not a git repository (or any of the parent directories): .git
2024-12-18 05:21:17.479 [info] > git rev-parse --show-toplevel [2ms]
2024-12-18 05:21:17.479 [info] fatal: not a git repository (or any of the parent directories): .git
2024-12-18 05:21:17.487 [info] > git rev-parse --show-toplevel [1ms]
2024-12-18 05:21:17.487 [info] fatal: not a git repository (or any of the parent directories): .git
2024-12-18 05:21:17.496 [info] > git rev-parse --show-toplevel [2ms]
2024-12-18 05:21:17.496 [info] fatal: not a git repository (or any of the parent directories): .git
2024-12-18 05:21:17.505 [info] > git rev-parse --show-toplevel [1ms]
2024-12-18 05:21:17.505 [info] fatal: not a git repository (or any of the parent directories): .git
2024-12-18 05:21:17.513 [info] > git rev-parse --show-toplevel [1ms]
2024-12-18 05:21:17.513 [info] fatal: not a git repository (or any of the parent directories): .git
2024-12-18 05:21:17.522 [info] > git rev-parse --show-toplevel [2ms]
2024-12-18 05:21:17.522 [info] fatal: not a git repository (or any of the parent directories): .git
2024-12-18 05:21:17.532 [info] > git rev-parse --show-toplevel [1ms]
2024-12-18 05:21:17.533 [info] fatal: not a git repository (or any of the parent directories): .git
2024-12-18 05:21:17.544 [info] > git rev-parse --show-toplevel [2ms]
2024-12-18 05:21:17.544 [info] fatal: not a git repository (or any of the parent directories): .git
2024-12-18 05:21:17.554 [info] > git rev-parse --show-toplevel [1ms]
2024-12-18 05:21:17.554 [info] fatal: not a git repository (or any of the parent directories): .git
2024-12-18 05:21:17.564 [info] > git rev-parse --show-toplevel [1ms]
2024-12-18 05:21:17.564 [info] fatal: not a git repository (or any of the parent directories): .git
2024-12-18 05:21:17.572 [info] > git rev-parse --show-toplevel [1ms]
2024-12-18 05:21:17.572 [info] fatal: not a git repository (or any of the parent directories): .git
2024-12-18 05:21:17.587 [info] > git rev-parse --show-toplevel [8ms]
2024-12-18 05:21:17.588 [info] fatal: not a git repository (or any of the parent directories): .git
2024-12-18 05:21:17.596 [info] > git rev-parse --show-toplevel [2ms]
2024-12-18 05:21:17.596 [info] fatal: not a git repository (or any of the parent directories): .git
2024-12-18 05:21:17.604 [info] > git rev-parse --show-toplevel [1ms]
2024-12-18 05:21:17.604 [info] fatal: not a git repository (or any of the parent directories): .git
2024-12-18 05:21:17.613 [info] > git rev-parse --show-toplevel [2ms]
2024-12-18 05:21:17.613 [info] fatal: not a git repository (or any of the parent directories): .git
2024-12-18 05:21:17.621 [info] > git rev-parse --show-toplevel [2ms]
2024-12-18 05:21:17.621 [info] fatal: not a git repository (or any of the parent directories): .git
2024-12-18 05:21:17.629 [info] > git rev-parse --show-toplevel [1ms]
2024-12-18 05:21:17.629 [info] fatal: not a git repository (or any of the parent directories): .git
2024-12-18 05:21:17.639 [info] > git rev-parse --show-toplevel [1ms]
2024-12-18 05:21:17.639 [info] fatal: not a git repository (or any of the parent directories): .git
2024-12-18 05:21:17.647 [info] > git rev-parse --show-toplevel [1ms]
2024-12-18 05:21:17.647 [info] fatal: not a git repository (or any of the parent directories): .git
2024-12-18 05:21:17.656 [info] > git rev-parse --show-toplevel [2ms]
2024-12-18 05:21:17.656 [info] fatal: not a git repository (or any of the parent directories): .git
2024-12-18 05:21:17.664 [info] > git rev-parse --show-toplevel [1ms]
2024-12-18 05:21:17.664 [info] fatal: not a git repository (or any of the parent directories): .git
2024-12-18 05:21:17.776 [info] > git rev-parse --show-toplevel [105ms]
2024-12-18 05:21:17.776 [info] fatal: not a git repository (or any of the parent directories): .git
2024-12-18 05:21:17.789 [info] > git rev-parse --show-toplevel [3ms]
2024-12-18 05:21:17.789 [info] fatal: not a git repository (or any of the parent directories): .git
2024-12-18 05:21:17.799 [info] > git rev-parse --show-toplevel [2ms]
2024-12-18 05:21:17.799 [info] fatal: not a git repository (or any of the parent directories): .git
2024-12-18 05:21:17.809 [info] > git rev-parse --show-toplevel [2ms]
2024-12-18 05:21:17.809 [info] fatal: not a git repository (or any of the parent directories): .git
2024-12-18 05:21:17.819 [info] > git rev-parse --show-toplevel [2ms]
2024-12-18 05:21:17.819 [info] fatal: not a git repository (or any of the parent directories): .git
2024-12-18 05:21:17.829 [info] > git rev-parse --show-toplevel [2ms]
2024-12-18 05:21:17.829 [info] fatal: not a git repository (or any of the parent directories): .git
2024-12-18 05:21:17.838 [info] > git rev-parse --show-toplevel [1ms]
2024-12-18 05:21:17.838 [info] fatal: not a git repository (or any of the parent directories): .git
2024-12-18 05:21:17.847 [info] > git rev-parse --show-toplevel [1ms]
2024-12-18 05:21:17.847 [info] fatal: not a git repository (or any of the parent directories): .git
2024-12-18 05:21:17.855 [info] > git rev-parse --show-toplevel [2ms]
2024-12-18 05:21:17.855 [info] fatal: not a git repository (or any of the parent directories): .git
2024-12-18 05:21:17.864 [info] > git rev-parse --show-toplevel [2ms]
2024-12-18 05:21:17.864 [info] fatal: not a git repository (or any of the parent directories): .git
2024-12-18 05:21:17.873 [info] > git rev-parse --show-toplevel [2ms]
2024-12-18 05:21:17.873 [info] fatal: not a git repository (or any of the parent directories): .git
2024-12-18 05:21:17.884 [info] > git rev-parse --show-toplevel [2ms]
2024-12-18 05:21:17.884 [info] fatal: not a git repository (or any of the parent directories): .git
2024-12-18 05:21:17.892 [info] > git rev-parse --show-toplevel [1ms]
2024-12-18 05:21:17.892 [info] fatal: not a git repository (or any of the parent directories): .git
2024-12-18 05:21:17.900 [info] > git rev-parse --show-toplevel [1ms]
2024-12-18 05:21:17.900 [info] fatal: not a git repository (or any of the parent directories): .git
2024-12-18 05:21:17.910 [info] > git rev-parse --show-toplevel [3ms]
2024-12-18 05:21:17.910 [info] fatal: not a git repository (or any of the parent directories): .git
2024-12-18 05:21:17.921 [info] > git rev-parse --show-toplevel [1ms]
2024-12-18 05:21:17.921 [info] fatal: not a git repository (or any of the parent directories): .git
2024-12-18 05:21:17.930 [info] > git rev-parse --show-toplevel [2ms]
2024-12-18 05:21:17.930 [info] fatal: not a git repository (or any of the parent directories): .git
2024-12-18 05:21:17.942 [info] > git rev-parse --show-toplevel [2ms]
2024-12-18 05:21:17.942 [info] fatal: not a git repository (or any of the parent directories): .git
2024-12-18 05:21:17.951 [info] > git rev-parse --show-toplevel [2ms]
2024-12-18 05:21:17.951 [info] fatal: not a git repository (or any of the parent directories): .git
2024-12-18 05:21:17.961 [info] > git rev-parse --show-toplevel [1ms]
2024-12-18 05:21:17.962 [info] fatal: not a git repository (or any of the parent directories): .git
2024-12-18 05:21:17.972 [info] > git rev-parse --show-toplevel [2ms]
2024-12-18 05:21:17.972 [info] fatal: not a git repository (or any of the parent directories): .git
2024-12-18 05:21:17.987 [info] > git rev-parse --show-toplevel [6ms]
2024-12-18 05:21:17.987 [info] fatal: not a git repository (or any of the parent directories): .git
2024-12-18 05:21:17.999 [info] > git rev-parse --show-toplevel [2ms]
2024-12-18 05:21:17.999 [info] fatal: not a git repository (or any of the parent directories): .git
2024-12-18 05:21:18.010 [info] > git rev-parse --show-toplevel [2ms]
2024-12-18 05:21:18.010 [info] fatal: not a git repository (or any of the parent directories): .git
2024-12-18 05:21:18.019 [info] > git rev-parse --show-toplevel [2ms]
2024-12-18 05:21:18.019 [info] fatal: not a git repository (or any of the parent directories): .git
2024-12-18 05:21:18.028 [info] > git rev-parse --show-toplevel [2ms]
2024-12-18 05:21:18.028 [info] fatal: not a git repository (or any of the parent directories): .git
2024-12-18 05:21:18.037 [info] > git rev-parse --show-toplevel [2ms]
2024-12-18 05:21:18.037 [info] fatal: not a git repository (or any of the parent directories): .git
2024-12-18 05:21:18.046 [info] > git rev-parse --show-toplevel [1ms]
2024-12-18 05:21:18.046 [info] fatal: not a git repository (or any of the parent directories): .git
2024-12-18 05:21:18.057 [info] > git rev-parse --show-toplevel [3ms]
2024-12-18 05:21:18.057 [info] fatal: not a git repository (or any of the parent directories): .git
2024-12-18 05:21:18.069 [info] > git rev-parse --show-toplevel [4ms]
2024-12-18 05:21:18.069 [info] fatal: not a git repository (or any of the parent directories): .git
2024-12-18 05:21:18.080 [info] > git rev-parse --show-toplevel [2ms]
2024-12-18 05:21:18.080 [info] fatal: not a git repository (or any of the parent directories): .git
2024-12-18 05:21:18.090 [info] > git rev-parse --show-toplevel [2ms]
2024-12-18 05:21:18.090 [info] fatal: not a git repository (or any of the parent directories): .git
2024-12-18 05:21:18.099 [info] > git rev-parse --show-toplevel [1ms]
2024-12-18 05:21:18.099 [info] fatal: not a git repository (or any of the parent directories): .git
2024-12-18 05:21:18.109 [info] > git rev-parse --show-toplevel [1ms]
2024-12-18 05:21:18.109 [info] fatal: not a git repository (or any of the parent directories): .git
2024-12-18 05:21:18.118 [info] > git rev-parse --show-toplevel [2ms]
2024-12-18 05:21:18.118 [info] fatal: not a git repository (or any of the parent directories): .git
2024-12-18 05:21:18.136 [info] > git rev-parse --show-toplevel [9ms]
2024-12-18 05:21:18.137 [info] fatal: not a git repository (or any of the parent directories): .git
2024-12-18 05:21:18.146 [info] > git rev-parse --show-toplevel [2ms]
2024-12-18 05:21:18.146 [info] fatal: not a git repository (or any of the parent directories): .git
2024-12-18 05:21:18.155 [info] > git rev-parse --show-toplevel [1ms]
2024-12-18 05:21:18.156 [info] fatal: not a git repository (or any of the parent directories): .git
2024-12-18 05:21:18.164 [info] > git rev-parse --show-toplevel [1ms]
2024-12-18 05:21:18.164 [info] fatal: not a git repository (or any of the parent directories): .git
2024-12-18 05:21:18.173 [info] > git rev-parse --show-toplevel [2ms]
2024-12-18 05:21:18.173 [info] fatal: not a git repository (or any of the parent directories): .git
2024-12-18 05:21:18.181 [info] > git rev-parse --show-toplevel [2ms]
2024-12-18 05:21:18.181 [info] fatal: not a git repository (or any of the parent directories): .git
2024-12-18 05:21:18.192 [info] > git rev-parse --show-toplevel [4ms]
2024-12-18 05:21:18.192 [info] fatal: not a git repository (or any of the parent directories): .git
2024-12-18 05:21:18.216 [info] > git rev-parse --show-toplevel [4ms]
2024-12-18 05:21:18.216 [info] fatal: not a git repository (or any of the parent directories): .git
2024-12-18 05:21:18.228 [info] > git rev-parse --show-toplevel [2ms]
2024-12-18 05:21:18.228 [info] fatal: not a git repository (or any of the parent directories): .git
2024-12-18 05:21:18.240 [info] > git rev-parse --show-toplevel [3ms]
2024-12-18 05:21:18.240 [info] fatal: not a git repository (or any of the parent directories): .git
2024-12-18 05:21:18.249 [info] > git rev-parse --show-toplevel [2ms]
2024-12-18 05:21:18.249 [info] fatal: not a git repository (or any of the parent directories): .git
2024-12-18 05:21:18.257 [info] > git rev-parse --show-toplevel [1ms]
2024-12-18 05:21:18.257 [info] fatal: not a git repository (or any of the parent directories): .git
2024-12-18 05:21:18.266 [info] > git rev-parse --show-toplevel [1ms]
2024-12-18 05:21:18.266 [info] fatal: not a git repository (or any of the parent directories): .git
2024-12-18 05:21:18.273 [info] > git rev-parse --show-toplevel [1ms]
2024-12-18 05:21:18.274 [info] fatal: not a git repository (or any of the parent directories): .git
2024-12-18 05:21:18.282 [info] > git rev-parse --show-toplevel [2ms]
2024-12-18 05:21:18.282 [info] fatal: not a git repository (or any of the parent directories): .git
2024-12-18 05:21:18.290 [info] > git rev-parse --show-toplevel [1ms]
2024-12-18 05:21:18.290 [info] fatal: not a git repository (or any of the parent directories): .git
2024-12-18 05:21:18.299 [info] > git rev-parse --show-toplevel [1ms]
2024-12-18 05:21:18.299 [info] fatal: not a git repository (or any of the parent directories): .git
2024-12-18 05:21:18.307 [info] > git rev-parse --show-toplevel [2ms]
2024-12-18 05:21:18.307 [info] fatal: not a git repository (or any of the parent directories): .git
2024-12-18 05:21:18.314 [info] > git rev-parse --show-toplevel [1ms]
2024-12-18 05:21:18.314 [info] fatal: not a git repository (or any of the parent directories): .git
2024-12-18 05:21:18.322 [info] > git rev-parse --show-toplevel [2ms]
2024-12-18 05:21:18.322 [info] fatal: not a git repository (or any of the parent directories): .git
2024-12-18 05:21:18.331 [info] > git rev-parse --show-toplevel [1ms]
2024-12-18 05:21:18.331 [info] fatal: not a git repository (or any of the parent directories): .git
2024-12-18 05:21:18.340 [info] > git rev-parse --show-toplevel [1ms]
2024-12-18 05:21:18.341 [info] fatal: not a git repository (or any of the parent directories): .git
2024-12-18 05:21:18.350 [info] > git rev-parse --show-toplevel [2ms]
2024-12-18 05:21:18.350 [info] fatal: not a git repository (or any of the parent directories): .git
2024-12-18 05:21:18.359 [info] > git rev-parse --show-toplevel [1ms]
2024-12-18 05:21:18.359 [info] fatal: not a git repository (or any of the parent directories): .git
2024-12-18 05:21:18.370 [info] > git rev-parse --show-toplevel [1ms]
2024-12-18 05:21:18.370 [info] fatal: not a git repository (or any of the parent directories): .git
2024-12-18 05:21:18.379 [info] > git rev-parse --show-toplevel [2ms]
2024-12-18 05:21:18.379 [info] fatal: not a git repository (or any of the parent directories): .git
2024-12-18 05:21:18.389 [info] > git rev-parse --show-toplevel [1ms]
2024-12-18 05:21:18.389 [info] fatal: not a git repository (or any of the parent directories): .git
2024-12-18 05:21:18.398 [info] > git rev-parse --show-toplevel [2ms]
2024-12-18 05:21:18.398 [info] fatal: not a git repository (or any of the parent directories): .git
2024-12-18 05:21:18.410 [info] > git rev-parse --show-toplevel [5ms]
2024-12-18 05:21:18.411 [info] fatal: not a git repository (or any of the parent directories): .git
2024-12-18 05:21:18.419 [info] > git rev-parse --show-toplevel [1ms]
2024-12-18 05:21:18.419 [info] fatal: not a git repository (or any of the parent directories): .git
2024-12-18 05:21:18.428 [info] > git rev-parse --show-toplevel [3ms]
2024-12-18 05:21:18.428 [info] fatal: not a git repository (or any of the parent directories): .git
2024-12-18 05:21:18.437 [info] > git rev-parse --show-toplevel [2ms]
2024-12-18 05:21:18.437 [info] fatal: not a git repository (or any of the parent directories): .git
2024-12-18 05:21:18.446 [info] > git rev-parse --show-toplevel [1ms]
2024-12-18 05:21:18.447 [info] fatal: not a git repository (or any of the parent directories): .git
2024-12-18 05:21:18.457 [info] > git rev-parse --show-toplevel [1ms]
2024-12-18 05:21:18.457 [info] fatal: not a git repository (or any of the parent directories): .git
2024-12-18 05:21:18.467 [info] > git rev-parse --show-toplevel [2ms]
2024-12-18 05:21:18.467 [info] fatal: not a git repository (or any of the parent directories): .git
2024-12-18 05:21:18.477 [info] > git rev-parse --show-toplevel [2ms]
2024-12-18 05:21:18.477 [info] fatal: not a git repository (or any of the parent directories): .git
2024-12-18 05:21:18.487 [info] > git rev-parse --show-toplevel [3ms]
2024-12-18 05:21:18.487 [info] fatal: not a git repository (or any of the parent directories): .git
2024-12-18 05:21:18.496 [info] > git rev-parse --show-toplevel [1ms]
2024-12-18 05:21:18.496 [info] fatal: not a git repository (or any of the parent directories): .git
2024-12-18 05:21:18.505 [info] > git rev-parse --show-toplevel [2ms]
2024-12-18 05:21:18.505 [info] fatal: not a git repository (or any of the parent directories): .git
2024-12-18 05:21:18.514 [info] > git rev-parse --show-toplevel [2ms]
2024-12-18 05:21:18.514 [info] fatal: not a git repository (or any of the parent directories): .git
2024-12-18 05:21:18.522 [info] > git rev-parse --show-toplevel [1ms]
2024-12-18 05:21:18.522 [info] fatal: not a git repository (or any of the parent directories): .git
2024-12-18 05:21:18.531 [info] > git rev-parse --show-toplevel [1ms]
2024-12-18 05:21:18.531 [info] fatal: not a git repository (or any of the parent directories): .git
