2024-12-17 14:35:45.574 [info] Extension host with pid 3660 started
2024-12-17 14:35:45.596 [error] Error: EEXIST: file already exists, open '/home/jovyan/.local/share/code-server/User/workspaceStorage/-b0fa7f7/vscode.lock'
2024-12-17 14:35:45.600 [info] Lock '/home/jovyan/.local/share/code-server/User/workspaceStorage/-b0fa7f7/vscode.lock': Could not acquire lock, checking if the file is stale.
2024-12-17 14:35:45.605 [info] Lock '/home/jovyan/.local/share/code-server/User/workspaceStorage/-b0fa7f7/vscode.lock': The lock does not look stale, elapsed: 579 ms, giving up.
2024-12-17 14:35:45.612 [info] Lock '/home/jovyan/.local/share/code-server/User/workspaceStorage/-b0fa7f7-1/vscode.lock': Lock acquired.
2024-12-17 14:35:45.919 [info] ExtensionService#_doActivateExtension vscode.extension-editing, startup: false, activationEvent: 'onLanguage:markdown'
2024-12-17 14:35:45.920 [info] ExtensionService#_doActivateExtension vscode.markdown-language-features, startup: false, activationEvent: 'onLanguage:markdown'
2024-12-17 14:35:45.921 [info] ExtensionService#_doActivateExtension vscode.emmet, startup: false, activationEvent: 'onLanguage'
2024-12-17 14:35:46.653 [info] ExtensionService#_doActivateExtension vscode.git-base, startup: true, activationEvent: '*', root cause: vscode.git
2024-12-17 14:35:46.936 [info] ExtensionService#_doActivateExtension vscode.git, startup: true, activationEvent: '*'
2024-12-17 14:35:46.936 [info] ExtensionService#_doActivateExtension vscode.github, startup: true, activationEvent: '*'
2024-12-17 14:35:47.141 [info] ExtensionService#_doActivateExtension vscode.markdown-math, startup: false, activationEvent: 'api', root cause: vscode.markdown-language-features
2024-12-17 14:35:47.595 [info] ExtensionService#_doActivateExtension samuelcolvin.jinjahtml, startup: true, activationEvent: 'workspaceContains:**/dbt_project.yml', root cause: innoverio.vscode-dbt-power-user
2024-12-17 14:35:47.595 [info] ExtensionService#_doActivateExtension ms-python.python, startup: true, activationEvent: 'workspaceContains:**/dbt_project.yml', root cause: innoverio.vscode-dbt-power-user
2024-12-17 14:35:47.899 [info] ExtensionService#_doActivateExtension vscode.tunnel-forwarding, startup: false, activationEvent: 'onTunnel'
2024-12-17 14:35:48.050 [warning] [Decorations] CAPPING events from decorations provider vscode.git 5553
2024-12-17 14:35:48.840 [info] ExtensionService#_doActivateExtension vscode.html-language-features, startup: false, activationEvent: 'api', root cause: samuelcolvin.jinjahtml
2024-12-17 14:35:49.157 [warning] [Decorations] CAPPING events from decorations provider vscode.git 5555
2024-12-17 14:35:51.240 [info] ExtensionService#_doActivateExtension innoverio.vscode-dbt-power-user, startup: true, activationEvent: 'workspaceContains:**/dbt_project.yml'
2024-12-17 14:35:55.841 [warning] DiagnosticCollection with name 'dbt' does already exist.
2024-12-17 14:35:55.841 [warning] DiagnosticCollection with name 'dbt' does already exist.
2024-12-17 14:35:55.847 [warning] DiagnosticCollection with name 'dbt' does already exist.
2024-12-17 14:35:55.847 [warning] DiagnosticCollection with name 'dbt' does already exist.
2024-12-17 14:35:55.871 [warning] DiagnosticCollection with name 'dbt' does already exist.
2024-12-17 14:35:55.871 [warning] DiagnosticCollection with name 'dbt' does already exist.
2024-12-17 14:35:55.877 [warning] DiagnosticCollection with name 'dbt' does already exist.
2024-12-17 14:35:55.877 [warning] DiagnosticCollection with name 'dbt' does already exist.
2024-12-17 14:35:55.902 [warning] DiagnosticCollection with name 'dbt' does already exist.
2024-12-17 14:35:55.902 [warning] DiagnosticCollection with name 'dbt' does already exist.
2024-12-17 14:35:55.907 [warning] DiagnosticCollection with name 'dbt' does already exist.
2024-12-17 14:35:55.907 [warning] DiagnosticCollection with name 'dbt' does already exist.
2024-12-17 14:35:56.695 [info] ExtensionService#_doActivateExtension vscode.debug-auto-launch, startup: false, activationEvent: 'onStartupFinished'
2024-12-17 14:35:56.696 [info] ExtensionService#_doActivateExtension vscode.merge-conflict, startup: false, activationEvent: 'onStartupFinished'
2024-12-17 14:35:59.950 [info] Eager extensions activated
2024-12-17 14:36:15.304 [info] ExtensionService#_doActivateExtension vscode.npm, startup: false, activationEvent: 'onTerminalQuickFixRequest:ms-vscode.npm-command'
2024-12-17 14:36:52.908 [warning] [Decorations] CAPPING events from decorations provider vscode.git 5560
2024-12-17 14:36:58.090 [warning] [Decorations] CAPPING events from decorations provider vscode.git 5560
2024-12-17 14:37:03.283 [warning] [Decorations] CAPPING events from decorations provider vscode.git 5561
2024-12-17 14:37:13.238 [warning] [Decorations] CAPPING events from decorations provider vscode.git 5563
2024-12-17 14:37:18.433 [warning] [Decorations] CAPPING events from decorations provider vscode.git 5563
2024-12-17 14:37:23.617 [warning] [Decorations] CAPPING events from decorations provider vscode.git 5564
2024-12-17 14:40:24.315 [warning] [Decorations] CAPPING events from decorations provider vscode.git 5565
2024-12-17 14:40:29.493 [warning] [Decorations] CAPPING events from decorations provider vscode.git 5564
2024-12-17 14:42:45.536 [warning] [Decorations] CAPPING events from decorations provider vscode.git 5566
2024-12-17 14:42:50.717 [warning] [Decorations] CAPPING events from decorations provider vscode.git 5566
2024-12-17 14:44:34.329 [warning] [Decorations] CAPPING events from decorations provider vscode.git 5568
2024-12-17 14:44:39.504 [warning] [Decorations] CAPPING events from decorations provider vscode.git 5567
2024-12-17 14:44:56.843 [warning] [Decorations] CAPPING events from decorations provider vscode.git 5568
2024-12-17 14:45:02.070 [warning] [Decorations] CAPPING events from decorations provider vscode.git 5568
2024-12-17 14:45:07.274 [warning] [Decorations] CAPPING events from decorations provider vscode.git 5568
2024-12-17 14:48:03.182 [warning] [Decorations] CAPPING events from decorations provider vscode.git 5573
2024-12-17 14:48:08.359 [warning] [Decorations] CAPPING events from decorations provider vscode.git 5570
2024-12-17 14:48:13.546 [warning] [Decorations] CAPPING events from decorations provider vscode.git 5570
2024-12-17 14:49:05.969 [warning] [Decorations] CAPPING events from decorations provider vscode.git 5568
2024-12-17 14:49:11.140 [warning] [Decorations] CAPPING events from decorations provider vscode.git 5570
2024-12-17 14:51:15.482 [warning] [Decorations] CAPPING events from decorations provider vscode.git 5574
2024-12-17 14:51:20.650 [warning] [Decorations] CAPPING events from decorations provider vscode.git 5570
2024-12-17 14:53:28.375 [warning] [Decorations] CAPPING events from decorations provider vscode.git 5575
2024-12-17 14:57:22.973 [warning] [Decorations] CAPPING events from decorations provider vscode.git 5570
2024-12-17 14:57:28.148 [warning] [Decorations] CAPPING events from decorations provider vscode.git 5570
2024-12-17 14:57:35.420 [warning] [Decorations] CAPPING events from decorations provider vscode.git 5569
2024-12-17 14:58:42.999 [warning] [Decorations] CAPPING events from decorations provider vscode.git 5569
2024-12-17 14:58:48.171 [warning] [Decorations] CAPPING events from decorations provider vscode.git 5570
2024-12-17 14:59:18.551 [warning] [Decorations] CAPPING events from decorations provider vscode.git 5571
2024-12-17 14:59:27.361 [warning] [Decorations] CAPPING events from decorations provider vscode.git 5569
2024-12-17 14:59:53.982 [warning] [Decorations] CAPPING events from decorations provider vscode.git 5569
2024-12-17 15:01:32.175 [warning] [Decorations] CAPPING events from decorations provider vscode.git 5569
2024-12-17 15:01:37.360 [warning] [Decorations] CAPPING events from decorations provider vscode.git 5570
2024-12-17 15:01:42.547 [warning] [Decorations] CAPPING events from decorations provider vscode.git 5570
2024-12-17 15:02:52.757 [warning] [Decorations] CAPPING events from decorations provider vscode.git 5571
2024-12-17 15:02:57.947 [warning] [Decorations] CAPPING events from decorations provider vscode.git 5571
2024-12-17 15:03:09.994 [warning] [Decorations] CAPPING events from decorations provider vscode.git 5570
2024-12-17 15:03:28.929 [warning] [Decorations] CAPPING events from decorations provider vscode.git 5572
2024-12-17 15:03:34.106 [warning] [Decorations] CAPPING events from decorations provider vscode.git 5572
2024-12-17 15:03:39.294 [warning] [Decorations] CAPPING events from decorations provider vscode.git 5571
2024-12-17 15:06:57.930 [warning] [Decorations] CAPPING events from decorations provider vscode.git 5571
2024-12-17 15:07:59.441 [warning] [Decorations] CAPPING events from decorations provider vscode.git 5571
2024-12-17 15:08:04.634 [warning] [Decorations] CAPPING events from decorations provider vscode.git 5571
2024-12-17 15:08:17.754 [warning] [Decorations] CAPPING events from decorations provider vscode.git 5572
2024-12-17 15:09:00.549 [warning] [Decorations] CAPPING events from decorations provider vscode.git 5573
2024-12-17 15:09:05.736 [warning] [Decorations] CAPPING events from decorations provider vscode.git 5572
2024-12-17 15:10:18.283 [warning] [Decorations] CAPPING events from decorations provider vscode.git 5572
2024-12-17 15:10:23.461 [warning] [Decorations] CAPPING events from decorations provider vscode.git 5572
2024-12-17 15:11:59.191 [warning] [Decorations] CAPPING events from decorations provider vscode.git 5572
2024-12-17 15:12:29.621 [warning] [Decorations] CAPPING events from decorations provider vscode.git 5572
2024-12-17 15:12:52.161 [warning] [Decorations] CAPPING events from decorations provider vscode.git 5572
2024-12-17 16:33:52.606 [warning] [Decorations] CAPPING events from decorations provider vscode.git 5585
2024-12-17 16:33:57.787 [warning] [Decorations] CAPPING events from decorations provider vscode.git 5582
2024-12-17 16:34:02.984 [warning] [Decorations] CAPPING events from decorations provider vscode.git 5582
2024-12-17 16:34:32.241 [warning] [Decorations] CAPPING events from decorations provider vscode.git 5582
2024-12-17 16:34:45.701 [warning] [Decorations] CAPPING events from decorations provider vscode.git 5582
2024-12-17 16:34:50.881 [warning] [Decorations] CAPPING events from decorations provider vscode.git 5565
2024-12-17 16:37:41.650 [warning] [Decorations] CAPPING events from decorations provider vscode.git 5620
