2024-12-19 06:11:57.659 [info] Extension host with pid 39653 started
2024-12-19 06:11:57.673 [info] Lock '/home/jovyan/.local/share/code-server/User/workspaceStorage/-b0fa7f7/vscode.lock': Lock acquired.
2024-12-19 06:11:57.967 [info] ExtensionService#_doActivateExtension vscode.emmet, startup: false, activationEvent: 'onLanguage'
2024-12-19 06:11:58.290 [info] ExtensionService#_doActivateExtension vscode.git-base, startup: true, activationEvent: '*', root cause: vscode.git
2024-12-19 06:11:58.558 [info] ExtensionService#_doActivateExtension vscode.git, startup: true, activationEvent: '*'
2024-12-19 06:11:58.559 [info] ExtensionService#_doActivateExtension vscode.github, startup: true, activationEvent: '*'
2024-12-19 06:11:59.352 [warning] [Decorations] CAPPING events from decorations provider vscode.git 5959
2024-12-19 06:12:00.117 [info] ExtensionService#_doActivateExtension samuelcolvin.jinjahtml, startup: true, activationEvent: 'workspaceContains:**/dbt_project.yml', root cause: innoverio.vscode-dbt-power-user
2024-12-19 06:12:00.117 [info] ExtensionService#_doActivateExtension ms-python.python, startup: true, activationEvent: 'workspaceContains:**/dbt_project.yml', root cause: innoverio.vscode-dbt-power-user
2024-12-19 06:12:00.617 [warning] [Decorations] CAPPING events from decorations provider vscode.git 5959
2024-12-19 06:12:01.637 [info] ExtensionService#_doActivateExtension vscode.tunnel-forwarding, startup: false, activationEvent: 'onTunnel'
2024-12-19 06:12:02.277 [info] Extension host terminating: received terminate message from renderer
2024-12-19 06:12:02.279 [info] Lock '/home/jovyan/.local/share/code-server/User/workspaceStorage/-b0fa7f7/vscode.lock': Marking the lockfile as scheduled to be released in 6000 ms.
2024-12-19 06:12:02.294 [error] Canceled: Canceled
	at Object.C [as $4] (/usr/lib/code-server/lib/vscode/out/vs/workbench/api/node/extensionHostProcess.js:10:1032)
	at /usr/lib/code-server/lib/vscode/out/vs/workbench/api/node/extensionHostProcess.js:116:7616
	at Array.forEach (<anonymous>)
	at i.dispose (/usr/lib/code-server/lib/vscode/out/vs/workbench/api/node/extensionHostProcess.js:116:7581)
	at l.terminate (/usr/lib/code-server/lib/vscode/out/vs/workbench/api/node/extensionHostProcess.js:118:8573)
	at o.terminate (/usr/lib/code-server/lib/vscode/out/vs/workbench/api/node/extensionHostProcess.js:122:1513)
	at t (/usr/lib/code-server/lib/vscode/out/vs/workbench/api/node/extensionHostProcess.js:135:9800)
	at n.value (/usr/lib/code-server/lib/vscode/out/vs/workbench/api/node/extensionHostProcess.js:135:7846)
	at b.w (/usr/lib/code-server/lib/vscode/out/vs/workbench/api/node/extensionHostProcess.js:63:1918)
	at b.fire (/usr/lib/code-server/lib/vscode/out/vs/workbench/api/node/extensionHostProcess.js:63:2135)
	at v.fire (/usr/lib/code-server/lib/vscode/out/vs/workbench/api/node/extensionHostProcess.js:75:13884)
	at s.z (/usr/lib/code-server/lib/vscode/out/vs/workbench/api/node/extensionHostProcess.js:75:16929)
	at n.value (/usr/lib/code-server/lib/vscode/out/vs/workbench/api/node/extensionHostProcess.js:75:15381)
	at b.w (/usr/lib/code-server/lib/vscode/out/vs/workbench/api/node/extensionHostProcess.js:63:1918)
	at b.fire (/usr/lib/code-server/lib/vscode/out/vs/workbench/api/node/extensionHostProcess.js:63:2135)
	at n.acceptChunk (/usr/lib/code-server/lib/vscode/out/vs/workbench/api/node/extensionHostProcess.js:75:11658)
	at n.value (/usr/lib/code-server/lib/vscode/out/vs/workbench/api/node/extensionHostProcess.js:75:10945)
	at b.w (/usr/lib/code-server/lib/vscode/out/vs/workbench/api/node/extensionHostProcess.js:63:1918)
	at b.fire (/usr/lib/code-server/lib/vscode/out/vs/workbench/api/node/extensionHostProcess.js:63:2135)
	at b.u (/usr/lib/code-server/lib/vscode/out/vs/workbench/api/node/extensionHostProcess.js:132:19063) setContext undefined
2024-12-19 06:12:02.294 [error] Canceled: Canceled
	at Object.C [as $4] (/usr/lib/code-server/lib/vscode/out/vs/workbench/api/node/extensionHostProcess.js:10:1032)
	at /usr/lib/code-server/lib/vscode/out/vs/workbench/api/node/extensionHostProcess.js:116:7616
	at Array.forEach (<anonymous>)
	at i.dispose (/usr/lib/code-server/lib/vscode/out/vs/workbench/api/node/extensionHostProcess.js:116:7581)
	at l.terminate (/usr/lib/code-server/lib/vscode/out/vs/workbench/api/node/extensionHostProcess.js:118:8573)
	at o.terminate (/usr/lib/code-server/lib/vscode/out/vs/workbench/api/node/extensionHostProcess.js:122:1513)
	at t (/usr/lib/code-server/lib/vscode/out/vs/workbench/api/node/extensionHostProcess.js:135:9800)
	at n.value (/usr/lib/code-server/lib/vscode/out/vs/workbench/api/node/extensionHostProcess.js:135:7846)
	at b.w (/usr/lib/code-server/lib/vscode/out/vs/workbench/api/node/extensionHostProcess.js:63:1918)
	at b.fire (/usr/lib/code-server/lib/vscode/out/vs/workbench/api/node/extensionHostProcess.js:63:2135)
	at v.fire (/usr/lib/code-server/lib/vscode/out/vs/workbench/api/node/extensionHostProcess.js:75:13884)
	at s.z (/usr/lib/code-server/lib/vscode/out/vs/workbench/api/node/extensionHostProcess.js:75:16929)
	at n.value (/usr/lib/code-server/lib/vscode/out/vs/workbench/api/node/extensionHostProcess.js:75:15381)
	at b.w (/usr/lib/code-server/lib/vscode/out/vs/workbench/api/node/extensionHostProcess.js:63:1918)
	at b.fire (/usr/lib/code-server/lib/vscode/out/vs/workbench/api/node/extensionHostProcess.js:63:2135)
	at n.acceptChunk (/usr/lib/code-server/lib/vscode/out/vs/workbench/api/node/extensionHostProcess.js:75:11658)
	at n.value (/usr/lib/code-server/lib/vscode/out/vs/workbench/api/node/extensionHostProcess.js:75:10945)
	at b.w (/usr/lib/code-server/lib/vscode/out/vs/workbench/api/node/extensionHostProcess.js:63:1918)
	at b.fire (/usr/lib/code-server/lib/vscode/out/vs/workbench/api/node/extensionHostProcess.js:63:2135)
	at b.u (/usr/lib/code-server/lib/vscode/out/vs/workbench/api/node/extensionHostProcess.js:132:19063) setContext undefined
2024-12-19 06:12:02.294 [error] Canceled: Canceled
	at Object.C [as $4] (/usr/lib/code-server/lib/vscode/out/vs/workbench/api/node/extensionHostProcess.js:10:1032)
	at /usr/lib/code-server/lib/vscode/out/vs/workbench/api/node/extensionHostProcess.js:116:7616
	at Array.forEach (<anonymous>)
	at i.dispose (/usr/lib/code-server/lib/vscode/out/vs/workbench/api/node/extensionHostProcess.js:116:7581)
	at l.terminate (/usr/lib/code-server/lib/vscode/out/vs/workbench/api/node/extensionHostProcess.js:118:8573)
	at o.terminate (/usr/lib/code-server/lib/vscode/out/vs/workbench/api/node/extensionHostProcess.js:122:1513)
	at t (/usr/lib/code-server/lib/vscode/out/vs/workbench/api/node/extensionHostProcess.js:135:9800)
	at n.value (/usr/lib/code-server/lib/vscode/out/vs/workbench/api/node/extensionHostProcess.js:135:7846)
	at b.w (/usr/lib/code-server/lib/vscode/out/vs/workbench/api/node/extensionHostProcess.js:63:1918)
	at b.fire (/usr/lib/code-server/lib/vscode/out/vs/workbench/api/node/extensionHostProcess.js:63:2135)
	at v.fire (/usr/lib/code-server/lib/vscode/out/vs/workbench/api/node/extensionHostProcess.js:75:13884)
	at s.z (/usr/lib/code-server/lib/vscode/out/vs/workbench/api/node/extensionHostProcess.js:75:16929)
	at n.value (/usr/lib/code-server/lib/vscode/out/vs/workbench/api/node/extensionHostProcess.js:75:15381)
	at b.w (/usr/lib/code-server/lib/vscode/out/vs/workbench/api/node/extensionHostProcess.js:63:1918)
	at b.fire (/usr/lib/code-server/lib/vscode/out/vs/workbench/api/node/extensionHostProcess.js:63:2135)
	at n.acceptChunk (/usr/lib/code-server/lib/vscode/out/vs/workbench/api/node/extensionHostProcess.js:75:11658)
	at n.value (/usr/lib/code-server/lib/vscode/out/vs/workbench/api/node/extensionHostProcess.js:75:10945)
	at b.w (/usr/lib/code-server/lib/vscode/out/vs/workbench/api/node/extensionHostProcess.js:63:1918)
	at b.fire (/usr/lib/code-server/lib/vscode/out/vs/workbench/api/node/extensionHostProcess.js:63:2135)
	at b.u (/usr/lib/code-server/lib/vscode/out/vs/workbench/api/node/extensionHostProcess.js:132:19063) setContext undefined
2024-12-19 06:12:02.294 [error] Canceled: Canceled
	at Object.C [as $4] (/usr/lib/code-server/lib/vscode/out/vs/workbench/api/node/extensionHostProcess.js:10:1032)
	at /usr/lib/code-server/lib/vscode/out/vs/workbench/api/node/extensionHostProcess.js:116:7616
	at Array.forEach (<anonymous>)
	at i.dispose (/usr/lib/code-server/lib/vscode/out/vs/workbench/api/node/extensionHostProcess.js:116:7581)
	at l.terminate (/usr/lib/code-server/lib/vscode/out/vs/workbench/api/node/extensionHostProcess.js:118:8573)
	at o.terminate (/usr/lib/code-server/lib/vscode/out/vs/workbench/api/node/extensionHostProcess.js:122:1513)
	at t (/usr/lib/code-server/lib/vscode/out/vs/workbench/api/node/extensionHostProcess.js:135:9800)
	at n.value (/usr/lib/code-server/lib/vscode/out/vs/workbench/api/node/extensionHostProcess.js:135:7846)
	at b.w (/usr/lib/code-server/lib/vscode/out/vs/workbench/api/node/extensionHostProcess.js:63:1918)
	at b.fire (/usr/lib/code-server/lib/vscode/out/vs/workbench/api/node/extensionHostProcess.js:63:2135)
	at v.fire (/usr/lib/code-server/lib/vscode/out/vs/workbench/api/node/extensionHostProcess.js:75:13884)
	at s.z (/usr/lib/code-server/lib/vscode/out/vs/workbench/api/node/extensionHostProcess.js:75:16929)
	at n.value (/usr/lib/code-server/lib/vscode/out/vs/workbench/api/node/extensionHostProcess.js:75:15381)
	at b.w (/usr/lib/code-server/lib/vscode/out/vs/workbench/api/node/extensionHostProcess.js:63:1918)
	at b.fire (/usr/lib/code-server/lib/vscode/out/vs/workbench/api/node/extensionHostProcess.js:63:2135)
	at n.acceptChunk (/usr/lib/code-server/lib/vscode/out/vs/workbench/api/node/extensionHostProcess.js:75:11658)
	at n.value (/usr/lib/code-server/lib/vscode/out/vs/workbench/api/node/extensionHostProcess.js:75:10945)
	at b.w (/usr/lib/code-server/lib/vscode/out/vs/workbench/api/node/extensionHostProcess.js:63:1918)
	at b.fire (/usr/lib/code-server/lib/vscode/out/vs/workbench/api/node/extensionHostProcess.js:63:2135)
	at b.u (/usr/lib/code-server/lib/vscode/out/vs/workbench/api/node/extensionHostProcess.js:132:19063) setContext undefined
2024-12-19 06:12:02.294 [error] Canceled: Canceled
	at Object.C [as $4] (/usr/lib/code-server/lib/vscode/out/vs/workbench/api/node/extensionHostProcess.js:10:1032)
	at /usr/lib/code-server/lib/vscode/out/vs/workbench/api/node/extensionHostProcess.js:116:7616
	at Array.forEach (<anonymous>)
	at i.dispose (/usr/lib/code-server/lib/vscode/out/vs/workbench/api/node/extensionHostProcess.js:116:7581)
	at l.terminate (/usr/lib/code-server/lib/vscode/out/vs/workbench/api/node/extensionHostProcess.js:118:8573)
	at o.terminate (/usr/lib/code-server/lib/vscode/out/vs/workbench/api/node/extensionHostProcess.js:122:1513)
	at t (/usr/lib/code-server/lib/vscode/out/vs/workbench/api/node/extensionHostProcess.js:135:9800)
	at n.value (/usr/lib/code-server/lib/vscode/out/vs/workbench/api/node/extensionHostProcess.js:135:7846)
	at b.w (/usr/lib/code-server/lib/vscode/out/vs/workbench/api/node/extensionHostProcess.js:63:1918)
	at b.fire (/usr/lib/code-server/lib/vscode/out/vs/workbench/api/node/extensionHostProcess.js:63:2135)
	at v.fire (/usr/lib/code-server/lib/vscode/out/vs/workbench/api/node/extensionHostProcess.js:75:13884)
	at s.z (/usr/lib/code-server/lib/vscode/out/vs/workbench/api/node/extensionHostProcess.js:75:16929)
	at n.value (/usr/lib/code-server/lib/vscode/out/vs/workbench/api/node/extensionHostProcess.js:75:15381)
	at b.w (/usr/lib/code-server/lib/vscode/out/vs/workbench/api/node/extensionHostProcess.js:63:1918)
	at b.fire (/usr/lib/code-server/lib/vscode/out/vs/workbench/api/node/extensionHostProcess.js:63:2135)
	at n.acceptChunk (/usr/lib/code-server/lib/vscode/out/vs/workbench/api/node/extensionHostProcess.js:75:11658)
	at n.value (/usr/lib/code-server/lib/vscode/out/vs/workbench/api/node/extensionHostProcess.js:75:10945)
	at b.w (/usr/lib/code-server/lib/vscode/out/vs/workbench/api/node/extensionHostProcess.js:63:1918)
	at b.fire (/usr/lib/code-server/lib/vscode/out/vs/workbench/api/node/extensionHostProcess.js:63:2135)
	at b.u (/usr/lib/code-server/lib/vscode/out/vs/workbench/api/node/extensionHostProcess.js:132:19063) setContext undefined
2024-12-19 06:12:02.295 [error] Canceled: Canceled
	at Object.C [as $4] (/usr/lib/code-server/lib/vscode/out/vs/workbench/api/node/extensionHostProcess.js:10:1032)
	at /usr/lib/code-server/lib/vscode/out/vs/workbench/api/node/extensionHostProcess.js:116:7616
	at Array.forEach (<anonymous>)
	at i.dispose (/usr/lib/code-server/lib/vscode/out/vs/workbench/api/node/extensionHostProcess.js:116:7581)
	at l.terminate (/usr/lib/code-server/lib/vscode/out/vs/workbench/api/node/extensionHostProcess.js:118:8573)
	at o.terminate (/usr/lib/code-server/lib/vscode/out/vs/workbench/api/node/extensionHostProcess.js:122:1513)
	at t (/usr/lib/code-server/lib/vscode/out/vs/workbench/api/node/extensionHostProcess.js:135:9800)
	at n.value (/usr/lib/code-server/lib/vscode/out/vs/workbench/api/node/extensionHostProcess.js:135:7846)
	at b.w (/usr/lib/code-server/lib/vscode/out/vs/workbench/api/node/extensionHostProcess.js:63:1918)
	at b.fire (/usr/lib/code-server/lib/vscode/out/vs/workbench/api/node/extensionHostProcess.js:63:2135)
	at v.fire (/usr/lib/code-server/lib/vscode/out/vs/workbench/api/node/extensionHostProcess.js:75:13884)
	at s.z (/usr/lib/code-server/lib/vscode/out/vs/workbench/api/node/extensionHostProcess.js:75:16929)
	at n.value (/usr/lib/code-server/lib/vscode/out/vs/workbench/api/node/extensionHostProcess.js:75:15381)
	at b.w (/usr/lib/code-server/lib/vscode/out/vs/workbench/api/node/extensionHostProcess.js:63:1918)
	at b.fire (/usr/lib/code-server/lib/vscode/out/vs/workbench/api/node/extensionHostProcess.js:63:2135)
	at n.acceptChunk (/usr/lib/code-server/lib/vscode/out/vs/workbench/api/node/extensionHostProcess.js:75:11658)
	at n.value (/usr/lib/code-server/lib/vscode/out/vs/workbench/api/node/extensionHostProcess.js:75:10945)
	at b.w (/usr/lib/code-server/lib/vscode/out/vs/workbench/api/node/extensionHostProcess.js:63:1918)
	at b.fire (/usr/lib/code-server/lib/vscode/out/vs/workbench/api/node/extensionHostProcess.js:63:2135)
	at b.u (/usr/lib/code-server/lib/vscode/out/vs/workbench/api/node/extensionHostProcess.js:132:19063) setContext undefined
2024-12-19 06:12:02.295 [error] Canceled: Canceled
	at Object.C [as $4] (/usr/lib/code-server/lib/vscode/out/vs/workbench/api/node/extensionHostProcess.js:10:1032)
	at /usr/lib/code-server/lib/vscode/out/vs/workbench/api/node/extensionHostProcess.js:116:7616
	at Array.forEach (<anonymous>)
	at i.dispose (/usr/lib/code-server/lib/vscode/out/vs/workbench/api/node/extensionHostProcess.js:116:7581)
	at l.terminate (/usr/lib/code-server/lib/vscode/out/vs/workbench/api/node/extensionHostProcess.js:118:8573)
	at o.terminate (/usr/lib/code-server/lib/vscode/out/vs/workbench/api/node/extensionHostProcess.js:122:1513)
	at t (/usr/lib/code-server/lib/vscode/out/vs/workbench/api/node/extensionHostProcess.js:135:9800)
	at n.value (/usr/lib/code-server/lib/vscode/out/vs/workbench/api/node/extensionHostProcess.js:135:7846)
	at b.w (/usr/lib/code-server/lib/vscode/out/vs/workbench/api/node/extensionHostProcess.js:63:1918)
	at b.fire (/usr/lib/code-server/lib/vscode/out/vs/workbench/api/node/extensionHostProcess.js:63:2135)
	at v.fire (/usr/lib/code-server/lib/vscode/out/vs/workbench/api/node/extensionHostProcess.js:75:13884)
	at s.z (/usr/lib/code-server/lib/vscode/out/vs/workbench/api/node/extensionHostProcess.js:75:16929)
	at n.value (/usr/lib/code-server/lib/vscode/out/vs/workbench/api/node/extensionHostProcess.js:75:15381)
	at b.w (/usr/lib/code-server/lib/vscode/out/vs/workbench/api/node/extensionHostProcess.js:63:1918)
	at b.fire (/usr/lib/code-server/lib/vscode/out/vs/workbench/api/node/extensionHostProcess.js:63:2135)
	at n.acceptChunk (/usr/lib/code-server/lib/vscode/out/vs/workbench/api/node/extensionHostProcess.js:75:11658)
	at n.value (/usr/lib/code-server/lib/vscode/out/vs/workbench/api/node/extensionHostProcess.js:75:10945)
	at b.w (/usr/lib/code-server/lib/vscode/out/vs/workbench/api/node/extensionHostProcess.js:63:1918)
	at b.fire (/usr/lib/code-server/lib/vscode/out/vs/workbench/api/node/extensionHostProcess.js:63:2135)
	at b.u (/usr/lib/code-server/lib/vscode/out/vs/workbench/api/node/extensionHostProcess.js:132:19063) setContext undefined
2024-12-19 06:12:02.299 [error] Canceled: Canceled
	at new c (/usr/lib/code-server/lib/vscode/out/vs/workbench/api/node/extensionHostProcess.js:107:57324)
	at i.O (/usr/lib/code-server/lib/vscode/out/vs/workbench/api/node/extensionHostProcess.js:116:10819)
	at N.<computed>.z.charCodeAt.N.<computed> (/usr/lib/code-server/lib/vscode/out/vs/workbench/api/node/extensionHostProcess.js:116:8258)
	at a.g (/usr/lib/code-server/lib/vscode/out/vs/workbench/api/node/extensionHostProcess.js:107:82935)
	at a.executeCommand (/usr/lib/code-server/lib/vscode/out/vs/workbench/api/node/extensionHostProcess.js:107:82359)
	at A.registerCommand.description (/usr/lib/code-server/lib/vscode/out/vs/workbench/api/node/extensionHostProcess.js:107:81666)
	at a.h (/usr/lib/code-server/lib/vscode/out/vs/workbench/api/node/extensionHostProcess.js:107:83471)
	at a.g (/usr/lib/code-server/lib/vscode/out/vs/workbench/api/node/extensionHostProcess.js:107:82459)
	at a.executeCommand (/usr/lib/code-server/lib/vscode/out/vs/workbench/api/node/extensionHostProcess.js:107:82359)
	at Object.executeCommand (/usr/lib/code-server/lib/vscode/out/vs/workbench/api/node/extensionHostProcess.js:122:21215)
	at n.D [as value] (/usr/lib/code-server/lib/vscode/extensions/git/dist/main.js:2:1309000)
	at b.w (/usr/lib/code-server/lib/vscode/out/vs/workbench/api/node/extensionHostProcess.js:63:1918)
	at b.x (/usr/lib/code-server/lib/vscode/out/vs/workbench/api/node/extensionHostProcess.js:63:1988)
	at b.fire (/usr/lib/code-server/lib/vscode/out/vs/workbench/api/node/extensionHostProcess.js:63:2204)
	at Object.m [as dispose] (/usr/lib/code-server/lib/vscode/extensions/git/dist/main.js:2:1324784)
	at /usr/lib/code-server/lib/vscode/extensions/git/dist/main.js:2:1329625
	at Array.forEach (<anonymous>)
	at g.dispose (/usr/lib/code-server/lib/vscode/extensions/git/dist/main.js:2:1329611)
	at r.<anonymous> (/usr/lib/code-server/lib/vscode/out/vs/workbench/api/node/extensionHostProcess.js:103:4254)
	at r.dispose (/usr/lib/code-server/lib/vscode/out/vs/workbench/api/node/extensionHostProcess.js:103:4389)
	at r.<anonymous> (/usr/lib/code-server/lib/vscode/extensions/git/dist/main.js:2:1311012)
	at r.dispose (/usr/lib/code-server/lib/vscode/out/vs/workbench/api/node/extensionHostProcess.js:103:4389)
	at k (/usr/lib/code-server/lib/vscode/out/vs/workbench/api/node/extensionHostProcess.js:13:11733)
	at l.Z (/usr/lib/code-server/lib/vscode/out/vs/workbench/api/node/extensionHostProcess.js:118:10421)
	at /usr/lib/code-server/lib/vscode/out/vs/workbench/api/node/extensionHostProcess.js:118:8337
	at Array.map (<anonymous>)
	at l.S (/usr/lib/code-server/lib/vscode/out/vs/workbench/api/node/extensionHostProcess.js:118:8324)
	at l.terminate (/usr/lib/code-server/lib/vscode/out/vs/workbench/api/node/extensionHostProcess.js:118:8597)
	at o.terminate (/usr/lib/code-server/lib/vscode/out/vs/workbench/api/node/extensionHostProcess.js:122:1513)
	at t (/usr/lib/code-server/lib/vscode/out/vs/workbench/api/node/extensionHostProcess.js:135:9800)
	at n.value (/usr/lib/code-server/lib/vscode/out/vs/workbench/api/node/extensionHostProcess.js:135:7846)
	at b.w (/usr/lib/code-server/lib/vscode/out/vs/workbench/api/node/extensionHostProcess.js:63:1918)
	at b.fire (/usr/lib/code-server/lib/vscode/out/vs/workbench/api/node/extensionHostProcess.js:63:2135)
	at v.fire (/usr/lib/code-server/lib/vscode/out/vs/workbench/api/node/extensionHostProcess.js:75:13884)
	at s.z (/usr/lib/code-server/lib/vscode/out/vs/workbench/api/node/extensionHostProcess.js:75:16929)
	at n.value (/usr/lib/code-server/lib/vscode/out/vs/workbench/api/node/extensionHostProcess.js:75:15381)
	at b.w (/usr/lib/code-server/lib/vscode/out/vs/workbench/api/node/extensionHostProcess.js:63:1918)
	at b.fire (/usr/lib/code-server/lib/vscode/out/vs/workbench/api/node/extensionHostProcess.js:63:2135)
	at n.acceptChunk (/usr/lib/code-server/lib/vscode/out/vs/workbench/api/node/extensionHostProcess.js:75:11658)
	at n.value (/usr/lib/code-server/lib/vscode/out/vs/workbench/api/node/extensionHostProcess.js:75:10945)
	at b.w (/usr/lib/code-server/lib/vscode/out/vs/workbench/api/node/extensionHostProcess.js:63:1918)
	at b.fire (/usr/lib/code-server/lib/vscode/out/vs/workbench/api/node/extensionHostProcess.js:63:2135)
	at b.u (/usr/lib/code-server/lib/vscode/out/vs/workbench/api/node/extensionHostProcess.js:132:19063) setContext undefined
2024-12-19 06:12:02.301 [error] Canceled: Canceled
	at new c (/usr/lib/code-server/lib/vscode/out/vs/workbench/api/node/extensionHostProcess.js:107:57324)
	at i.O (/usr/lib/code-server/lib/vscode/out/vs/workbench/api/node/extensionHostProcess.js:116:10819)
	at N.<computed>.z.charCodeAt.N.<computed> (/usr/lib/code-server/lib/vscode/out/vs/workbench/api/node/extensionHostProcess.js:116:8258)
	at a.g (/usr/lib/code-server/lib/vscode/out/vs/workbench/api/node/extensionHostProcess.js:107:82935)
	at a.executeCommand (/usr/lib/code-server/lib/vscode/out/vs/workbench/api/node/extensionHostProcess.js:107:82359)
	at A.registerCommand.description (/usr/lib/code-server/lib/vscode/out/vs/workbench/api/node/extensionHostProcess.js:107:81666)
	at a.h (/usr/lib/code-server/lib/vscode/out/vs/workbench/api/node/extensionHostProcess.js:107:83471)
	at a.g (/usr/lib/code-server/lib/vscode/out/vs/workbench/api/node/extensionHostProcess.js:107:82459)
	at a.executeCommand (/usr/lib/code-server/lib/vscode/out/vs/workbench/api/node/extensionHostProcess.js:107:82359)
	at Object.executeCommand (/usr/lib/code-server/lib/vscode/out/vs/workbench/api/node/extensionHostProcess.js:122:21215)
	at set b [as b] (/usr/lib/code-server/lib/vscode/extensions/github/dist/extension.js:2:714434)
	at /usr/lib/code-server/lib/vscode/extensions/github/dist/extension.js:2:715075
	at n.value (/usr/lib/code-server/lib/vscode/extensions/git/dist/main.js:2:1396602)
	at b.w (/usr/lib/code-server/lib/vscode/out/vs/workbench/api/node/extensionHostProcess.js:63:1918)
	at b.x (/usr/lib/code-server/lib/vscode/out/vs/workbench/api/node/extensionHostProcess.js:63:1988)
	at b.fire (/usr/lib/code-server/lib/vscode/out/vs/workbench/api/node/extensionHostProcess.js:63:2204)
	at Object.m [as dispose] (/usr/lib/code-server/lib/vscode/extensions/git/dist/main.js:2:1324784)
	at /usr/lib/code-server/lib/vscode/extensions/git/dist/main.js:2:1329625
	at Array.forEach (<anonymous>)
	at g.dispose (/usr/lib/code-server/lib/vscode/extensions/git/dist/main.js:2:1329611)
	at r.<anonymous> (/usr/lib/code-server/lib/vscode/out/vs/workbench/api/node/extensionHostProcess.js:103:4254)
	at r.dispose (/usr/lib/code-server/lib/vscode/out/vs/workbench/api/node/extensionHostProcess.js:103:4389)
	at r.<anonymous> (/usr/lib/code-server/lib/vscode/extensions/git/dist/main.js:2:1311012)
	at r.dispose (/usr/lib/code-server/lib/vscode/out/vs/workbench/api/node/extensionHostProcess.js:103:4389)
	at k (/usr/lib/code-server/lib/vscode/out/vs/workbench/api/node/extensionHostProcess.js:13:11733)
	at l.Z (/usr/lib/code-server/lib/vscode/out/vs/workbench/api/node/extensionHostProcess.js:118:10421)
	at /usr/lib/code-server/lib/vscode/out/vs/workbench/api/node/extensionHostProcess.js:118:8337
	at Array.map (<anonymous>)
	at l.S (/usr/lib/code-server/lib/vscode/out/vs/workbench/api/node/extensionHostProcess.js:118:8324)
	at l.terminate (/usr/lib/code-server/lib/vscode/out/vs/workbench/api/node/extensionHostProcess.js:118:8597)
	at o.terminate (/usr/lib/code-server/lib/vscode/out/vs/workbench/api/node/extensionHostProcess.js:122:1513)
	at t (/usr/lib/code-server/lib/vscode/out/vs/workbench/api/node/extensionHostProcess.js:135:9800)
	at n.value (/usr/lib/code-server/lib/vscode/out/vs/workbench/api/node/extensionHostProcess.js:135:7846)
	at b.w (/usr/lib/code-server/lib/vscode/out/vs/workbench/api/node/extensionHostProcess.js:63:1918)
	at b.fire (/usr/lib/code-server/lib/vscode/out/vs/workbench/api/node/extensionHostProcess.js:63:2135)
	at v.fire (/usr/lib/code-server/lib/vscode/out/vs/workbench/api/node/extensionHostProcess.js:75:13884)
	at s.z (/usr/lib/code-server/lib/vscode/out/vs/workbench/api/node/extensionHostProcess.js:75:16929)
	at n.value (/usr/lib/code-server/lib/vscode/out/vs/workbench/api/node/extensionHostProcess.js:75:15381)
	at b.w (/usr/lib/code-server/lib/vscode/out/vs/workbench/api/node/extensionHostProcess.js:63:1918)
	at b.fire (/usr/lib/code-server/lib/vscode/out/vs/workbench/api/node/extensionHostProcess.js:63:2135)
	at n.acceptChunk (/usr/lib/code-server/lib/vscode/out/vs/workbench/api/node/extensionHostProcess.js:75:11658)
	at n.value (/usr/lib/code-server/lib/vscode/out/vs/workbench/api/node/extensionHostProcess.js:75:10945)
	at b.w (/usr/lib/code-server/lib/vscode/out/vs/workbench/api/node/extensionHostProcess.js:63:1918)
	at b.fire (/usr/lib/code-server/lib/vscode/out/vs/workbench/api/node/extensionHostProcess.js:63:2135)
	at b.u (/usr/lib/code-server/lib/vscode/out/vs/workbench/api/node/extensionHostProcess.js:132:19063) setContext undefined
2024-12-19 06:12:02.302 [info] Eager extensions activated
2024-12-19 06:12:02.303 [info] ExtensionService#_doActivateExtension vscode.debug-auto-launch, startup: false, activationEvent: 'onStartupFinished'
2024-12-19 06:12:02.303 [info] ExtensionService#_doActivateExtension vscode.merge-conflict, startup: false, activationEvent: 'onStartupFinished'
2024-12-19 06:12:02.336 [error] Activating extension vscode.debug-auto-launch failed due to an error:
2024-12-19 06:12:02.336 [error] Canceled: Canceled
	at new c (/usr/lib/code-server/lib/vscode/out/vs/workbench/api/node/extensionHostProcess.js:107:57324)
	at i.O (/usr/lib/code-server/lib/vscode/out/vs/workbench/api/node/extensionHostProcess.js:116:10819)
	at N.<computed>.z.charCodeAt.N.<computed> (/usr/lib/code-server/lib/vscode/out/vs/workbench/api/node/extensionHostProcess.js:116:8258)
	at R.initializeExtensionStorage (/usr/lib/code-server/lib/vscode/out/vs/workbench/api/node/extensionHostProcess.js:109:138164)
	at new F (/usr/lib/code-server/lib/vscode/out/vs/workbench/api/node/extensionHostProcess.js:99:12332)
	at new c (/usr/lib/code-server/lib/vscode/out/vs/workbench/api/node/extensionHostProcess.js:99:13207)
	at l.cb (/usr/lib/code-server/lib/vscode/out/vs/workbench/api/node/extensionHostProcess.js:118:11782)
	at l.bb (/usr/lib/code-server/lib/vscode/out/vs/workbench/api/node/extensionHostProcess.js:118:11557)
	at l.$ (/usr/lib/code-server/lib/vscode/out/vs/workbench/api/node/extensionHostProcess.js:118:10722)
	at Object.actualActivateExtension (/usr/lib/code-server/lib/vscode/out/vs/workbench/api/node/extensionHostProcess.js:118:7853)
	at E.n (/usr/lib/code-server/lib/vscode/out/vs/workbench/api/node/extensionHostProcess.js:107:6209)
	at E.m (/usr/lib/code-server/lib/vscode/out/vs/workbench/api/node/extensionHostProcess.js:107:6170)
	at E.l (/usr/lib/code-server/lib/vscode/out/vs/workbench/api/node/extensionHostProcess.js:107:5627)
	at new E (/usr/lib/code-server/lib/vscode/out/vs/workbench/api/node/extensionHostProcess.js:107:5554)
	at D.k (/usr/lib/code-server/lib/vscode/out/vs/workbench/api/node/extensionHostProcess.js:107:5107)
	at D.j (/usr/lib/code-server/lib/vscode/out/vs/workbench/api/node/extensionHostProcess.js:107:5062)
	at /usr/lib/code-server/lib/vscode/out/vs/workbench/api/node/extensionHostProcess.js:107:4029
	at Array.map (<anonymous>)
	at D.h (/usr/lib/code-server/lib/vscode/out/vs/workbench/api/node/extensionHostProcess.js:107:4017)
	at D.activateById (/usr/lib/code-server/lib/vscode/out/vs/workbench/api/node/extensionHostProcess.js:107:3929)
	at l.W (/usr/lib/code-server/lib/vscode/out/vs/workbench/api/node/extensionHostProcess.js:118:9144)
	at l.fb (/usr/lib/code-server/lib/vscode/out/vs/workbench/api/node/extensionHostProcess.js:118:14009)
	at /usr/lib/code-server/lib/vscode/out/vs/workbench/api/node/extensionHostProcess.js:118:14691
2024-12-19 06:12:02.336 [error] Activating extension vscode.merge-conflict failed due to an error:
2024-12-19 06:12:02.336 [error] Canceled: Canceled
	at new c (/usr/lib/code-server/lib/vscode/out/vs/workbench/api/node/extensionHostProcess.js:107:57324)
	at i.O (/usr/lib/code-server/lib/vscode/out/vs/workbench/api/node/extensionHostProcess.js:116:10819)
	at N.<computed>.z.charCodeAt.N.<computed> (/usr/lib/code-server/lib/vscode/out/vs/workbench/api/node/extensionHostProcess.js:116:8258)
	at R.initializeExtensionStorage (/usr/lib/code-server/lib/vscode/out/vs/workbench/api/node/extensionHostProcess.js:109:138164)
	at new F (/usr/lib/code-server/lib/vscode/out/vs/workbench/api/node/extensionHostProcess.js:99:12332)
	at new c (/usr/lib/code-server/lib/vscode/out/vs/workbench/api/node/extensionHostProcess.js:99:13207)
	at l.cb (/usr/lib/code-server/lib/vscode/out/vs/workbench/api/node/extensionHostProcess.js:118:11782)
	at l.bb (/usr/lib/code-server/lib/vscode/out/vs/workbench/api/node/extensionHostProcess.js:118:11557)
	at l.$ (/usr/lib/code-server/lib/vscode/out/vs/workbench/api/node/extensionHostProcess.js:118:10722)
	at Object.actualActivateExtension (/usr/lib/code-server/lib/vscode/out/vs/workbench/api/node/extensionHostProcess.js:118:7853)
	at E.n (/usr/lib/code-server/lib/vscode/out/vs/workbench/api/node/extensionHostProcess.js:107:6209)
	at E.m (/usr/lib/code-server/lib/vscode/out/vs/workbench/api/node/extensionHostProcess.js:107:6170)
	at E.l (/usr/lib/code-server/lib/vscode/out/vs/workbench/api/node/extensionHostProcess.js:107:5627)
	at new E (/usr/lib/code-server/lib/vscode/out/vs/workbench/api/node/extensionHostProcess.js:107:5554)
	at D.k (/usr/lib/code-server/lib/vscode/out/vs/workbench/api/node/extensionHostProcess.js:107:5107)
	at D.j (/usr/lib/code-server/lib/vscode/out/vs/workbench/api/node/extensionHostProcess.js:107:5062)
	at /usr/lib/code-server/lib/vscode/out/vs/workbench/api/node/extensionHostProcess.js:107:4029
	at Array.map (<anonymous>)
	at D.h (/usr/lib/code-server/lib/vscode/out/vs/workbench/api/node/extensionHostProcess.js:107:4017)
	at D.activateById (/usr/lib/code-server/lib/vscode/out/vs/workbench/api/node/extensionHostProcess.js:107:3929)
	at l.W (/usr/lib/code-server/lib/vscode/out/vs/workbench/api/node/extensionHostProcess.js:118:9144)
	at l.fb (/usr/lib/code-server/lib/vscode/out/vs/workbench/api/node/extensionHostProcess.js:118:14009)
	at /usr/lib/code-server/lib/vscode/out/vs/workbench/api/node/extensionHostProcess.js:118:14691
2024-12-19 06:12:07.288 [info] Extension host with pid 39653 exiting with code 0
