2024-12-17 14:27:30.316 [info] Log level: Info
2024-12-17 14:27:30.316 [info] Validating found git in: "git"
2024-12-17 14:27:30.316 [info] Using git "2.34.1" from "git"
2024-12-17 14:27:30.316 [info] > git rev-parse --show-toplevel [118ms]
2024-12-17 14:27:30.316 [info] > git rev-parse --git-dir --git-common-dir [2ms]
2024-12-17 14:27:30.316 [info] Open repository: /home/jovyan
2024-12-17 14:27:30.316 [info] > git config --get commit.template [11ms]
2024-12-17 14:27:30.316 [info] > git rev-parse --show-toplevel [3ms]
2024-12-17 14:27:30.316 [info] No remotes found in the git config file.
2024-12-17 14:27:30.316 [info] > git for-each-ref --format=%(refname)%00%(upstream:short)%00%(objectname)%00%(upstream:track)%00%(upstream:remotename)%00%(upstream:remoteref) refs/heads/main refs/remotes/main [10ms]
2024-12-17 14:27:30.316 [info] > git rev-parse --show-toplevel [11ms]
2024-12-17 14:27:30.316 [info] > git rev-parse --show-toplevel [48ms]
2024-12-17 14:27:30.316 [info] > git rev-parse --show-toplevel [4ms]
2024-12-17 14:27:30.316 [info] > git status -z -uall [92ms]
2024-12-17 14:27:30.316 [info] > git rev-parse --show-toplevel [2ms]
2024-12-17 14:27:30.316 [info] > git config --get commit.template [12ms]
2024-12-17 14:27:30.316 [info] > git rev-parse --show-toplevel [23ms]
2024-12-17 14:27:30.316 [info] No remotes found in the git config file.
2024-12-17 14:27:30.316 [info] > git rev-parse --show-toplevel [23ms]
2024-12-17 14:27:30.316 [info] > git for-each-ref --format=%(refname)%00%(upstream:short)%00%(objectname)%00%(upstream:track)%00%(upstream:remotename)%00%(upstream:remoteref) refs/heads/main refs/remotes/main [2ms]
2024-12-17 14:27:30.316 [info] > git rev-parse --show-toplevel [6ms]
2024-12-17 14:27:30.338 [info] > git rev-parse --show-toplevel [22ms]
2024-12-17 14:27:30.351 [info] > git status -z -uall [64ms]
2024-12-17 14:27:30.352 [info] > git rev-parse --show-toplevel [3ms]
2024-12-17 14:27:31.815 [info] > git check-ignore -v -z --stdin [20ms]
2024-12-17 14:27:33.139 [info] > git show --textconv :Internal/models/example/college_leads.sql [15ms]
2024-12-17 14:27:33.140 [info] > git ls-files --stage -- /home/jovyan/Internal/models/example/college_leads.sql [3ms]
