2024-12-17 16:53:32.959 [info] Log level: Info
2024-12-17 16:53:32.959 [info] Validating found git in: "git"
2024-12-17 16:53:32.959 [info] Using git "2.34.1" from "git"
2024-12-17 16:53:32.959 [info] > git rev-parse --show-toplevel [5ms]
2024-12-17 16:53:32.959 [info] > git rev-parse --git-dir --git-common-dir [20ms]
2024-12-17 16:53:32.959 [info] Open repository: /home/jovyan
2024-12-17 16:53:32.959 [info] > git config --get commit.template [18ms]
2024-12-17 16:53:32.959 [info] > git rev-parse --show-toplevel [6ms]
2024-12-17 16:53:32.959 [info] No remotes found in the git config file.
2024-12-17 16:53:32.959 [info] > git for-each-ref --format=%(refname)%00%(upstream:short)%00%(objectname)%00%(upstream:track)%00%(upstream:remotename)%00%(upstream:remoteref) refs/heads/main refs/remotes/main [19ms]
2024-12-17 16:53:32.959 [info] > git rev-parse --show-toplevel [23ms]
2024-12-17 16:53:32.959 [info] > git rev-parse --show-toplevel [2ms]
2024-12-17 16:53:32.959 [info] > git rev-parse --show-toplevel [5ms]
2024-12-17 16:53:32.959 [info] > git rev-parse --show-toplevel [26ms]
2024-12-17 16:53:32.959 [info] > git status -z -uall [93ms]
2024-12-17 16:53:32.959 [info] > git config --get commit.template [24ms]
2024-12-17 16:53:32.959 [info] > git rev-parse --show-toplevel [46ms]
2024-12-17 16:53:32.959 [info] No remotes found in the git config file.
2024-12-17 16:53:32.959 [info] > git rev-parse --show-toplevel [20ms]
2024-12-17 16:53:32.959 [info] > git for-each-ref --format=%(refname)%00%(upstream:short)%00%(objectname)%00%(upstream:track)%00%(upstream:remotename)%00%(upstream:remoteref) refs/heads/main refs/remotes/main [21ms]
2024-12-17 16:53:32.959 [info] > git rev-parse --show-toplevel [23ms]
2024-12-17 16:53:32.959 [info] > git rev-parse --show-toplevel [2ms]
2024-12-17 16:53:32.960 [info] > git rev-parse --show-toplevel [5ms]
2024-12-17 16:53:32.960 [info] > git status -z -uall [99ms]
2024-12-17 16:53:33.527 [info] > git check-ignore -v -z --stdin [3ms]
2024-12-17 16:53:34.206 [info] > git show --textconv :Internal/models/silver/gen.py [37ms]
2024-12-17 16:53:34.208 [info] > git ls-files --stage -- /home/jovyan/Internal/models/silver/gen.py [3ms]
2024-12-17 16:54:28.526 [info] > git check-ignore -v -z --stdin [1ms]
2024-12-17 16:54:29.297 [info] > git check-ignore -v -z --stdin [1ms]
2024-12-17 16:54:32.129 [info] > git show --textconv :Internal/silver_bus.sql [16ms]
2024-12-17 16:54:32.132 [info] > git ls-files --stage -- /home/jovyan/Internal/silver_bus.sql [4ms]
2024-12-17 16:54:35.452 [info] > git check-ignore -v -z --stdin [2ms]
2024-12-17 16:54:41.981 [info] > git show --textconv :Internal/silver_studentremark.sql [13ms]
2024-12-17 16:54:41.983 [info] > git ls-files --stage -- /home/jovyan/Internal/silver_studentremark.sql [2ms]
2024-12-17 16:54:49.944 [info] > git check-ignore -v -z --stdin [1ms]
2024-12-17 16:55:07.836 [info] > git check-ignore -v -z --stdin [1ms]
2024-12-17 16:55:12.942 [info] > git show --textconv :Internal/models/silver/silver_studentremark.sql [12ms]
2024-12-17 16:55:12.943 [info] > git ls-files --stage -- /home/jovyan/Internal/models/silver/silver_studentremark.sql [2ms]
2024-12-17 16:55:13.162 [info] > git check-ignore -v -z --stdin [2ms]
2024-12-17 16:55:14.131 [info] > git check-ignore -v -z --stdin [2ms]
2024-12-17 16:55:18.160 [info] > git check-ignore -v -z --stdin [2ms]
2024-12-17 16:55:19.379 [info] > git check-ignore -v -z --stdin [1ms]
2024-12-17 16:55:23.157 [info] > git check-ignore -v -z --stdin [2ms]
2024-12-17 16:55:24.139 [info] > git check-ignore -v -z --stdin [1ms]
2024-12-17 16:57:18.294 [info] No remotes found in the git config file.
2024-12-17 16:57:18.296 [info] > git config --get commit.template [14ms]
2024-12-17 16:57:18.296 [info] > git for-each-ref --format=%(refname)%00%(upstream:short)%00%(objectname)%00%(upstream:track)%00%(upstream:remotename)%00%(upstream:remoteref) refs/heads/main refs/remotes/main [3ms]
2024-12-17 16:57:18.355 [info] > git status -z -uall [46ms]
2024-12-17 16:57:23.507 [info] No remotes found in the git config file.
2024-12-17 16:57:23.508 [info] > git config --get commit.template [15ms]
2024-12-17 16:57:23.508 [info] > git for-each-ref --format=%(refname)%00%(upstream:short)%00%(objectname)%00%(upstream:track)%00%(upstream:remotename)%00%(upstream:remoteref) refs/heads/main refs/remotes/main [2ms]
2024-12-17 16:57:23.563 [info] > git status -z -uall [39ms]
2024-12-17 16:57:33.454 [info] > git show --textconv :Internal/models/silver/silver_classsubject.sql [17ms]
2024-12-17 16:57:33.455 [info] > git ls-files --stage -- /home/jovyan/Internal/models/silver/silver_classsubject.sql [2ms]
2024-12-17 16:58:03.955 [info] > git show --textconv :Internal/models/silver/silver_country.sql [13ms]
2024-12-17 16:58:03.958 [info] > git ls-files --stage -- /home/jovyan/Internal/models/silver/silver_country.sql [4ms]
2024-12-17 16:58:04.976 [info] > git show --textconv :Internal/models/silver/silver_classsubject.sql [13ms]
2024-12-17 16:58:04.977 [info] > git ls-files --stage -- /home/jovyan/Internal/models/silver/silver_classsubject.sql [3ms]
2024-12-17 16:58:31.900 [info] No remotes found in the git config file.
2024-12-17 16:58:31.902 [info] > git config --get commit.template [14ms]
2024-12-17 16:58:31.902 [info] > git for-each-ref --format=%(refname)%00%(upstream:short)%00%(objectname)%00%(upstream:track)%00%(upstream:remotename)%00%(upstream:remoteref) refs/heads/main refs/remotes/main [3ms]
2024-12-17 16:58:31.958 [info] > git status -z -uall [44ms]
2024-12-17 17:01:10.774 [info] No remotes found in the git config file.
2024-12-17 17:01:10.775 [info] > git config --get commit.template [15ms]
2024-12-17 17:01:10.776 [info] > git for-each-ref --format=%(refname)%00%(upstream:short)%00%(objectname)%00%(upstream:track)%00%(upstream:remotename)%00%(upstream:remoteref) refs/heads/main refs/remotes/main [3ms]
2024-12-17 17:01:10.838 [info] > git status -z -uall [49ms]
2024-12-17 17:01:15.971 [info] > git config --get commit.template [1ms]
2024-12-17 17:01:15.984 [info] No remotes found in the git config file.
2024-12-17 17:01:15.985 [info] > git for-each-ref --format=%(refname)%00%(upstream:short)%00%(objectname)%00%(upstream:track)%00%(upstream:remotename)%00%(upstream:remoteref) refs/heads/main refs/remotes/main [1ms]
2024-12-17 17:01:16.036 [info] > git status -z -uall [37ms]
2024-12-17 17:01:21.164 [info] No remotes found in the git config file.
2024-12-17 17:01:21.165 [info] > git config --get commit.template [19ms]
2024-12-17 17:01:21.166 [info] > git for-each-ref --format=%(refname)%00%(upstream:short)%00%(objectname)%00%(upstream:track)%00%(upstream:remotename)%00%(upstream:remoteref) refs/heads/main refs/remotes/main [2ms]
2024-12-17 17:01:21.218 [info] > git status -z -uall [35ms]
2024-12-17 17:01:22.687 [info] > git check-ignore -v -z --stdin [2ms]
2024-12-17 17:01:23.257 [info] > git show --textconv :Internal/models/silver/college_leads.sql [20ms]
2024-12-17 17:01:23.259 [info] > git ls-files --stage -- /home/jovyan/Internal/models/silver/college_leads.sql [3ms]
2024-12-17 17:01:23.300 [info] > git show --textconv :Internal/models/gold/dim_customers.sql [21ms]
2024-12-17 17:01:23.301 [info] > git ls-files --stage -- /home/jovyan/Internal/models/gold/dim_customers.sql [2ms]
2024-12-17 17:01:26.350 [info] No remotes found in the git config file.
2024-12-17 17:01:26.351 [info] > git config --get commit.template [18ms]
2024-12-17 17:01:26.352 [info] > git for-each-ref --format=%(refname)%00%(upstream:short)%00%(objectname)%00%(upstream:track)%00%(upstream:remotename)%00%(upstream:remoteref) refs/heads/main refs/remotes/main [2ms]
2024-12-17 17:01:26.406 [info] > git status -z -uall [36ms]
2024-12-17 17:01:54.223 [info] > git show --textconv :Internal/models/silver/silver_generalstudent.sql [14ms]
2024-12-17 17:01:54.225 [info] > git ls-files --stage -- /home/jovyan/Internal/models/silver/silver_generalstudent.sql [3ms]
2024-12-17 17:02:17.272 [info] > git show --textconv :Internal/models/silver/sources.yml [15ms]
2024-12-17 17:02:17.274 [info] > git ls-files --stage -- /home/jovyan/Internal/models/silver/sources.yml [3ms]
2024-12-17 17:03:16.086 [info] > git check-ignore -v -z --stdin [2ms]
2024-12-17 17:03:16.329 [info] > git show --textconv :Internal/models/silver/airbyte_raw_studentdetail.sql [16ms]
2024-12-17 17:03:16.331 [info] > git ls-files --stage -- /home/jovyan/Internal/models/silver/airbyte_raw_studentdetail.sql [3ms]
2024-12-17 17:03:32.910 [info] No remotes found in the git config file.
2024-12-17 17:03:32.911 [info] > git for-each-ref --format=%(refname)%00%(upstream:short)%00%(objectname)%00%(upstream:track)%00%(upstream:remotename)%00%(upstream:remoteref) refs/heads/main refs/remotes/main [3ms]
2024-12-17 17:03:32.912 [info] > git config --get commit.template [18ms]
2024-12-17 17:03:32.967 [info] > git status -z -uall [42ms]
2024-12-17 17:03:34.420 [info] > git check-ignore -v -z --stdin [2ms]
2024-12-17 17:03:35.291 [info] > git show --textconv :Internal/models/silver/silver_studentdetail.sql [14ms]
2024-12-17 17:03:35.292 [info] > git ls-files --stage -- /home/jovyan/Internal/models/silver/silver_studentdetail.sql [2ms]
2024-12-17 17:04:55.394 [info] > git check-ignore -v -z --stdin [1ms]
2024-12-17 17:04:55.637 [info] > git show --textconv :Internal/models/silver/silver_ayear.sql [18ms]
2024-12-17 17:04:55.637 [info] > git ls-files --stage -- /home/jovyan/Internal/models/silver/silver_ayear.sql [3ms]
2024-12-17 17:05:46.436 [info] > git check-ignore -v -z --stdin [1ms]
2024-12-17 17:05:46.677 [info] > git show --textconv :Internal/models/silver/silver_batch.sql [16ms]
2024-12-17 17:05:46.678 [info] > git ls-files --stage -- /home/jovyan/Internal/models/silver/silver_batch.sql [2ms]
2024-12-17 17:07:51.794 [info] No remotes found in the git config file.
2024-12-17 17:07:51.795 [info] > git config --get commit.template [14ms]
2024-12-17 17:07:51.796 [info] > git for-each-ref --format=%(refname)%00%(upstream:short)%00%(objectname)%00%(upstream:track)%00%(upstream:remotename)%00%(upstream:remoteref) refs/heads/main refs/remotes/main [3ms]
2024-12-17 17:07:51.850 [info] > git status -z -uall [42ms]
2024-12-17 17:07:56.990 [info] No remotes found in the git config file.
2024-12-17 17:07:56.992 [info] > git config --get commit.template [15ms]
2024-12-17 17:07:56.992 [info] > git for-each-ref --format=%(refname)%00%(upstream:short)%00%(objectname)%00%(upstream:track)%00%(upstream:remotename)%00%(upstream:remoteref) refs/heads/main refs/remotes/main [2ms]
2024-12-17 17:07:57.044 [info] > git status -z -uall [37ms]
2024-12-17 17:09:41.725 [info] No remotes found in the git config file.
2024-12-17 17:09:41.727 [info] > git config --get commit.template [14ms]
2024-12-17 17:09:41.727 [info] > git for-each-ref --format=%(refname)%00%(upstream:short)%00%(objectname)%00%(upstream:track)%00%(upstream:remotename)%00%(upstream:remoteref) refs/heads/main refs/remotes/main [2ms]
2024-12-17 17:09:41.782 [info] > git status -z -uall [42ms]
2024-12-17 17:09:46.895 [info] > git config --get commit.template [1ms]
2024-12-17 17:09:46.896 [info] No remotes found in the git config file.
2024-12-17 17:09:46.912 [info] > git for-each-ref --format=%(refname)%00%(upstream:short)%00%(objectname)%00%(upstream:track)%00%(upstream:remotename)%00%(upstream:remoteref) refs/heads/main refs/remotes/main [2ms]
2024-12-17 17:09:46.964 [info] > git status -z -uall [39ms]
2024-12-17 17:09:52.093 [info] No remotes found in the git config file.
2024-12-17 17:09:52.094 [info] > git config --get commit.template [17ms]
2024-12-17 17:09:52.094 [info] > git for-each-ref --format=%(refname)%00%(upstream:short)%00%(objectname)%00%(upstream:track)%00%(upstream:remotename)%00%(upstream:remoteref) refs/heads/main refs/remotes/main [2ms]
2024-12-17 17:09:52.146 [info] > git status -z -uall [37ms]
2024-12-17 17:09:57.274 [info] No remotes found in the git config file.
2024-12-17 17:09:57.276 [info] > git config --get commit.template [19ms]
2024-12-17 17:09:57.276 [info] > git for-each-ref --format=%(refname)%00%(upstream:short)%00%(objectname)%00%(upstream:track)%00%(upstream:remotename)%00%(upstream:remoteref) refs/heads/main refs/remotes/main [2ms]
2024-12-17 17:09:57.338 [info] > git status -z -uall [46ms]
2024-12-17 17:12:34.075 [info] > git show --textconv :Internal/models/silver/silver_bus.sql [17ms]
2024-12-17 17:12:34.077 [info] > git ls-files --stage -- /home/jovyan/Internal/models/silver/silver_bus.sql [2ms]
2024-12-17 17:13:18.700 [info] No remotes found in the git config file.
2024-12-17 17:13:18.701 [info] > git config --get commit.template [17ms]
2024-12-17 17:13:18.702 [info] > git for-each-ref --format=%(refname)%00%(upstream:short)%00%(objectname)%00%(upstream:track)%00%(upstream:remotename)%00%(upstream:remoteref) refs/heads/main refs/remotes/main [3ms]
2024-12-17 17:13:18.757 [info] > git status -z -uall [43ms]
