2024-12-18 09:58:40.001 [info] Extension host with pid 127 started
2024-12-18 09:58:40.013 [info] Lock '/home/jovyan/.local/share/code-server/User/workspaceStorage/6c70868d/vscode.lock': Lock acquired.
2024-12-18 09:58:40.298 [info] ExtensionService#_doActivateExtension vscode.tunnel-forwarding, startup: false, activationEvent: 'onTunnel'
2024-12-18 09:58:40.563 [info] ExtensionService#_doActivateExtension vscode.git-base, startup: true, activationEvent: '*', root cause: vscode.git
2024-12-18 09:58:40.825 [info] ExtensionService#_doActivateExtension vscode.git, startup: true, activationEvent: '*'
2024-12-18 09:58:40.825 [info] ExtensionService#_doActivateExtension vscode.github, startup: true, activationEvent: '*'
2024-12-18 09:58:41.370 [info] Eager extensions activated
2024-12-18 09:58:41.371 [info] ExtensionService#_doActivateExtension vscode.debug-auto-launch, startup: false, activationEvent: 'onStartupFinished'
2024-12-18 09:58:41.371 [info] ExtensionService#_doActivateExtension vscode.merge-conflict, startup: false, activationEvent: 'onStartupFinished'
2024-12-18 10:01:08.052 [info] ExtensionService#_doActivateExtension ms-python.debugpy, startup: false, activationEvent: 'onLanguage:python'
2024-12-18 10:01:08.053 [info] ExtensionService#_doActivateExtension ms-python.python, startup: false, activationEvent: 'onLanguage:python'
2024-12-18 10:01:08.053 [info] ExtensionService#_doActivateExtension ms-toolsai.jupyter, startup: false, activationEvent: 'onLanguage:python'
2024-12-18 10:01:08.053 [info] ExtensionService#_doActivateExtension vscode.emmet, startup: false, activationEvent: 'onLanguage'
2024-12-18 10:01:09.785 [info] ExtensionService#_doActivateExtension ms-toolsai.jupyter-renderers, startup: false, activationEvent: 'api', root cause: ms-toolsai.jupyter
2024-12-18 10:01:11.798 [error] Error: Module 'pip' not installed.
	at Jd.execModule (/home/jovyan/.local/share/code-server/extensions/ms-toolsai.jupyter-2023.7.100-universal/out/extension.node.js:7:40513)
	at async Ed.getPackageInformation (/home/jovyan/.local/share/code-server/extensions/ms-toolsai.jupyter-2023.7.100-universal/out/extension.node.js:7:31745)
2024-12-18 10:02:18.262 [info] Extension host terminating: received terminate message from renderer
2024-12-18 10:02:18.263 [info] Lock '/home/jovyan/.local/share/code-server/User/workspaceStorage/6c70868d/vscode.lock': Marking the lockfile as scheduled to be released in 6000 ms.
2024-12-18 10:02:23.291 [info] Extension host with pid 127 exiting with code 0
