2024-12-16 12:01:35.785 [info] Extension host with pid 127 started
2024-12-16 12:01:35.798 [info] Lock '/home/jovyan/.local/share/code-server/User/workspaceStorage/-b0fa7f7/vscode.lock': Lock acquired.
2024-12-16 12:01:36.089 [info] ExtensionService#_doActivateExtension vscode.git-base, startup: true, activationEvent: '*', root cause: vscode.git
2024-12-16 12:01:36.360 [info] ExtensionService#_doActivateExtension vscode.git, startup: true, activationEvent: '*'
2024-12-16 12:01:36.360 [info] ExtensionService#_doActivateExtension vscode.github, startup: true, activationEvent: '*'
2024-12-16 12:01:36.861 [info] Eager extensions activated
2024-12-16 12:01:36.861 [info] ExtensionService#_doActivateExtension vscode.debug-auto-launch, startup: false, activationEvent: 'onStartupFinished'
2024-12-16 12:01:36.862 [info] ExtensionService#_doActivateExtension vscode.merge-conflict, startup: false, activationEvent: 'onStartupFinished'
2024-12-16 12:05:14.021 [info] ExtensionService#_doActivateExtension vscode.emmet, startup: false, activationEvent: 'onLanguage'
2024-12-16 12:05:56.405 [info] ExtensionService#_doActivateExtension vscode.ipynb, startup: false, activationEvent: 'onCommand:ipynb.newUntitledIpynb'
2024-12-16 12:05:57.740 [info] ExtensionService#_doActivateExtension ms-toolsai.jupyter, startup: false, activationEvent: 'onNotebook:jupyter-notebook'
2024-12-16 12:05:57.741 [info] ExtensionService#_doActivateExtension ms-toolsai.vscode-jupyter-cell-tags, startup: false, activationEvent: 'onNotebook:jupyter-notebook'
2024-12-16 12:05:57.741 [info] ExtensionService#_doActivateExtension ms-toolsai.vscode-jupyter-slideshow, startup: false, activationEvent: 'onNotebook:jupyter-notebook'
2024-12-16 12:05:58.871 [info] ExtensionService#_doActivateExtension ms-python.python, startup: false, activationEvent: 'api', root cause: ms-toolsai.jupyter
2024-12-16 12:05:58.907 [info] ExtensionService#_doActivateExtension ms-toolsai.jupyter-renderers, startup: false, activationEvent: 'api', root cause: ms-toolsai.jupyter
2024-12-16 12:06:01.941 [info] ExtensionService#_doActivateExtension vscode.tunnel-forwarding, startup: false, activationEvent: 'onTunnel'
2024-12-16 12:06:02.452 [error] Error: Module 'pip' not installed.
	at Jd.execModule (/home/jovyan/.local/share/code-server/extensions/ms-toolsai.jupyter-2023.7.100-universal/out/extension.node.js:7:40513)
	at async Ed.getPackageInformation (/home/jovyan/.local/share/code-server/extensions/ms-toolsai.jupyter-2023.7.100-universal/out/extension.node.js:7:31745)
2024-12-16 12:06:40.369 [error] Error: Module 'pip' not installed.
	at Jd.execModule (/home/jovyan/.local/share/code-server/extensions/ms-toolsai.jupyter-2023.7.100-universal/out/extension.node.js:7:40513)
	at process.processTicksAndRejections (node:internal/process/task_queues:95:5)
	at async Ed.getPackageInformation (/home/jovyan/.local/share/code-server/extensions/ms-toolsai.jupyter-2023.7.100-universal/out/extension.node.js:7:31745)
2024-12-16 12:06:48.130 [info] Extension host terminating: received terminate message from renderer
2024-12-16 12:06:48.131 [info] Lock '/home/jovyan/.local/share/code-server/User/workspaceStorage/-b0fa7f7/vscode.lock': Marking the lockfile as scheduled to be released in 6000 ms.
2024-12-16 12:06:48.167 [error] Canceled: Canceled
	at Object.C [as $4] (/usr/lib/code-server/lib/vscode/out/vs/workbench/api/node/extensionHostProcess.js:10:1032)
	at /usr/lib/code-server/lib/vscode/out/vs/workbench/api/node/extensionHostProcess.js:116:7616
	at Array.forEach (<anonymous>)
	at i.dispose (/usr/lib/code-server/lib/vscode/out/vs/workbench/api/node/extensionHostProcess.js:116:7581)
	at l.terminate (/usr/lib/code-server/lib/vscode/out/vs/workbench/api/node/extensionHostProcess.js:118:8573)
	at o.terminate (/usr/lib/code-server/lib/vscode/out/vs/workbench/api/node/extensionHostProcess.js:122:1513)
	at t (/usr/lib/code-server/lib/vscode/out/vs/workbench/api/node/extensionHostProcess.js:135:9800)
	at n.value (/usr/lib/code-server/lib/vscode/out/vs/workbench/api/node/extensionHostProcess.js:135:7846)
	at b.w (/usr/lib/code-server/lib/vscode/out/vs/workbench/api/node/extensionHostProcess.js:63:1918)
	at b.fire (/usr/lib/code-server/lib/vscode/out/vs/workbench/api/node/extensionHostProcess.js:63:2135)
	at v.fire (/usr/lib/code-server/lib/vscode/out/vs/workbench/api/node/extensionHostProcess.js:75:13884)
	at s.z (/usr/lib/code-server/lib/vscode/out/vs/workbench/api/node/extensionHostProcess.js:75:16929)
	at n.value (/usr/lib/code-server/lib/vscode/out/vs/workbench/api/node/extensionHostProcess.js:75:15381)
	at b.w (/usr/lib/code-server/lib/vscode/out/vs/workbench/api/node/extensionHostProcess.js:63:1918)
	at b.fire (/usr/lib/code-server/lib/vscode/out/vs/workbench/api/node/extensionHostProcess.js:63:2135)
	at n.acceptChunk (/usr/lib/code-server/lib/vscode/out/vs/workbench/api/node/extensionHostProcess.js:75:11658)
	at n.value (/usr/lib/code-server/lib/vscode/out/vs/workbench/api/node/extensionHostProcess.js:75:10945)
	at b.w (/usr/lib/code-server/lib/vscode/out/vs/workbench/api/node/extensionHostProcess.js:63:1918)
	at b.fire (/usr/lib/code-server/lib/vscode/out/vs/workbench/api/node/extensionHostProcess.js:63:2135)
	at b.u (/usr/lib/code-server/lib/vscode/out/vs/workbench/api/node/extensionHostProcess.js:132:19063) ipynb.newUntitledIpynb {"value":"vscode.ipynb","_lower":"vscode.ipynb"}
2024-12-16 12:06:48.168 [error] Error: The kernel died. Error: /usr/bin/python3: No module named ipykernel_launcher... View Jupyter [log](command:jupyter.viewOutput) for further details.
	at ChildProcess.<anonymous> (/home/jovyan/.local/share/code-server/extensions/ms-toolsai.jupyter-2023.7.100-universal/out/extension.node.js:24:91039)
	at ChildProcess.emit (node:events:525:35)
	at ChildProcess._handle.onexit (node:internal/child_process:291:12)
2024-12-16 12:06:53.163 [info] Extension host with pid 127 exiting with code 0
