2024-12-17 16:29:36.211 [info] Log level: Info
2024-12-17 16:29:36.211 [info] Validating found git in: "git"
2024-12-17 16:29:36.211 [info] Using git "2.34.1" from "git"
2024-12-17 16:29:36.211 [info] > git rev-parse --show-toplevel [2ms]
2024-12-17 16:29:36.211 [info] > git rev-parse --git-dir --git-common-dir [2ms]
2024-12-17 16:29:36.211 [info] Open repository: /home/jovyan
2024-12-17 16:29:36.211 [info] > git config --get commit.template [11ms]
2024-12-17 16:29:36.211 [info] > git rev-parse --show-toplevel [13ms]
2024-12-17 16:29:36.211 [info] No remotes found in the git config file.
2024-12-17 16:29:36.211 [info] > git for-each-ref --format=%(refname)%00%(upstream:short)%00%(objectname)%00%(upstream:track)%00%(upstream:remotename)%00%(upstream:remoteref) refs/heads/main refs/remotes/main [9ms]
2024-12-17 16:29:36.211 [info] > git rev-parse --show-toplevel [670ms]
2024-12-17 16:29:36.211 [info] > git rev-parse --show-toplevel [6ms]
2024-12-17 16:29:36.211 [info] > git status -z -uall [822ms]
2024-12-17 16:29:36.211 [info] > git rev-parse --show-toplevel [119ms]
2024-12-17 16:29:37.020 [info] > git config --get commit.template [645ms]
2024-12-17 16:29:37.020 [info] > git rev-parse --show-toplevel [664ms]
2024-12-17 16:29:37.063 [info] No remotes found in the git config file.
2024-12-17 16:29:37.064 [info] > git rev-parse --show-toplevel [23ms]
2024-12-17 16:29:37.092 [info] > git for-each-ref --format=%(refname)%00%(upstream:short)%00%(objectname)%00%(upstream:track)%00%(upstream:remotename)%00%(upstream:remoteref) refs/heads/main refs/remotes/main [30ms]
2024-12-17 16:29:37.114 [info] > git rev-parse --show-toplevel [31ms]
2024-12-17 16:29:37.131 [info] > git rev-parse --show-toplevel [1ms]
2024-12-17 16:29:37.311 [info] > git rev-parse --show-toplevel [162ms]
2024-12-17 16:29:37.318 [info] > git status -z -uall [210ms]
2024-12-17 16:29:38.367 [info] > git check-ignore -v -z --stdin [49ms]
2024-12-17 16:30:01.108 [info] No remotes found in the git config file.
2024-12-17 16:30:01.109 [info] > git config --get commit.template [22ms]
2024-12-17 16:30:01.109 [info] > git for-each-ref --format=%(refname)%00%(upstream:short)%00%(objectname)%00%(upstream:track)%00%(upstream:remotename)%00%(upstream:remoteref) refs/heads/main refs/remotes/main [2ms]
2024-12-17 16:30:01.167 [info] > git status -z -uall [38ms]
2024-12-17 16:30:06.400 [info] No remotes found in the git config file.
2024-12-17 16:30:06.401 [info] > git config --get commit.template [19ms]
2024-12-17 16:30:06.402 [info] > git for-each-ref --format=%(refname)%00%(upstream:short)%00%(objectname)%00%(upstream:track)%00%(upstream:remotename)%00%(upstream:remoteref) refs/heads/main refs/remotes/main [3ms]
2024-12-17 16:30:06.453 [info] > git status -z -uall [35ms]
2024-12-17 16:30:11.589 [info] No remotes found in the git config file.
2024-12-17 16:30:11.591 [info] > git config --get commit.template [19ms]
2024-12-17 16:30:11.591 [info] > git for-each-ref --format=%(refname)%00%(upstream:short)%00%(objectname)%00%(upstream:track)%00%(upstream:remotename)%00%(upstream:remoteref) refs/heads/main refs/remotes/main [3ms]
2024-12-17 16:30:11.646 [info] > git status -z -uall [37ms]
2024-12-17 16:30:21.944 [info] No remotes found in the git config file.
2024-12-17 16:30:21.945 [info] > git config --get commit.template [17ms]
2024-12-17 16:30:21.946 [info] > git for-each-ref --format=%(refname)%00%(upstream:short)%00%(objectname)%00%(upstream:track)%00%(upstream:remotename)%00%(upstream:remoteref) refs/heads/main refs/remotes/main [2ms]
2024-12-17 16:30:22.001 [info] > git status -z -uall [38ms]
2024-12-17 16:30:25.352 [info] > git check-ignore -v -z --stdin [2ms]
2024-12-17 16:30:28.764 [info] > git check-ignore -v -z --stdin [2ms]
2024-12-17 16:30:30.311 [info] > git show --textconv :Internal/models/example/college_leads.sql [31ms]
2024-12-17 16:30:30.313 [info] > git ls-files --stage -- /home/jovyan/Internal/models/example/college_leads.sql [4ms]
2024-12-17 16:32:16.882 [info] No remotes found in the git config file.
2024-12-17 16:32:16.884 [info] > git config --get commit.template [14ms]
2024-12-17 16:32:16.884 [info] > git for-each-ref --format=%(refname)%00%(upstream:short)%00%(objectname)%00%(upstream:track)%00%(upstream:remotename)%00%(upstream:remoteref) refs/heads/main refs/remotes/main [2ms]
2024-12-17 16:32:16.939 [info] > git status -z -uall [41ms]
2024-12-17 16:32:22.813 [info] No remotes found in the git config file.
2024-12-17 16:32:22.828 [info] > git config --get commit.template [15ms]
2024-12-17 16:32:22.828 [info] > git for-each-ref --format=%(refname)%00%(upstream:short)%00%(objectname)%00%(upstream:track)%00%(upstream:remotename)%00%(upstream:remoteref) refs/heads/main refs/remotes/main [2ms]
2024-12-17 16:32:22.878 [info] > git status -z -uall [36ms]
2024-12-17 16:33:58.203 [info] No remotes found in the git config file.
2024-12-17 16:33:58.204 [info] > git config --get commit.template [13ms]
2024-12-17 16:33:58.205 [info] > git for-each-ref --format=%(refname)%00%(upstream:short)%00%(objectname)%00%(upstream:track)%00%(upstream:remotename)%00%(upstream:remoteref) refs/heads/main refs/remotes/main [3ms]
2024-12-17 16:33:58.258 [info] > git status -z -uall [41ms]
2024-12-17 16:34:03.393 [info] No remotes found in the git config file.
2024-12-17 16:34:03.394 [info] > git config --get commit.template [19ms]
2024-12-17 16:34:03.395 [info] > git for-each-ref --format=%(refname)%00%(upstream:short)%00%(objectname)%00%(upstream:track)%00%(upstream:remotename)%00%(upstream:remoteref) refs/heads/main refs/remotes/main [3ms]
2024-12-17 16:34:03.450 [info] > git status -z -uall [39ms]
2024-12-17 16:34:08.593 [info] > git config --get commit.template [1ms]
2024-12-17 16:34:08.607 [info] No remotes found in the git config file.
2024-12-17 16:34:08.608 [info] > git for-each-ref --format=%(refname)%00%(upstream:short)%00%(objectname)%00%(upstream:track)%00%(upstream:remotename)%00%(upstream:remoteref) refs/heads/main refs/remotes/main [2ms]
2024-12-17 16:34:08.656 [info] > git status -z -uall [35ms]
2024-12-17 16:34:49.852 [info] > git show --textconv :Internal/dbt_project.yml [15ms]
2024-12-17 16:34:49.852 [info] > git ls-files --stage -- /home/jovyan/Internal/dbt_project.yml [2ms]
2024-12-17 16:34:57.565 [info] > git show --textconv :Internal/profiles.yml [14ms]
2024-12-17 16:34:57.567 [info] > git ls-files --stage -- /home/jovyan/Internal/profiles.yml [3ms]
2024-12-17 16:35:02.019 [info] No remotes found in the git config file.
2024-12-17 16:35:02.020 [info] > git config --get commit.template [17ms]
2024-12-17 16:35:02.021 [info] > git for-each-ref --format=%(refname)%00%(upstream:short)%00%(objectname)%00%(upstream:track)%00%(upstream:remotename)%00%(upstream:remoteref) refs/heads/main refs/remotes/main [3ms]
2024-12-17 16:35:02.092 [info] > git status -z -uall [50ms]
2024-12-17 16:35:11.562 [info] > git show --textconv :Internal/packages.yml [15ms]
2024-12-17 16:35:11.563 [info] > git ls-files --stage -- /home/jovyan/Internal/packages.yml [2ms]
2024-12-17 16:35:14.079 [info] > git show --textconv :Internal/.user.yml [17ms]
2024-12-17 16:35:14.080 [info] > git ls-files --stage -- /home/jovyan/Internal/.user.yml [2ms]
2024-12-17 16:35:15.076 [info] > git check-ignore -v -z --stdin [1ms]
2024-12-17 16:35:16.219 [info] > git check-ignore -v -z --stdin [1ms]
2024-12-17 16:35:17.519 [info] > git check-ignore -v -z --stdin [2ms]
2024-12-17 16:35:21.310 [info] > git check-ignore -v -z --stdin [1ms]
2024-12-17 16:36:32.788 [info] > git check-ignore -v -z --stdin [1ms]
2024-12-17 16:36:33.023 [info] > git show --textconv :Internal/models/silver/college_leads.sql [16ms]
2024-12-17 16:36:33.024 [info] > git ls-files --stage -- /home/jovyan/Internal/models/silver/college_leads.sql [2ms]
2024-12-17 16:36:42.639 [info] > git check-ignore -v -z --stdin [1ms]
2024-12-17 16:36:48.216 [info] > git check-ignore -v -z --stdin [2ms]
2024-12-17 16:36:54.857 [info] > git check-ignore -v -z --stdin [2ms]
2024-12-17 16:36:55.152 [info] > git show --textconv :Internal/models/silver/college_leads copy.sql [18ms]
2024-12-17 16:36:55.154 [info] > git ls-files --stage -- /home/jovyan/Internal/models/silver/college_leads copy.sql [2ms]
2024-12-17 16:37:06.997 [info] > git show --textconv :Internal/models/silver/my_first_dbt_model.sql [15ms]
2024-12-17 16:37:06.999 [info] > git ls-files --stage -- /home/jovyan/Internal/models/silver/my_first_dbt_model.sql [3ms]
2024-12-17 16:37:14.387 [info] > git show --textconv :Internal/models/silver/schema.yml [13ms]
2024-12-17 16:37:14.389 [info] > git ls-files --stage -- /home/jovyan/Internal/models/silver/schema.yml [2ms]
2024-12-17 16:37:26.799 [info] > git show --textconv :Internal/models/silver/schema.yml [12ms]
2024-12-17 16:37:26.800 [info] > git ls-files --stage -- /home/jovyan/Internal/models/silver/schema.yml [2ms]
2024-12-17 16:37:28.608 [info] > git show --textconv :Internal/models/silver/sources.yml [14ms]
2024-12-17 16:37:28.610 [info] > git ls-files --stage -- /home/jovyan/Internal/models/silver/sources.yml [3ms]
2024-12-17 16:38:21.914 [info] No remotes found in the git config file.
2024-12-17 16:38:21.916 [info] > git config --get commit.template [16ms]
2024-12-17 16:38:21.916 [info] > git for-each-ref --format=%(refname)%00%(upstream:short)%00%(objectname)%00%(upstream:track)%00%(upstream:remotename)%00%(upstream:remoteref) refs/heads/main refs/remotes/main [3ms]
2024-12-17 16:38:21.968 [info] > git status -z -uall [40ms]
2024-12-17 16:38:51.644 [info] No remotes found in the git config file.
2024-12-17 16:38:51.664 [info] > git config --get commit.template [20ms]
2024-12-17 16:38:51.664 [info] > git for-each-ref --format=%(refname)%00%(upstream:short)%00%(objectname)%00%(upstream:track)%00%(upstream:remotename)%00%(upstream:remoteref) refs/heads/main refs/remotes/main [2ms]
2024-12-17 16:38:51.727 [info] > git status -z -uall [50ms]
2024-12-17 16:38:56.854 [info] No remotes found in the git config file.
2024-12-17 16:38:56.855 [info] > git config --get commit.template [17ms]
2024-12-17 16:38:56.856 [info] > git for-each-ref --format=%(refname)%00%(upstream:short)%00%(objectname)%00%(upstream:track)%00%(upstream:remotename)%00%(upstream:remoteref) refs/heads/main refs/remotes/main [3ms]
2024-12-17 16:38:56.909 [info] > git status -z -uall [38ms]
2024-12-17 16:39:08.797 [info] No remotes found in the git config file.
2024-12-17 16:39:08.799 [info] > git config --get commit.template [19ms]
2024-12-17 16:39:08.799 [info] > git for-each-ref --format=%(refname)%00%(upstream:short)%00%(objectname)%00%(upstream:track)%00%(upstream:remotename)%00%(upstream:remoteref) refs/heads/main refs/remotes/main [2ms]
2024-12-17 16:39:08.853 [info] > git status -z -uall [36ms]
2024-12-17 16:39:13.987 [info] No remotes found in the git config file.
2024-12-17 16:39:13.988 [info] > git config --get commit.template [22ms]
2024-12-17 16:39:13.988 [info] > git for-each-ref --format=%(refname)%00%(upstream:short)%00%(objectname)%00%(upstream:track)%00%(upstream:remotename)%00%(upstream:remoteref) refs/heads/main refs/remotes/main [2ms]
2024-12-17 16:39:14.044 [info] > git status -z -uall [36ms]
2024-12-17 16:39:15.436 [info] > git check-ignore -v -z --stdin [1ms]
2024-12-17 16:39:16.345 [info] > git show --textconv :Internal/models/silver/airbyte_raw_bus.sql [24ms]
2024-12-17 16:39:16.346 [info] > git ls-files --stage -- /home/jovyan/Internal/models/silver/airbyte_raw_bus.sql [3ms]
2024-12-17 16:39:19.160 [info] > git config --get commit.template [2ms]
2024-12-17 16:39:19.185 [info] No remotes found in the git config file.
2024-12-17 16:39:19.185 [info] > git for-each-ref --format=%(refname)%00%(upstream:short)%00%(objectname)%00%(upstream:track)%00%(upstream:remotename)%00%(upstream:remoteref) refs/heads/main refs/remotes/main [2ms]
2024-12-17 16:39:19.251 [info] > git status -z -uall [43ms]
2024-12-17 16:41:02.729 [info] No remotes found in the git config file.
2024-12-17 16:41:02.730 [info] > git config --get commit.template [15ms]
2024-12-17 16:41:02.730 [info] > git for-each-ref --format=%(refname)%00%(upstream:short)%00%(objectname)%00%(upstream:track)%00%(upstream:remotename)%00%(upstream:remoteref) refs/heads/main refs/remotes/main [2ms]
2024-12-17 16:41:02.787 [info] > git status -z -uall [43ms]
2024-12-17 16:41:07.915 [info] No remotes found in the git config file.
2024-12-17 16:41:07.917 [info] > git config --get commit.template [19ms]
2024-12-17 16:41:07.917 [info] > git for-each-ref --format=%(refname)%00%(upstream:short)%00%(objectname)%00%(upstream:track)%00%(upstream:remotename)%00%(upstream:remoteref) refs/heads/main refs/remotes/main [2ms]
2024-12-17 16:41:07.978 [info] > git status -z -uall [46ms]
2024-12-17 16:41:12.644 [info] > git check-ignore -v -z --stdin [2ms]
2024-12-17 16:41:12.890 [info] > git show --textconv :Internal/models/silver/gen.py [18ms]
2024-12-17 16:41:12.891 [info] > git ls-files --stage -- /home/jovyan/Internal/models/silver/gen.py [2ms]
2024-12-17 16:41:35.889 [info] > git check-ignore -v -z --stdin [2ms]
2024-12-17 16:41:39.617 [info] > git check-ignore -v -z --stdin [2ms]
2024-12-17 16:41:40.457 [info] > git check-ignore -v -z --stdin [1ms]
2024-12-17 16:41:47.141 [info] > git show --textconv :Internal/silver_models/silver_bus.sql [15ms]
2024-12-17 16:41:47.143 [info] > git ls-files --stage -- /home/jovyan/Internal/silver_models/silver_bus.sql [3ms]
2024-12-17 16:42:04.503 [info] > git check-ignore -v -z --stdin [1ms]
2024-12-17 16:42:04.749 [info] > git show --textconv :Internal/models/silver/silver_bus.sql [19ms]
2024-12-17 16:42:04.750 [info] > git ls-files --stage -- /home/jovyan/Internal/models/silver/silver_bus.sql [2ms]
2024-12-17 16:42:05.527 [info] > git check-ignore -v -z --stdin [2ms]
2024-12-17 16:42:06.574 [info] > git check-ignore -v -z --stdin [1ms]
2024-12-17 16:42:07.690 [info] > git check-ignore -v -z --stdin [1ms]
2024-12-17 16:42:08.671 [info] > git show --textconv :Internal/models/silver/silver_classsubject.sql [15ms]
2024-12-17 16:42:08.673 [info] > git ls-files --stage -- /home/jovyan/Internal/models/silver/silver_classsubject.sql [3ms]
2024-12-17 16:42:08.731 [info] > git check-ignore -v -z --stdin [1ms]
2024-12-17 16:42:09.751 [info] > git check-ignore -v -z --stdin [2ms]
2024-12-17 16:42:10.794 [info] > git check-ignore -v -z --stdin [2ms]
2024-12-17 16:42:11.133 [info] > git show --textconv :Internal/models/silver/silver_country.sql [14ms]
2024-12-17 16:42:11.134 [info] > git ls-files --stage -- /home/jovyan/Internal/models/silver/silver_country.sql [2ms]
2024-12-17 16:42:13.655 [info] > git show --textconv :Internal/models/silver/silver_currentyear.sql [15ms]
2024-12-17 16:42:13.656 [info] > git ls-files --stage -- /home/jovyan/Internal/models/silver/silver_currentyear.sql [2ms]
2024-12-17 16:42:13.880 [info] > git check-ignore -v -z --stdin [2ms]
2024-12-17 16:42:14.910 [info] > git check-ignore -v -z --stdin [1ms]
2024-12-17 16:42:15.121 [info] > git show --textconv :Internal/models/silver/silver_district.sql [15ms]
2024-12-17 16:42:15.122 [info] > git ls-files --stage -- /home/jovyan/Internal/models/silver/silver_district.sql [2ms]
2024-12-17 16:42:15.942 [info] > git check-ignore -v -z --stdin [1ms]
2024-12-17 16:42:16.974 [info] > git check-ignore -v -z --stdin [3ms]
2024-12-17 16:42:20.406 [info] > git check-ignore -v -z --stdin [2ms]
2024-12-17 16:42:21.271 [info] No remotes found in the git config file.
2024-12-17 16:42:21.272 [info] > git config --get commit.template [15ms]
2024-12-17 16:42:21.273 [info] > git for-each-ref --format=%(refname)%00%(upstream:short)%00%(objectname)%00%(upstream:track)%00%(upstream:remotename)%00%(upstream:remoteref) refs/heads/main refs/remotes/main [3ms]
2024-12-17 16:42:21.326 [info] > git status -z -uall [40ms]
2024-12-17 16:42:22.774 [info] > git check-ignore -v -z --stdin [1ms]
2024-12-17 16:42:23.384 [info] > git check-ignore -v -z --stdin [1ms]
2024-12-17 16:42:24.327 [info] > git check-ignore -v -z --stdin [2ms]
2024-12-17 16:42:25.352 [info] > git check-ignore -v -z --stdin [1ms]
2024-12-17 16:42:26.404 [info] > git check-ignore -v -z --stdin [1ms]
2024-12-17 16:42:27.819 [info] > git check-ignore -v -z --stdin [1ms]
2024-12-17 16:42:28.829 [info] > git check-ignore -v -z --stdin [2ms]
2024-12-17 16:42:29.864 [info] > git check-ignore -v -z --stdin [1ms]
2024-12-17 16:42:30.980 [info] > git check-ignore -v -z --stdin [1ms]
2024-12-17 16:42:33.589 [info] > git check-ignore -v -z --stdin [2ms]
2024-12-17 16:42:36.112 [info] > git check-ignore -v -z --stdin [2ms]
2024-12-17 16:42:38.175 [info] > git check-ignore -v -z --stdin [1ms]
2024-12-17 16:43:22.035 [info] No remotes found in the git config file.
2024-12-17 16:43:22.037 [info] > git config --get commit.template [18ms]
2024-12-17 16:43:22.038 [info] > git for-each-ref --format=%(refname)%00%(upstream:short)%00%(objectname)%00%(upstream:track)%00%(upstream:remotename)%00%(upstream:remoteref) refs/heads/main refs/remotes/main [3ms]
2024-12-17 16:43:22.097 [info] > git status -z -uall [44ms]
2024-12-17 16:44:13.310 [info] > git show --textconv :Internal/models/silver/silver_bus.sql [17ms]
2024-12-17 16:44:13.311 [info] > git ls-files --stage -- /home/jovyan/Internal/models/silver/silver_bus.sql [3ms]
2024-12-17 16:44:59.069 [info] > git config --get commit.template [2ms]
2024-12-17 16:44:59.084 [info] No remotes found in the git config file.
2024-12-17 16:44:59.085 [info] > git for-each-ref --format=%(refname)%00%(upstream:short)%00%(objectname)%00%(upstream:track)%00%(upstream:remotename)%00%(upstream:remoteref) refs/heads/main refs/remotes/main [2ms]
2024-12-17 16:44:59.140 [info] > git status -z -uall [41ms]
2024-12-17 16:45:04.282 [info] No remotes found in the git config file.
2024-12-17 16:45:04.283 [info] > git config --get commit.template [17ms]
2024-12-17 16:45:04.284 [info] > git for-each-ref --format=%(refname)%00%(upstream:short)%00%(objectname)%00%(upstream:track)%00%(upstream:remotename)%00%(upstream:remoteref) refs/heads/main refs/remotes/main [2ms]
2024-12-17 16:45:04.337 [info] > git status -z -uall [37ms]
2024-12-17 16:45:09.460 [info] > git config --get commit.template [2ms]
2024-12-17 16:45:09.478 [info] No remotes found in the git config file.
2024-12-17 16:45:09.480 [info] > git for-each-ref --format=%(refname)%00%(upstream:short)%00%(objectname)%00%(upstream:track)%00%(upstream:remotename)%00%(upstream:remoteref) refs/heads/main refs/remotes/main [1ms]
2024-12-17 16:45:09.546 [info] > git status -z -uall [45ms]
2024-12-17 16:45:59.258 [info] No remotes found in the git config file.
2024-12-17 16:45:59.259 [info] > git config --get commit.template [18ms]
2024-12-17 16:45:59.260 [info] > git for-each-ref --format=%(refname)%00%(upstream:short)%00%(objectname)%00%(upstream:track)%00%(upstream:remotename)%00%(upstream:remoteref) refs/heads/main refs/remotes/main [3ms]
2024-12-17 16:45:59.314 [info] > git status -z -uall [41ms]
2024-12-17 16:46:04.447 [info] No remotes found in the git config file.
2024-12-17 16:46:04.448 [info] > git config --get commit.template [18ms]
2024-12-17 16:46:04.449 [info] > git for-each-ref --format=%(refname)%00%(upstream:short)%00%(objectname)%00%(upstream:track)%00%(upstream:remotename)%00%(upstream:remoteref) refs/heads/main refs/remotes/main [2ms]
2024-12-17 16:46:04.502 [info] > git status -z -uall [36ms]
2024-12-17 16:46:09.630 [info] No remotes found in the git config file.
2024-12-17 16:46:09.631 [info] > git config --get commit.template [16ms]
2024-12-17 16:46:09.631 [info] > git for-each-ref --format=%(refname)%00%(upstream:short)%00%(objectname)%00%(upstream:track)%00%(upstream:remotename)%00%(upstream:remoteref) refs/heads/main refs/remotes/main [2ms]
2024-12-17 16:46:09.686 [info] > git status -z -uall [38ms]
2024-12-17 16:46:14.299 [info] > git check-ignore -v -z --stdin [1ms]
2024-12-17 16:46:14.565 [info] > git show --textconv :Internal/models/silver/lead_bus.sql [20ms]
2024-12-17 16:46:14.567 [info] > git ls-files --stage -- /home/jovyan/Internal/models/silver/lead_bus.sql [3ms]
2024-12-17 16:46:26.927 [info] No remotes found in the git config file.
2024-12-17 16:46:26.928 [info] > git config --get commit.template [15ms]
2024-12-17 16:46:26.928 [info] > git for-each-ref --format=%(refname)%00%(upstream:short)%00%(objectname)%00%(upstream:track)%00%(upstream:remotename)%00%(upstream:remoteref) refs/heads/main refs/remotes/main [2ms]
2024-12-17 16:46:26.984 [info] > git status -z -uall [42ms]
2024-12-17 16:46:43.409 [info] > git config --get commit.template [2ms]
2024-12-17 16:46:43.423 [info] No remotes found in the git config file.
2024-12-17 16:46:43.425 [info] > git for-each-ref --format=%(refname)%00%(upstream:short)%00%(objectname)%00%(upstream:track)%00%(upstream:remotename)%00%(upstream:remoteref) refs/heads/main refs/remotes/main [1ms]
2024-12-17 16:46:43.476 [info] > git status -z -uall [38ms]
2024-12-17 16:46:48.603 [info] No remotes found in the git config file.
2024-12-17 16:46:48.605 [info] > git config --get commit.template [16ms]
2024-12-17 16:46:48.605 [info] > git for-each-ref --format=%(refname)%00%(upstream:short)%00%(objectname)%00%(upstream:track)%00%(upstream:remotename)%00%(upstream:remoteref) refs/heads/main refs/remotes/main [2ms]
2024-12-17 16:46:48.655 [info] > git status -z -uall [35ms]
2024-12-17 16:46:53.317 [info] > git show --textconv :Internal/models/silver/gen.py [23ms]
2024-12-17 16:46:53.318 [info] > git ls-files --stage -- /home/jovyan/Internal/models/silver/gen.py [2ms]
2024-12-17 16:47:31.683 [info] > git show --textconv :Internal/silver_models/silver_bus.sql [15ms]
2024-12-17 16:47:31.684 [info] > git ls-files --stage -- /home/jovyan/Internal/silver_models/silver_bus.sql [2ms]
2024-12-17 16:47:31.925 [info] > git check-ignore -v -z --stdin [2ms]
2024-12-17 16:48:58.514 [info] > git show --textconv :Internal/models/silver/silver_country.sql [17ms]
2024-12-17 16:48:58.515 [info] > git ls-files --stage -- /home/jovyan/Internal/models/silver/silver_country.sql [2ms]
2024-12-17 16:49:03.094 [info] > git show --textconv :Internal/models/silver/silver_district.sql [18ms]
2024-12-17 16:49:03.095 [info] > git ls-files --stage -- /home/jovyan/Internal/models/silver/silver_district.sql [3ms]
2024-12-17 16:49:04.059 [info] > git show --textconv :Internal/models/silver/silver_bus.sql [18ms]
2024-12-17 16:49:04.061 [info] > git ls-files --stage -- /home/jovyan/Internal/models/silver/silver_bus.sql [3ms]
2024-12-17 16:50:43.569 [info] No remotes found in the git config file.
2024-12-17 16:50:43.570 [info] > git config --get commit.template [16ms]
2024-12-17 16:50:43.570 [info] > git for-each-ref --format=%(refname)%00%(upstream:short)%00%(objectname)%00%(upstream:track)%00%(upstream:remotename)%00%(upstream:remoteref) refs/heads/main refs/remotes/main [2ms]
2024-12-17 16:50:43.628 [info] > git status -z -uall [44ms]
2024-12-17 16:50:48.761 [info] No remotes found in the git config file.
2024-12-17 16:50:48.762 [info] > git config --get commit.template [19ms]
2024-12-17 16:50:48.762 [info] > git for-each-ref --format=%(refname)%00%(upstream:short)%00%(objectname)%00%(upstream:track)%00%(upstream:remotename)%00%(upstream:remoteref) refs/heads/main refs/remotes/main [2ms]
2024-12-17 16:50:48.815 [info] > git status -z -uall [37ms]
2024-12-17 16:50:53.415 [info] > git show --textconv :Internal/models/silver/gen.py [18ms]
2024-12-17 16:50:53.416 [info] > git ls-files --stage -- /home/jovyan/Internal/models/silver/gen.py [2ms]
2024-12-17 16:52:19.666 [info] No remotes found in the git config file.
2024-12-17 16:52:19.668 [info] > git config --get commit.template [17ms]
2024-12-17 16:52:19.668 [info] > git for-each-ref --format=%(refname)%00%(upstream:short)%00%(objectname)%00%(upstream:track)%00%(upstream:remotename)%00%(upstream:remoteref) refs/heads/main refs/remotes/main [2ms]
2024-12-17 16:52:19.723 [info] > git status -z -uall [42ms]
2024-12-17 16:52:24.847 [info] No remotes found in the git config file.
2024-12-17 16:52:24.848 [info] > git config --get commit.template [17ms]
2024-12-17 16:52:24.848 [info] > git for-each-ref --format=%(refname)%00%(upstream:short)%00%(objectname)%00%(upstream:track)%00%(upstream:remotename)%00%(upstream:remoteref) refs/heads/main refs/remotes/main [2ms]
2024-12-17 16:52:24.905 [info] > git status -z -uall [41ms]
2024-12-17 16:52:47.609 [info] > git config --get commit.template [2ms]
2024-12-17 16:52:47.625 [info] No remotes found in the git config file.
2024-12-17 16:52:47.626 [info] > git for-each-ref --format=%(refname)%00%(upstream:short)%00%(objectname)%00%(upstream:track)%00%(upstream:remotename)%00%(upstream:remoteref) refs/heads/main refs/remotes/main [2ms]
2024-12-17 16:52:47.716 [info] > git status -z -uall [74ms]
2024-12-17 16:52:52.849 [info] > git config --get commit.template [18ms]
2024-12-17 16:52:52.850 [info] No remotes found in the git config file.
2024-12-17 16:52:52.850 [info] > git for-each-ref --format=%(refname)%00%(upstream:short)%00%(objectname)%00%(upstream:track)%00%(upstream:remotename)%00%(upstream:remoteref) refs/heads/main refs/remotes/main [2ms]
2024-12-17 16:52:52.904 [info] > git status -z -uall [37ms]
2024-12-17 16:53:03.182 [info] No remotes found in the git config file.
2024-12-17 16:53:03.183 [info] > git config --get commit.template [19ms]
2024-12-17 16:53:03.184 [info] > git for-each-ref --format=%(refname)%00%(upstream:short)%00%(objectname)%00%(upstream:track)%00%(upstream:remotename)%00%(upstream:remoteref) refs/heads/main refs/remotes/main [3ms]
2024-12-17 16:53:03.239 [info] > git status -z -uall [36ms]
2024-12-17 16:53:08.370 [info] No remotes found in the git config file.
2024-12-17 16:53:08.370 [info] > git config --get commit.template [22ms]
2024-12-17 16:53:08.371 [info] > git for-each-ref --format=%(refname)%00%(upstream:short)%00%(objectname)%00%(upstream:track)%00%(upstream:remotename)%00%(upstream:remoteref) refs/heads/main refs/remotes/main [2ms]
2024-12-17 16:53:08.427 [info] > git status -z -uall [35ms]
2024-12-17 16:53:13.594 [info] No remotes found in the git config file.
2024-12-17 16:53:13.594 [info] > git config --get commit.template [23ms]
2024-12-17 16:53:13.595 [info] > git for-each-ref --format=%(refname)%00%(upstream:short)%00%(objectname)%00%(upstream:track)%00%(upstream:remotename)%00%(upstream:remoteref) refs/heads/main refs/remotes/main [2ms]
2024-12-17 16:53:13.656 [info] > git status -z -uall [37ms]
2024-12-17 16:53:17.788 [info] > git show --textconv :Internal/models/silver/gen.py [26ms]
2024-12-17 16:53:17.789 [info] > git ls-files --stage -- /home/jovyan/Internal/models/silver/gen.py [2ms]
