2024-12-18 05:05:26.997 [info] Extension host with pid 46873 started
2024-12-18 05:05:27.014 [info] Lock '/home/jovyan/.local/share/code-server/User/workspaceStorage/-b0fa7f7/vscode.lock': Lock acquired.
2024-12-18 05:05:27.301 [info] ExtensionService#_doActivateExtension vscode.git-base, startup: true, activationEvent: '*', root cause: vscode.git
2024-12-18 05:05:27.638 [info] ExtensionService#_doActivateExtension vscode.git, startup: true, activationEvent: '*'
2024-12-18 05:05:27.638 [info] ExtensionService#_doActivateExtension vscode.github, startup: true, activationEvent: '*'
2024-12-18 05:05:28.498 [warning] [Decorations] CAPPING events from decorations provider vscode.git 5749
2024-12-18 05:05:29.251 [info] ExtensionService#_doActivateExtension samuelcolvin.jinjahtml, startup: true, activationEvent: 'workspaceContains:**/dbt_project.yml', root cause: innoverio.vscode-dbt-power-user
2024-12-18 05:05:29.251 [info] ExtensionService#_doActivateExtension ms-python.python, startup: true, activationEvent: 'workspaceContains:**/dbt_project.yml', root cause: innoverio.vscode-dbt-power-user
2024-12-18 05:05:29.645 [warning] [Decorations] CAPPING events from decorations provider vscode.git 5749
2024-12-18 05:05:29.667 [info] ExtensionService#_doActivateExtension vscode.tunnel-forwarding, startup: false, activationEvent: 'onTunnel'
2024-12-18 05:05:31.201 [info] ExtensionService#_doActivateExtension vscode.html-language-features, startup: false, activationEvent: 'api', root cause: samuelcolvin.jinjahtml
2024-12-18 05:05:32.094 [info] ExtensionService#_doActivateExtension innoverio.vscode-dbt-power-user, startup: true, activationEvent: 'workspaceContains:**/dbt_project.yml'
2024-12-18 05:05:34.158 [warning] DiagnosticCollection with name 'dbt' does already exist.
2024-12-18 05:05:34.158 [warning] DiagnosticCollection with name 'dbt' does already exist.
2024-12-18 05:05:34.173 [warning] DiagnosticCollection with name 'dbt' does already exist.
2024-12-18 05:05:34.173 [warning] DiagnosticCollection with name 'dbt' does already exist.
2024-12-18 05:05:34.261 [info] Eager extensions activated
2024-12-18 05:05:34.261 [info] ExtensionService#_doActivateExtension vscode.debug-auto-launch, startup: false, activationEvent: 'onStartupFinished'
2024-12-18 05:05:34.261 [info] ExtensionService#_doActivateExtension vscode.merge-conflict, startup: false, activationEvent: 'onStartupFinished'
2024-12-18 05:05:37.193 [warning] [Decorations] CAPPING events from decorations provider vscode.git 5756
2024-12-18 05:05:42.371 [warning] [Decorations] CAPPING events from decorations provider vscode.git 5756
2024-12-18 05:05:47.559 [warning] [Decorations] CAPPING events from decorations provider vscode.git 5756
2024-12-18 05:05:52.747 [warning] [Decorations] CAPPING events from decorations provider vscode.git 5756
2024-12-18 05:05:57.921 [warning] [Decorations] CAPPING events from decorations provider vscode.git 5756
2024-12-18 05:06:03.106 [warning] [Decorations] CAPPING events from decorations provider vscode.git 5756
2024-12-18 05:06:08.291 [warning] [Decorations] CAPPING events from decorations provider vscode.git 5756
2024-12-18 05:06:13.471 [warning] [Decorations] CAPPING events from decorations provider vscode.git 5756
2024-12-18 05:06:18.662 [warning] [Decorations] CAPPING events from decorations provider vscode.git 5756
2024-12-18 05:06:23.841 [warning] [Decorations] CAPPING events from decorations provider vscode.git 5756
2024-12-18 05:06:29.040 [warning] [Decorations] CAPPING events from decorations provider vscode.git 5756
2024-12-18 05:06:34.233 [warning] [Decorations] CAPPING events from decorations provider vscode.git 5756
2024-12-18 05:06:39.406 [warning] [Decorations] CAPPING events from decorations provider vscode.git 5756
2024-12-18 05:06:44.571 [warning] [Decorations] CAPPING events from decorations provider vscode.git 5756
2024-12-18 05:06:49.757 [warning] [Decorations] CAPPING events from decorations provider vscode.git 5756
2024-12-18 05:06:54.947 [warning] [Decorations] CAPPING events from decorations provider vscode.git 5756
2024-12-18 05:07:00.120 [warning] [Decorations] CAPPING events from decorations provider vscode.git 5756
2024-12-18 05:07:01.093 [info] ExtensionService#_doActivateExtension vscode.emmet, startup: false, activationEvent: 'onLanguage'
2024-12-18 05:07:05.306 [warning] [Decorations] CAPPING events from decorations provider vscode.git 5756
2024-12-18 05:07:10.479 [warning] [Decorations] CAPPING events from decorations provider vscode.git 5756
2024-12-18 05:07:15.672 [warning] [Decorations] CAPPING events from decorations provider vscode.git 5756
2024-12-18 05:07:20.851 [warning] [Decorations] CAPPING events from decorations provider vscode.git 5756
2024-12-18 05:07:22.756 [info] ExtensionService#_doActivateExtension vscode.npm, startup: false, activationEvent: 'onTerminalQuickFixRequest:ms-vscode.npm-command'
2024-12-18 05:07:26.022 [warning] [Decorations] CAPPING events from decorations provider vscode.git 5756
2024-12-18 05:07:31.205 [warning] [Decorations] CAPPING events from decorations provider vscode.git 5756
2024-12-18 05:07:36.402 [warning] [Decorations] CAPPING events from decorations provider vscode.git 5756
2024-12-18 05:07:41.581 [warning] [Decorations] CAPPING events from decorations provider vscode.git 5756
2024-12-18 05:07:46.757 [warning] [Decorations] CAPPING events from decorations provider vscode.git 5756
2024-12-18 05:07:51.939 [warning] [Decorations] CAPPING events from decorations provider vscode.git 5756
2024-12-18 05:07:57.117 [warning] [Decorations] CAPPING events from decorations provider vscode.git 5756
2024-12-18 05:08:02.310 [warning] [Decorations] CAPPING events from decorations provider vscode.git 5756
2024-12-18 05:08:07.488 [warning] [Decorations] CAPPING events from decorations provider vscode.git 5756
2024-12-18 05:08:12.671 [warning] [Decorations] CAPPING events from decorations provider vscode.git 5756
2024-12-18 05:08:17.852 [warning] [Decorations] CAPPING events from decorations provider vscode.git 5756
2024-12-18 05:08:23.033 [warning] [Decorations] CAPPING events from decorations provider vscode.git 5756
2024-12-18 05:08:28.207 [warning] [Decorations] CAPPING events from decorations provider vscode.git 5756
2024-12-18 05:08:33.387 [warning] [Decorations] CAPPING events from decorations provider vscode.git 5756
2024-12-18 05:08:38.561 [warning] [Decorations] CAPPING events from decorations provider vscode.git 5756
2024-12-18 05:08:43.745 [warning] [Decorations] CAPPING events from decorations provider vscode.git 5756
2024-12-18 05:08:48.927 [warning] [Decorations] CAPPING events from decorations provider vscode.git 5756
2024-12-18 05:08:54.121 [warning] [Decorations] CAPPING events from decorations provider vscode.git 5756
2024-12-18 05:08:59.303 [warning] [Decorations] CAPPING events from decorations provider vscode.git 5756
2024-12-18 05:09:04.482 [warning] [Decorations] CAPPING events from decorations provider vscode.git 5756
2024-12-18 05:09:09.698 [warning] [Decorations] CAPPING events from decorations provider vscode.git 5756
2024-12-18 05:09:14.886 [warning] [Decorations] CAPPING events from decorations provider vscode.git 5756
2024-12-18 05:09:39.513 [warning] [Decorations] CAPPING events from decorations provider vscode.git 5756
2024-12-18 05:09:44.679 [warning] [Decorations] CAPPING events from decorations provider vscode.git 5756
2024-12-18 05:09:49.847 [warning] [Decorations] CAPPING events from decorations provider vscode.git 5756
2024-12-18 05:09:55.024 [warning] [Decorations] CAPPING events from decorations provider vscode.git 5756
2024-12-18 05:10:00.213 [warning] [Decorations] CAPPING events from decorations provider vscode.git 5756
2024-12-18 05:10:05.399 [warning] [Decorations] CAPPING events from decorations provider vscode.git 5756
2024-12-18 05:10:10.595 [warning] [Decorations] CAPPING events from decorations provider vscode.git 5756
2024-12-18 05:10:15.776 [warning] [Decorations] CAPPING events from decorations provider vscode.git 5756
2024-12-18 05:11:37.534 [warning] [Decorations] CAPPING events from decorations provider vscode.git 5756
2024-12-18 05:11:42.705 [warning] [Decorations] CAPPING events from decorations provider vscode.git 5756
2024-12-18 05:11:47.870 [warning] [Decorations] CAPPING events from decorations provider vscode.git 5756
2024-12-18 05:11:53.035 [warning] [Decorations] CAPPING events from decorations provider vscode.git 5756
2024-12-18 05:11:58.224 [warning] [Decorations] CAPPING events from decorations provider vscode.git 5756
2024-12-18 05:12:03.409 [warning] [Decorations] CAPPING events from decorations provider vscode.git 5756
2024-12-18 05:12:08.595 [warning] [Decorations] CAPPING events from decorations provider vscode.git 5756
2024-12-18 05:12:13.766 [warning] [Decorations] CAPPING events from decorations provider vscode.git 5756
2024-12-18 05:12:18.936 [warning] [Decorations] CAPPING events from decorations provider vscode.git 5756
2024-12-18 05:12:47.069 [warning] [Decorations] CAPPING events from decorations provider vscode.git 5756
2024-12-18 05:12:52.237 [warning] [Decorations] CAPPING events from decorations provider vscode.git 5756
2024-12-18 05:12:57.413 [warning] [Decorations] CAPPING events from decorations provider vscode.git 5756
2024-12-18 05:13:15.305 [warning] [Decorations] CAPPING events from decorations provider vscode.git 5756
2024-12-18 05:13:22.835 [warning] [Decorations] CAPPING events from decorations provider vscode.git 5756
2024-12-18 05:13:28.014 [warning] [Decorations] CAPPING events from decorations provider vscode.git 5756
2024-12-18 05:13:33.189 [warning] [Decorations] CAPPING events from decorations provider vscode.git 5756
2024-12-18 05:13:38.373 [warning] [Decorations] CAPPING events from decorations provider vscode.git 5756
2024-12-18 05:13:49.049 [warning] [Decorations] CAPPING events from decorations provider vscode.git 5756
2024-12-18 05:13:54.286 [warning] [Decorations] CAPPING events from decorations provider vscode.git 5756
2024-12-18 05:13:59.456 [warning] [Decorations] CAPPING events from decorations provider vscode.git 5756
2024-12-18 05:14:04.646 [warning] [Decorations] CAPPING events from decorations provider vscode.git 5756
2024-12-18 05:14:09.815 [warning] [Decorations] CAPPING events from decorations provider vscode.git 5756
2024-12-18 05:14:14.997 [warning] [Decorations] CAPPING events from decorations provider vscode.git 5756
2024-12-18 05:14:18.135 [info] Extension host terminating: received terminate message from renderer
2024-12-18 05:14:18.136 [info] Lock '/home/jovyan/.local/share/code-server/User/workspaceStorage/-b0fa7f7/vscode.lock': Marking the lockfile as scheduled to be released in 6000 ms.
2024-12-18 05:14:18.168 [error] Canceled: Canceled
	at new c (/usr/lib/code-server/lib/vscode/out/vs/workbench/api/node/extensionHostProcess.js:107:57324)
	at i.O (/usr/lib/code-server/lib/vscode/out/vs/workbench/api/node/extensionHostProcess.js:116:10819)
	at N.<computed>.z.charCodeAt.N.<computed> (/usr/lib/code-server/lib/vscode/out/vs/workbench/api/node/extensionHostProcess.js:116:8258)
	at a.g (/usr/lib/code-server/lib/vscode/out/vs/workbench/api/node/extensionHostProcess.js:107:82935)
	at a.executeCommand (/usr/lib/code-server/lib/vscode/out/vs/workbench/api/node/extensionHostProcess.js:107:82359)
	at A.registerCommand.description (/usr/lib/code-server/lib/vscode/out/vs/workbench/api/node/extensionHostProcess.js:107:81666)
	at a.h (/usr/lib/code-server/lib/vscode/out/vs/workbench/api/node/extensionHostProcess.js:107:83471)
	at a.g (/usr/lib/code-server/lib/vscode/out/vs/workbench/api/node/extensionHostProcess.js:107:82459)
	at a.executeCommand (/usr/lib/code-server/lib/vscode/out/vs/workbench/api/node/extensionHostProcess.js:107:82359)
	at Object.executeCommand (/usr/lib/code-server/lib/vscode/out/vs/workbench/api/node/extensionHostProcess.js:122:21215)
	at n.D [as value] (/usr/lib/code-server/lib/vscode/extensions/git/dist/main.js:2:1309000)
	at b.w (/usr/lib/code-server/lib/vscode/out/vs/workbench/api/node/extensionHostProcess.js:63:1918)
	at b.x (/usr/lib/code-server/lib/vscode/out/vs/workbench/api/node/extensionHostProcess.js:63:1988)
	at b.fire (/usr/lib/code-server/lib/vscode/out/vs/workbench/api/node/extensionHostProcess.js:63:2204)
	at Object.m [as dispose] (/usr/lib/code-server/lib/vscode/extensions/git/dist/main.js:2:1324784)
	at /usr/lib/code-server/lib/vscode/extensions/git/dist/main.js:2:1329625
	at Array.forEach (<anonymous>)
	at g.dispose (/usr/lib/code-server/lib/vscode/extensions/git/dist/main.js:2:1329611)
	at r.<anonymous> (/usr/lib/code-server/lib/vscode/out/vs/workbench/api/node/extensionHostProcess.js:103:4254)
	at r.dispose (/usr/lib/code-server/lib/vscode/out/vs/workbench/api/node/extensionHostProcess.js:103:4389)
	at r.<anonymous> (/usr/lib/code-server/lib/vscode/extensions/git/dist/main.js:2:1311012)
	at r.dispose (/usr/lib/code-server/lib/vscode/out/vs/workbench/api/node/extensionHostProcess.js:103:4389)
	at k (/usr/lib/code-server/lib/vscode/out/vs/workbench/api/node/extensionHostProcess.js:13:11733)
	at l.Z (/usr/lib/code-server/lib/vscode/out/vs/workbench/api/node/extensionHostProcess.js:118:10421)
	at /usr/lib/code-server/lib/vscode/out/vs/workbench/api/node/extensionHostProcess.js:118:8337
	at Array.map (<anonymous>)
	at l.S (/usr/lib/code-server/lib/vscode/out/vs/workbench/api/node/extensionHostProcess.js:118:8324)
	at l.terminate (/usr/lib/code-server/lib/vscode/out/vs/workbench/api/node/extensionHostProcess.js:118:8597)
	at o.terminate (/usr/lib/code-server/lib/vscode/out/vs/workbench/api/node/extensionHostProcess.js:122:1513)
	at t (/usr/lib/code-server/lib/vscode/out/vs/workbench/api/node/extensionHostProcess.js:135:9800)
	at n.value (/usr/lib/code-server/lib/vscode/out/vs/workbench/api/node/extensionHostProcess.js:135:7846)
	at b.w (/usr/lib/code-server/lib/vscode/out/vs/workbench/api/node/extensionHostProcess.js:63:1918)
	at b.fire (/usr/lib/code-server/lib/vscode/out/vs/workbench/api/node/extensionHostProcess.js:63:2135)
	at v.fire (/usr/lib/code-server/lib/vscode/out/vs/workbench/api/node/extensionHostProcess.js:75:13884)
	at s.z (/usr/lib/code-server/lib/vscode/out/vs/workbench/api/node/extensionHostProcess.js:75:16929)
	at n.value (/usr/lib/code-server/lib/vscode/out/vs/workbench/api/node/extensionHostProcess.js:75:15381)
	at b.w (/usr/lib/code-server/lib/vscode/out/vs/workbench/api/node/extensionHostProcess.js:63:1918)
	at b.fire (/usr/lib/code-server/lib/vscode/out/vs/workbench/api/node/extensionHostProcess.js:63:2135)
	at n.acceptChunk (/usr/lib/code-server/lib/vscode/out/vs/workbench/api/node/extensionHostProcess.js:75:11658)
	at n.value (/usr/lib/code-server/lib/vscode/out/vs/workbench/api/node/extensionHostProcess.js:75:10945)
	at b.w (/usr/lib/code-server/lib/vscode/out/vs/workbench/api/node/extensionHostProcess.js:63:1918)
	at b.fire (/usr/lib/code-server/lib/vscode/out/vs/workbench/api/node/extensionHostProcess.js:63:2135)
	at b.u (/usr/lib/code-server/lib/vscode/out/vs/workbench/api/node/extensionHostProcess.js:132:19063) setContext undefined
2024-12-18 05:14:18.169 [error] Canceled: Canceled
	at new c (/usr/lib/code-server/lib/vscode/out/vs/workbench/api/node/extensionHostProcess.js:107:57324)
	at i.O (/usr/lib/code-server/lib/vscode/out/vs/workbench/api/node/extensionHostProcess.js:116:10819)
	at N.<computed>.z.charCodeAt.N.<computed> (/usr/lib/code-server/lib/vscode/out/vs/workbench/api/node/extensionHostProcess.js:116:8258)
	at a.g (/usr/lib/code-server/lib/vscode/out/vs/workbench/api/node/extensionHostProcess.js:107:82935)
	at a.executeCommand (/usr/lib/code-server/lib/vscode/out/vs/workbench/api/node/extensionHostProcess.js:107:82359)
	at A.registerCommand.description (/usr/lib/code-server/lib/vscode/out/vs/workbench/api/node/extensionHostProcess.js:107:81666)
	at a.h (/usr/lib/code-server/lib/vscode/out/vs/workbench/api/node/extensionHostProcess.js:107:83471)
	at a.g (/usr/lib/code-server/lib/vscode/out/vs/workbench/api/node/extensionHostProcess.js:107:82459)
	at a.executeCommand (/usr/lib/code-server/lib/vscode/out/vs/workbench/api/node/extensionHostProcess.js:107:82359)
	at Object.executeCommand (/usr/lib/code-server/lib/vscode/out/vs/workbench/api/node/extensionHostProcess.js:122:21215)
	at set b [as b] (/usr/lib/code-server/lib/vscode/extensions/github/dist/extension.js:2:714434)
	at /usr/lib/code-server/lib/vscode/extensions/github/dist/extension.js:2:715075
	at n.value (/usr/lib/code-server/lib/vscode/extensions/git/dist/main.js:2:1396602)
	at b.w (/usr/lib/code-server/lib/vscode/out/vs/workbench/api/node/extensionHostProcess.js:63:1918)
	at b.x (/usr/lib/code-server/lib/vscode/out/vs/workbench/api/node/extensionHostProcess.js:63:1988)
	at b.fire (/usr/lib/code-server/lib/vscode/out/vs/workbench/api/node/extensionHostProcess.js:63:2204)
	at Object.m [as dispose] (/usr/lib/code-server/lib/vscode/extensions/git/dist/main.js:2:1324784)
	at /usr/lib/code-server/lib/vscode/extensions/git/dist/main.js:2:1329625
	at Array.forEach (<anonymous>)
	at g.dispose (/usr/lib/code-server/lib/vscode/extensions/git/dist/main.js:2:1329611)
	at r.<anonymous> (/usr/lib/code-server/lib/vscode/out/vs/workbench/api/node/extensionHostProcess.js:103:4254)
	at r.dispose (/usr/lib/code-server/lib/vscode/out/vs/workbench/api/node/extensionHostProcess.js:103:4389)
	at r.<anonymous> (/usr/lib/code-server/lib/vscode/extensions/git/dist/main.js:2:1311012)
	at r.dispose (/usr/lib/code-server/lib/vscode/out/vs/workbench/api/node/extensionHostProcess.js:103:4389)
	at k (/usr/lib/code-server/lib/vscode/out/vs/workbench/api/node/extensionHostProcess.js:13:11733)
	at l.Z (/usr/lib/code-server/lib/vscode/out/vs/workbench/api/node/extensionHostProcess.js:118:10421)
	at /usr/lib/code-server/lib/vscode/out/vs/workbench/api/node/extensionHostProcess.js:118:8337
	at Array.map (<anonymous>)
	at l.S (/usr/lib/code-server/lib/vscode/out/vs/workbench/api/node/extensionHostProcess.js:118:8324)
	at l.terminate (/usr/lib/code-server/lib/vscode/out/vs/workbench/api/node/extensionHostProcess.js:118:8597)
	at o.terminate (/usr/lib/code-server/lib/vscode/out/vs/workbench/api/node/extensionHostProcess.js:122:1513)
	at t (/usr/lib/code-server/lib/vscode/out/vs/workbench/api/node/extensionHostProcess.js:135:9800)
	at n.value (/usr/lib/code-server/lib/vscode/out/vs/workbench/api/node/extensionHostProcess.js:135:7846)
	at b.w (/usr/lib/code-server/lib/vscode/out/vs/workbench/api/node/extensionHostProcess.js:63:1918)
	at b.fire (/usr/lib/code-server/lib/vscode/out/vs/workbench/api/node/extensionHostProcess.js:63:2135)
	at v.fire (/usr/lib/code-server/lib/vscode/out/vs/workbench/api/node/extensionHostProcess.js:75:13884)
	at s.z (/usr/lib/code-server/lib/vscode/out/vs/workbench/api/node/extensionHostProcess.js:75:16929)
	at n.value (/usr/lib/code-server/lib/vscode/out/vs/workbench/api/node/extensionHostProcess.js:75:15381)
	at b.w (/usr/lib/code-server/lib/vscode/out/vs/workbench/api/node/extensionHostProcess.js:63:1918)
	at b.fire (/usr/lib/code-server/lib/vscode/out/vs/workbench/api/node/extensionHostProcess.js:63:2135)
	at n.acceptChunk (/usr/lib/code-server/lib/vscode/out/vs/workbench/api/node/extensionHostProcess.js:75:11658)
	at n.value (/usr/lib/code-server/lib/vscode/out/vs/workbench/api/node/extensionHostProcess.js:75:10945)
	at b.w (/usr/lib/code-server/lib/vscode/out/vs/workbench/api/node/extensionHostProcess.js:63:1918)
	at b.fire (/usr/lib/code-server/lib/vscode/out/vs/workbench/api/node/extensionHostProcess.js:63:2135)
	at b.u (/usr/lib/code-server/lib/vscode/out/vs/workbench/api/node/extensionHostProcess.js:132:19063) setContext undefined
2024-12-18 05:14:21.010 [error] Error: Channel has been closed
	at i (/usr/lib/code-server/lib/vscode/out/vs/workbench/api/node/extensionHostProcess.js:117:2880)
	at Object.trace (/usr/lib/code-server/lib/vscode/out/vs/workbench/api/node/extensionHostProcess.js:117:3145)
	at t.$b.start (/usr/lib/code-server/lib/vscode/extensions/git/dist/main.js:2:1334547)
	at R.Y (/usr/lib/code-server/lib/vscode/extensions/git/dist/main.js:2:1373087)
	at R.status (/usr/lib/code-server/lib/vscode/extensions/git/dist/main.js:2:1358547)
	at R.o (/usr/lib/code-server/lib/vscode/extensions/git/dist/main.js:2:1265270)
	at R.lb (/usr/lib/code-server/lib/vscode/extensions/git/dist/main.js:2:1379082)
2024-12-18 05:14:23.165 [info] Extension host with pid 46873 exiting with code 0
