2024-12-17 14:28:19.280 [info] Extension host with pid 387 started
2024-12-17 14:28:19.283 [error] Error: EEXIST: file already exists, open '/home/jovyan/.local/share/code-server/User/workspaceStorage/-b0fa7f7/vscode.lock'
2024-12-17 14:28:19.287 [info] Lock '/home/jovyan/.local/share/code-server/User/workspaceStorage/-b0fa7f7/vscode.lock': Could not acquire lock, checking if the file is stale.
2024-12-17 14:28:19.292 [info] Lock '/home/jovyan/.local/share/code-server/User/workspaceStorage/-b0fa7f7/vscode.lock': The lock does not look stale, elapsed: 457 ms, giving up.
2024-12-17 14:28:19.292 [error] Error: EEXIST: file already exists, open '/home/jovyan/.local/share/code-server/User/workspaceStorage/-b0fa7f7-1/vscode.lock'
2024-12-17 14:28:19.293 [info] Lock '/home/jovyan/.local/share/code-server/User/workspaceStorage/-b0fa7f7-1/vscode.lock': Could not acquire lock, checking if the file is stale.
2024-12-17 14:28:19.293 [info] Lock '/home/jovyan/.local/share/code-server/User/workspaceStorage/-b0fa7f7-1/vscode.lock': The pid 12067 appears to be gone.
2024-12-17 14:28:19.293 [info] Lock '/home/jovyan/.local/share/code-server/User/workspaceStorage/-b0fa7f7-1/vscode.lock': Deleting a stale lock.
2024-12-17 14:28:19.299 [info] Lock '/home/jovyan/.local/share/code-server/User/workspaceStorage/-b0fa7f7-1/vscode.lock': Lock acquired.
2024-12-17 14:28:19.671 [info] ExtensionService#_doActivateExtension vscode.emmet, startup: false, activationEvent: 'onLanguage'
2024-12-17 14:28:19.672 [info] ExtensionService#_doActivateExtension samuelcolvin.jinjahtml, startup: false, activationEvent: 'onView:dbtPowerUser.PreviewResults', root cause: innoverio.vscode-dbt-power-user
2024-12-17 14:28:19.672 [info] ExtensionService#_doActivateExtension ms-python.python, startup: false, activationEvent: 'onView:dbtPowerUser.PreviewResults', root cause: innoverio.vscode-dbt-power-user
2024-12-17 14:28:20.364 [info] ExtensionService#_doActivateExtension vscode.html-language-features, startup: false, activationEvent: 'api', root cause: samuelcolvin.jinjahtml
2024-12-17 14:28:20.728 [info] ExtensionService#_doActivateExtension vscode.git-base, startup: true, activationEvent: '*', root cause: vscode.git
2024-12-17 14:28:21.065 [info] ExtensionService#_doActivateExtension vscode.git, startup: true, activationEvent: '*'
2024-12-17 14:28:21.066 [info] ExtensionService#_doActivateExtension vscode.github, startup: true, activationEvent: '*'
2024-12-17 14:28:21.339 [info] ExtensionService#_doActivateExtension innoverio.vscode-dbt-power-user, startup: false, activationEvent: 'onView:dbtPowerUser.PreviewResults'
2024-12-17 14:28:21.886 [warning] [Decorations] CAPPING events from decorations provider vscode.git 5536
2024-12-17 14:28:22.789 [warning] [Decorations] CAPPING events from decorations provider vscode.git 5536
2024-12-17 14:28:24.016 [info] ExtensionService#_doActivateExtension vscode.tunnel-forwarding, startup: false, activationEvent: 'onTunnel'
2024-12-17 14:28:26.217 [warning] DiagnosticCollection with name 'dbt' does already exist.
2024-12-17 14:28:26.217 [warning] DiagnosticCollection with name 'dbt' does already exist.
2024-12-17 14:28:26.224 [warning] DiagnosticCollection with name 'dbt' does already exist.
2024-12-17 14:28:26.224 [warning] DiagnosticCollection with name 'dbt' does already exist.
2024-12-17 14:28:26.244 [warning] DiagnosticCollection with name 'dbt' does already exist.
2024-12-17 14:28:26.244 [warning] DiagnosticCollection with name 'dbt' does already exist.
2024-12-17 14:28:26.249 [warning] DiagnosticCollection with name 'dbt' does already exist.
2024-12-17 14:28:26.249 [warning] DiagnosticCollection with name 'dbt' does already exist.
2024-12-17 14:28:26.268 [warning] DiagnosticCollection with name 'dbt' does already exist.
2024-12-17 14:28:26.268 [warning] DiagnosticCollection with name 'dbt' does already exist.
2024-12-17 14:28:26.273 [warning] DiagnosticCollection with name 'dbt' does already exist.
2024-12-17 14:28:26.273 [warning] DiagnosticCollection with name 'dbt' does already exist.
2024-12-17 14:28:26.359 [info] Eager extensions activated
2024-12-17 14:28:26.360 [info] ExtensionService#_doActivateExtension vscode.debug-auto-launch, startup: false, activationEvent: 'onStartupFinished'
2024-12-17 14:28:26.360 [info] ExtensionService#_doActivateExtension vscode.merge-conflict, startup: false, activationEvent: 'onStartupFinished'
2024-12-17 14:28:59.560 [warning] [Decorations] CAPPING events from decorations provider vscode.git 5540
2024-12-17 14:29:04.742 [warning] [Decorations] CAPPING events from decorations provider vscode.git 5540
2024-12-17 14:29:09.912 [warning] [Decorations] CAPPING events from decorations provider vscode.git 5541
2024-12-17 14:29:15.088 [warning] [Decorations] CAPPING events from decorations provider vscode.git 5541
2024-12-17 14:29:26.073 [warning] [Decorations] CAPPING events from decorations provider vscode.git 5543
2024-12-17 14:29:31.252 [warning] [Decorations] CAPPING events from decorations provider vscode.git 5543
2024-12-17 14:29:37.275 [warning] [Decorations] CAPPING events from decorations provider vscode.git 5543
2024-12-17 14:30:01.283 [warning] [Decorations] CAPPING events from decorations provider vscode.git 5544
2024-12-17 14:30:18.067 [warning] [Decorations] CAPPING events from decorations provider vscode.git 5544
2024-12-17 14:30:23.245 [warning] [Decorations] CAPPING events from decorations provider vscode.git 5543
2024-12-17 14:30:28.430 [warning] [Decorations] CAPPING events from decorations provider vscode.git 5544
2024-12-17 14:32:01.543 [info] Extension host terminating: received terminate message from renderer
2024-12-17 14:32:01.544 [info] Lock '/home/jovyan/.local/share/code-server/User/workspaceStorage/-b0fa7f7-1/vscode.lock': Marking the lockfile as scheduled to be released in 6000 ms.
2024-12-17 14:32:01.581 [error] Canceled: Canceled
	at new c (/usr/lib/code-server/lib/vscode/out/vs/workbench/api/node/extensionHostProcess.js:107:57324)
	at i.O (/usr/lib/code-server/lib/vscode/out/vs/workbench/api/node/extensionHostProcess.js:116:10819)
	at N.<computed>.z.charCodeAt.N.<computed> (/usr/lib/code-server/lib/vscode/out/vs/workbench/api/node/extensionHostProcess.js:116:8258)
	at a.g (/usr/lib/code-server/lib/vscode/out/vs/workbench/api/node/extensionHostProcess.js:107:82935)
	at a.executeCommand (/usr/lib/code-server/lib/vscode/out/vs/workbench/api/node/extensionHostProcess.js:107:82359)
	at A.registerCommand.description (/usr/lib/code-server/lib/vscode/out/vs/workbench/api/node/extensionHostProcess.js:107:81666)
	at a.h (/usr/lib/code-server/lib/vscode/out/vs/workbench/api/node/extensionHostProcess.js:107:83471)
	at a.g (/usr/lib/code-server/lib/vscode/out/vs/workbench/api/node/extensionHostProcess.js:107:82459)
	at a.executeCommand (/usr/lib/code-server/lib/vscode/out/vs/workbench/api/node/extensionHostProcess.js:107:82359)
	at Object.executeCommand (/usr/lib/code-server/lib/vscode/out/vs/workbench/api/node/extensionHostProcess.js:122:21215)
	at n.D [as value] (/usr/lib/code-server/lib/vscode/extensions/git/dist/main.js:2:1309000)
	at b.w (/usr/lib/code-server/lib/vscode/out/vs/workbench/api/node/extensionHostProcess.js:63:1918)
	at b.x (/usr/lib/code-server/lib/vscode/out/vs/workbench/api/node/extensionHostProcess.js:63:1988)
	at b.fire (/usr/lib/code-server/lib/vscode/out/vs/workbench/api/node/extensionHostProcess.js:63:2204)
	at Object.m [as dispose] (/usr/lib/code-server/lib/vscode/extensions/git/dist/main.js:2:1324784)
	at /usr/lib/code-server/lib/vscode/extensions/git/dist/main.js:2:1329625
	at Array.forEach (<anonymous>)
	at g.dispose (/usr/lib/code-server/lib/vscode/extensions/git/dist/main.js:2:1329611)
	at r.<anonymous> (/usr/lib/code-server/lib/vscode/out/vs/workbench/api/node/extensionHostProcess.js:103:4254)
	at r.dispose (/usr/lib/code-server/lib/vscode/out/vs/workbench/api/node/extensionHostProcess.js:103:4389)
	at r.<anonymous> (/usr/lib/code-server/lib/vscode/extensions/git/dist/main.js:2:1311012)
	at r.dispose (/usr/lib/code-server/lib/vscode/out/vs/workbench/api/node/extensionHostProcess.js:103:4389)
	at k (/usr/lib/code-server/lib/vscode/out/vs/workbench/api/node/extensionHostProcess.js:13:11733)
	at l.Z (/usr/lib/code-server/lib/vscode/out/vs/workbench/api/node/extensionHostProcess.js:118:10421)
	at /usr/lib/code-server/lib/vscode/out/vs/workbench/api/node/extensionHostProcess.js:118:8337
	at Array.map (<anonymous>)
	at l.S (/usr/lib/code-server/lib/vscode/out/vs/workbench/api/node/extensionHostProcess.js:118:8324)
	at l.terminate (/usr/lib/code-server/lib/vscode/out/vs/workbench/api/node/extensionHostProcess.js:118:8597)
	at o.terminate (/usr/lib/code-server/lib/vscode/out/vs/workbench/api/node/extensionHostProcess.js:122:1513)
	at t (/usr/lib/code-server/lib/vscode/out/vs/workbench/api/node/extensionHostProcess.js:135:9800)
	at n.value (/usr/lib/code-server/lib/vscode/out/vs/workbench/api/node/extensionHostProcess.js:135:7846)
	at b.w (/usr/lib/code-server/lib/vscode/out/vs/workbench/api/node/extensionHostProcess.js:63:1918)
	at b.fire (/usr/lib/code-server/lib/vscode/out/vs/workbench/api/node/extensionHostProcess.js:63:2135)
	at v.fire (/usr/lib/code-server/lib/vscode/out/vs/workbench/api/node/extensionHostProcess.js:75:13884)
	at s.z (/usr/lib/code-server/lib/vscode/out/vs/workbench/api/node/extensionHostProcess.js:75:16929)
	at n.value (/usr/lib/code-server/lib/vscode/out/vs/workbench/api/node/extensionHostProcess.js:75:15381)
	at b.w (/usr/lib/code-server/lib/vscode/out/vs/workbench/api/node/extensionHostProcess.js:63:1918)
	at b.fire (/usr/lib/code-server/lib/vscode/out/vs/workbench/api/node/extensionHostProcess.js:63:2135)
	at n.acceptChunk (/usr/lib/code-server/lib/vscode/out/vs/workbench/api/node/extensionHostProcess.js:75:11658)
	at n.value (/usr/lib/code-server/lib/vscode/out/vs/workbench/api/node/extensionHostProcess.js:75:10945)
	at b.w (/usr/lib/code-server/lib/vscode/out/vs/workbench/api/node/extensionHostProcess.js:63:1918)
	at b.fire (/usr/lib/code-server/lib/vscode/out/vs/workbench/api/node/extensionHostProcess.js:63:2135)
	at b.u (/usr/lib/code-server/lib/vscode/out/vs/workbench/api/node/extensionHostProcess.js:132:19063) setContext undefined
2024-12-17 14:32:01.581 [error] Canceled: Canceled
	at new c (/usr/lib/code-server/lib/vscode/out/vs/workbench/api/node/extensionHostProcess.js:107:57324)
	at i.O (/usr/lib/code-server/lib/vscode/out/vs/workbench/api/node/extensionHostProcess.js:116:10819)
	at N.<computed>.z.charCodeAt.N.<computed> (/usr/lib/code-server/lib/vscode/out/vs/workbench/api/node/extensionHostProcess.js:116:8258)
	at a.g (/usr/lib/code-server/lib/vscode/out/vs/workbench/api/node/extensionHostProcess.js:107:82935)
	at a.executeCommand (/usr/lib/code-server/lib/vscode/out/vs/workbench/api/node/extensionHostProcess.js:107:82359)
	at A.registerCommand.description (/usr/lib/code-server/lib/vscode/out/vs/workbench/api/node/extensionHostProcess.js:107:81666)
	at a.h (/usr/lib/code-server/lib/vscode/out/vs/workbench/api/node/extensionHostProcess.js:107:83471)
	at a.g (/usr/lib/code-server/lib/vscode/out/vs/workbench/api/node/extensionHostProcess.js:107:82459)
	at a.executeCommand (/usr/lib/code-server/lib/vscode/out/vs/workbench/api/node/extensionHostProcess.js:107:82359)
	at Object.executeCommand (/usr/lib/code-server/lib/vscode/out/vs/workbench/api/node/extensionHostProcess.js:122:21215)
	at set b [as b] (/usr/lib/code-server/lib/vscode/extensions/github/dist/extension.js:2:714434)
	at /usr/lib/code-server/lib/vscode/extensions/github/dist/extension.js:2:715075
	at n.value (/usr/lib/code-server/lib/vscode/extensions/git/dist/main.js:2:1396602)
	at b.w (/usr/lib/code-server/lib/vscode/out/vs/workbench/api/node/extensionHostProcess.js:63:1918)
	at b.x (/usr/lib/code-server/lib/vscode/out/vs/workbench/api/node/extensionHostProcess.js:63:1988)
	at b.fire (/usr/lib/code-server/lib/vscode/out/vs/workbench/api/node/extensionHostProcess.js:63:2204)
	at Object.m [as dispose] (/usr/lib/code-server/lib/vscode/extensions/git/dist/main.js:2:1324784)
	at /usr/lib/code-server/lib/vscode/extensions/git/dist/main.js:2:1329625
	at Array.forEach (<anonymous>)
	at g.dispose (/usr/lib/code-server/lib/vscode/extensions/git/dist/main.js:2:1329611)
	at r.<anonymous> (/usr/lib/code-server/lib/vscode/out/vs/workbench/api/node/extensionHostProcess.js:103:4254)
	at r.dispose (/usr/lib/code-server/lib/vscode/out/vs/workbench/api/node/extensionHostProcess.js:103:4389)
	at r.<anonymous> (/usr/lib/code-server/lib/vscode/extensions/git/dist/main.js:2:1311012)
	at r.dispose (/usr/lib/code-server/lib/vscode/out/vs/workbench/api/node/extensionHostProcess.js:103:4389)
	at k (/usr/lib/code-server/lib/vscode/out/vs/workbench/api/node/extensionHostProcess.js:13:11733)
	at l.Z (/usr/lib/code-server/lib/vscode/out/vs/workbench/api/node/extensionHostProcess.js:118:10421)
	at /usr/lib/code-server/lib/vscode/out/vs/workbench/api/node/extensionHostProcess.js:118:8337
	at Array.map (<anonymous>)
	at l.S (/usr/lib/code-server/lib/vscode/out/vs/workbench/api/node/extensionHostProcess.js:118:8324)
	at l.terminate (/usr/lib/code-server/lib/vscode/out/vs/workbench/api/node/extensionHostProcess.js:118:8597)
	at o.terminate (/usr/lib/code-server/lib/vscode/out/vs/workbench/api/node/extensionHostProcess.js:122:1513)
	at t (/usr/lib/code-server/lib/vscode/out/vs/workbench/api/node/extensionHostProcess.js:135:9800)
	at n.value (/usr/lib/code-server/lib/vscode/out/vs/workbench/api/node/extensionHostProcess.js:135:7846)
	at b.w (/usr/lib/code-server/lib/vscode/out/vs/workbench/api/node/extensionHostProcess.js:63:1918)
	at b.fire (/usr/lib/code-server/lib/vscode/out/vs/workbench/api/node/extensionHostProcess.js:63:2135)
	at v.fire (/usr/lib/code-server/lib/vscode/out/vs/workbench/api/node/extensionHostProcess.js:75:13884)
	at s.z (/usr/lib/code-server/lib/vscode/out/vs/workbench/api/node/extensionHostProcess.js:75:16929)
	at n.value (/usr/lib/code-server/lib/vscode/out/vs/workbench/api/node/extensionHostProcess.js:75:15381)
	at b.w (/usr/lib/code-server/lib/vscode/out/vs/workbench/api/node/extensionHostProcess.js:63:1918)
	at b.fire (/usr/lib/code-server/lib/vscode/out/vs/workbench/api/node/extensionHostProcess.js:63:2135)
	at n.acceptChunk (/usr/lib/code-server/lib/vscode/out/vs/workbench/api/node/extensionHostProcess.js:75:11658)
	at n.value (/usr/lib/code-server/lib/vscode/out/vs/workbench/api/node/extensionHostProcess.js:75:10945)
	at b.w (/usr/lib/code-server/lib/vscode/out/vs/workbench/api/node/extensionHostProcess.js:63:1918)
	at b.fire (/usr/lib/code-server/lib/vscode/out/vs/workbench/api/node/extensionHostProcess.js:63:2135)
	at b.u (/usr/lib/code-server/lib/vscode/out/vs/workbench/api/node/extensionHostProcess.js:132:19063) setContext undefined
2024-12-17 14:32:06.579 [info] Extension host with pid 387 exiting with code 0
