2024-12-17 14:32:11.420 [info] Log level: Info
2024-12-17 14:32:11.420 [info] Validating found git in: "git"
2024-12-17 14:32:11.420 [info] Using git "2.34.1" from "git"
2024-12-17 14:32:11.420 [info] > git rev-parse --show-toplevel [3ms]
2024-12-17 14:32:11.420 [info] > git rev-parse --git-dir --git-common-dir [6ms]
2024-12-17 14:32:11.420 [info] Open repository: /home/jovyan
2024-12-17 14:32:11.420 [info] > git config --get commit.template [9ms]
2024-12-17 14:32:11.420 [info] > git rev-parse --show-toplevel [3ms]
2024-12-17 14:32:11.420 [info] No remotes found in the git config file.
2024-12-17 14:32:11.420 [info] > git for-each-ref --format=%(refname)%00%(upstream:short)%00%(objectname)%00%(upstream:track)%00%(upstream:remotename)%00%(upstream:remoteref) refs/heads/main refs/remotes/main [9ms]
2024-12-17 14:32:11.420 [info] > git rev-parse --show-toplevel [13ms]
2024-12-17 14:32:11.420 [info] > git rev-parse --show-toplevel [2ms]
2024-12-17 14:32:11.420 [info] > git rev-parse --show-toplevel [9ms]
2024-12-17 14:32:11.420 [info] > git rev-parse --show-toplevel [4ms]
2024-12-17 14:32:11.420 [info] > git status -z -uall [53ms]
2024-12-17 14:32:11.420 [info] > git rev-parse --show-toplevel [2ms]
2024-12-17 14:32:11.420 [info] > git config --get commit.template [7ms]
2024-12-17 14:32:11.420 [info] > git rev-parse --show-toplevel [17ms]
2024-12-17 14:32:11.420 [info] No remotes found in the git config file.
2024-12-17 14:32:11.420 [info] > git for-each-ref --format=%(refname)%00%(upstream:short)%00%(objectname)%00%(upstream:track)%00%(upstream:remotename)%00%(upstream:remoteref) refs/heads/main refs/remotes/main [108ms]
2024-12-17 14:32:11.420 [info] > git rev-parse --show-toplevel [127ms]
2024-12-17 14:32:11.420 [info] > git rev-parse --show-toplevel [1ms]
2024-12-17 14:32:11.420 [info] > git rev-parse --show-toplevel [5ms]
2024-12-17 14:32:11.427 [info] > git status -z -uall [39ms]
2024-12-17 14:32:12.847 [info] > git check-ignore -v -z --stdin [15ms]
2024-12-17 14:32:13.358 [info] > git check-ignore -v -z --stdin [2ms]
2024-12-17 14:32:14.294 [info] > git show --textconv :Internal/models/example/college_leads.sql [25ms]
2024-12-17 14:32:14.296 [info] > git ls-files --stage -- /home/jovyan/Internal/models/example/college_leads.sql [12ms]
2024-12-17 14:32:19.259 [info] No remotes found in the git config file.
2024-12-17 14:32:19.260 [info] > git config --get commit.template [20ms]
2024-12-17 14:32:19.298 [info] > git for-each-ref --format=%(refname)%00%(upstream:short)%00%(objectname)%00%(upstream:track)%00%(upstream:remotename)%00%(upstream:remoteref) refs/heads/main refs/remotes/main [39ms]
2024-12-17 14:32:19.347 [info] > git status -z -uall [36ms]
2024-12-17 14:32:29.114 [info] > git check-ignore -v -z --stdin [2ms]
2024-12-17 14:32:56.981 [info] > git check-ignore -v -z --stdin [1ms]
2024-12-17 14:32:58.916 [info] > git check-ignore -v -z --stdin [2ms]
2024-12-17 14:33:00.132 [info] > git check-ignore -v -z --stdin [2ms]
2024-12-17 14:33:05.697 [info] > git check-ignore -v -z --stdin [2ms]
2024-12-17 14:33:11.133 [info] > git check-ignore -v -z --stdin [2ms]
2024-12-17 14:33:18.407 [info] > git check-ignore -v -z --stdin [2ms]
2024-12-17 14:33:32.147 [info] > git check-ignore -v -z --stdin [1ms]
2024-12-17 14:34:42.566 [info] > git config --get commit.template [2ms]
2024-12-17 14:34:42.576 [info] No remotes found in the git config file.
2024-12-17 14:34:42.578 [info] > git for-each-ref --format=%(refname)%00%(upstream:short)%00%(objectname)%00%(upstream:track)%00%(upstream:remotename)%00%(upstream:remoteref) refs/heads/main refs/remotes/main [1ms]
2024-12-17 14:34:42.627 [info] > git status -z -uall [41ms]
2024-12-17 14:34:47.776 [info] No remotes found in the git config file.
2024-12-17 14:34:47.778 [info] > git config --get commit.template [27ms]
2024-12-17 14:34:47.778 [info] > git for-each-ref --format=%(refname)%00%(upstream:short)%00%(objectname)%00%(upstream:track)%00%(upstream:remotename)%00%(upstream:remoteref) refs/heads/main refs/remotes/main [3ms]
2024-12-17 14:34:47.833 [info] > git status -z -uall [39ms]
2024-12-17 14:35:04.277 [info] > git check-ignore -v -z --stdin [1ms]
2024-12-17 14:35:05.009 [info] > git check-ignore -v -z --stdin [1ms]
2024-12-17 14:35:07.024 [info] > git check-ignore -v -z --stdin [1ms]
2024-12-17 14:35:10.576 [info] > git check-ignore -v -z --stdin [1ms]
2024-12-17 14:35:10.931 [info] > git show --textconv :.local/share/code-server/extensions/innoverio.vscode-dbt-power-user-0.50.4-universal/media/installDeps.md [15ms]
2024-12-17 14:35:10.933 [info] > git ls-files --stage -- /home/jovyan/.local/share/code-server/extensions/innoverio.vscode-dbt-power-user-0.50.4-universal/media/installDeps.md [3ms]
2024-12-17 14:35:15.926 [info] > git check-ignore -v -z --stdin [1ms]
2024-12-17 14:35:16.872 [info] > git check-ignore -v -z --stdin [1ms]
2024-12-17 14:35:37.975 [info] > git config --get commit.template [14ms]
2024-12-17 14:35:37.975 [info] No remotes found in the git config file.
2024-12-17 14:35:37.976 [info] > git for-each-ref --format=%(refname)%00%(upstream:short)%00%(objectname)%00%(upstream:track)%00%(upstream:remotename)%00%(upstream:remoteref) refs/heads/main refs/remotes/main [4ms]
2024-12-17 14:35:38.038 [info] > git status -z -uall [48ms]
