2024-12-22 09:56:56.583 [info] Log level: Info
2024-12-22 09:56:56.583 [info] Validating found git in: "git"
2024-12-22 09:56:56.583 [info] Using git "2.34.1" from "git"
2024-12-22 09:56:56.583 [info] > git rev-parse --show-toplevel [3ms]
2024-12-22 09:56:56.583 [info] > git rev-parse --git-dir --git-common-dir [1ms]
2024-12-22 09:56:56.583 [info] Open repository: /home/jovyan
2024-12-22 09:56:56.583 [info] > git config --get commit.template [3ms]
2024-12-22 09:56:56.583 [info] > git rev-parse --show-toplevel [1ms]
2024-12-22 09:56:56.583 [info] No remotes found in the git config file.
2024-12-22 09:56:56.583 [info] > git for-each-ref --format=%(refname)%00%(upstream:short)%00%(objectname)%00%(upstream:track)%00%(upstream:remotename)%00%(upstream:remoteref) refs/heads/main refs/remotes/main [5ms]
2024-12-22 09:56:56.583 [info] > git rev-parse --show-toplevel [5ms]
2024-12-22 09:56:56.583 [info] > git rev-parse --show-toplevel [1ms]
2024-12-22 09:56:56.583 [info] > git rev-parse --show-toplevel [0ms]
2024-12-22 09:56:56.583 [info] > git rev-parse --show-toplevel [0ms]
2024-12-22 09:56:56.583 [info] > git rev-parse --show-toplevel [0ms]
2024-12-22 09:56:56.583 [info] > git rev-parse --show-toplevel [0ms]
2024-12-22 09:56:56.583 [info] > git rev-parse --show-toplevel [0ms]
2024-12-22 09:56:56.583 [info] > git rev-parse --show-toplevel [1ms]
2024-12-22 09:56:56.583 [info] > git rev-parse --show-toplevel [2ms]
2024-12-22 09:56:56.583 [info] > git status -z -uall [37ms]
2024-12-22 09:56:56.583 [info] > git rev-parse --show-toplevel [1ms]
2024-12-22 09:56:56.583 [info] > git rev-parse --show-toplevel [575ms]
2024-12-22 09:56:56.583 [info] > git config --get commit.template [10ms]
2024-12-22 09:56:56.583 [info] > git rev-parse --show-toplevel [1ms]
2024-12-22 09:56:56.583 [info] No remotes found in the git config file.
2024-12-22 09:56:56.583 [info] > git for-each-ref --format=%(refname)%00%(upstream:short)%00%(objectname)%00%(upstream:track)%00%(upstream:remotename)%00%(upstream:remoteref) refs/heads/main refs/remotes/main [7ms]
2024-12-22 09:56:56.583 [info] > git rev-parse --show-toplevel [6ms]
2024-12-22 09:56:56.782 [info] > git status -z -uall [211ms]
2024-12-22 09:56:57.456 [info] > git check-ignore -v -z --stdin [4ms]
2024-12-22 09:56:57.699 [info] > git show --textconv :Internal/models/gold/dim_customers.sql [8ms]
2024-12-22 09:56:57.786 [info] > git ls-files --stage -- /home/jovyan/Internal/models/gold/dim_customers.sql [88ms]
2024-12-22 09:57:05.134 [info] No remotes found in the git config file.
2024-12-22 09:57:05.135 [info] > git config --get commit.template [8ms]
2024-12-22 09:57:05.135 [info] > git for-each-ref --format=%(refname)%00%(upstream:short)%00%(objectname)%00%(upstream:track)%00%(upstream:remotename)%00%(upstream:remoteref) refs/heads/main refs/remotes/main [1ms]
2024-12-22 09:57:05.169 [info] > git status -z -uall [27ms]
2024-12-22 09:57:07.038 [info] > git show --textconv :Internal/dbt_project.yml [10ms]
2024-12-22 09:57:07.039 [info] > git ls-files --stage -- /home/jovyan/Internal/dbt_project.yml [1ms]
2024-12-22 09:57:07.141 [info] > git check-ignore -v -z --stdin [1ms]
2024-12-22 09:57:10.268 [info] No remotes found in the git config file.
2024-12-22 09:57:10.269 [info] > git config --get commit.template [9ms]
2024-12-22 09:57:10.269 [info] > git for-each-ref --format=%(refname)%00%(upstream:short)%00%(objectname)%00%(upstream:track)%00%(upstream:remotename)%00%(upstream:remoteref) refs/heads/main refs/remotes/main [2ms]
2024-12-22 09:57:10.302 [info] > git status -z -uall [26ms]
2024-12-22 09:57:14.924 [info] > git show --textconv :Internal/models/silver/sources.yml [10ms]
2024-12-22 09:57:14.925 [info] > git ls-files --stage -- /home/jovyan/Internal/models/silver/sources.yml [1ms]
2024-12-22 09:57:15.387 [info] No remotes found in the git config file.
2024-12-22 09:57:15.388 [info] > git config --get commit.template [11ms]
2024-12-22 09:57:15.389 [info] > git for-each-ref --format=%(refname)%00%(upstream:short)%00%(objectname)%00%(upstream:track)%00%(upstream:remotename)%00%(upstream:remoteref) refs/heads/main refs/remotes/main [1ms]
2024-12-22 09:57:15.420 [info] > git status -z -uall [24ms]
2024-12-22 09:57:16.515 [info] > git check-ignore -v -z --stdin [1ms]
2024-12-22 09:57:20.503 [info] No remotes found in the git config file.
2024-12-22 09:57:20.503 [info] > git config --get commit.template [11ms]
2024-12-22 09:57:20.503 [info] > git for-each-ref --format=%(refname)%00%(upstream:short)%00%(objectname)%00%(upstream:track)%00%(upstream:remotename)%00%(upstream:remoteref) refs/heads/main refs/remotes/main [1ms]
2024-12-22 09:57:20.535 [info] > git status -z -uall [24ms]
2024-12-22 09:57:22.701 [info] > git show --textconv :Internal/models/silver/silver_websiteform.sql [13ms]
2024-12-22 09:57:22.702 [info] > git ls-files --stage -- /home/jovyan/Internal/models/silver/silver_websiteform.sql [1ms]
2024-12-22 09:57:25.837 [info] > git show --textconv :Internal/models/silver/silver_converted_lead.sql [15ms]
2024-12-22 09:57:25.838 [info] > git ls-files --stage -- /home/jovyan/Internal/models/silver/silver_converted_lead.sql [1ms]
2024-12-22 09:57:28.090 [info] > git show --textconv :Internal/models/silver/silver_generalstudent.sql [13ms]
2024-12-22 09:57:28.091 [info] > git ls-files --stage -- /home/jovyan/Internal/models/silver/silver_generalstudent.sql [1ms]
2024-12-22 09:57:28.945 [info] > git show --textconv :Internal/models/silver/silver_fiscal_year.sql [13ms]
2024-12-22 09:57:28.945 [info] > git ls-files --stage -- /home/jovyan/Internal/models/silver/silver_fiscal_year.sql [1ms]
2024-12-22 09:57:30.112 [info] > git show --textconv :Internal/macros/flatten_json_trino.sql [13ms]
2024-12-22 09:57:30.113 [info] > git ls-files --stage -- /home/jovyan/Internal/macros/flatten_json_trino.sql [2ms]
2024-12-22 09:57:33.461 [info] > git config --get commit.template [15ms]
2024-12-22 09:57:33.461 [info] No remotes found in the git config file.
2024-12-22 09:57:33.461 [info] > git for-each-ref --format=%(refname)%00%(upstream:short)%00%(objectname)%00%(upstream:track)%00%(upstream:remotename)%00%(upstream:remoteref) refs/heads/main refs/remotes/main [1ms]
2024-12-22 09:57:33.497 [info] > git status -z -uall [24ms]
2024-12-22 09:57:38.577 [info] No remotes found in the git config file.
2024-12-22 09:57:38.578 [info] > git config --get commit.template [9ms]
2024-12-22 09:57:38.578 [info] > git for-each-ref --format=%(refname)%00%(upstream:short)%00%(objectname)%00%(upstream:track)%00%(upstream:remotename)%00%(upstream:remoteref) refs/heads/main refs/remotes/main [1ms]
2024-12-22 09:57:38.608 [info] > git status -z -uall [23ms]
2024-12-22 10:02:07.932 [info] No remotes found in the git config file.
2024-12-22 10:02:07.933 [info] > git config --get commit.template [6ms]
2024-12-22 10:02:07.933 [info] > git for-each-ref --format=%(refname)%00%(upstream:short)%00%(objectname)%00%(upstream:track)%00%(upstream:remotename)%00%(upstream:remoteref) refs/heads/main refs/remotes/main [2ms]
2024-12-22 10:02:07.968 [info] > git status -z -uall [30ms]
2024-12-22 10:02:13.046 [info] No remotes found in the git config file.
2024-12-22 10:02:13.047 [info] > git config --get commit.template [8ms]
2024-12-22 10:02:13.047 [info] > git for-each-ref --format=%(refname)%00%(upstream:short)%00%(objectname)%00%(upstream:track)%00%(upstream:remotename)%00%(upstream:remoteref) refs/heads/main refs/remotes/main [2ms]
2024-12-22 10:02:13.077 [info] > git status -z -uall [24ms]
2024-12-22 10:07:08.464 [info] > git config --get commit.template [1ms]
2024-12-22 10:07:08.471 [info] No remotes found in the git config file.
2024-12-22 10:07:08.471 [info] > git for-each-ref --format=%(refname)%00%(upstream:short)%00%(objectname)%00%(upstream:track)%00%(upstream:remotename)%00%(upstream:remoteref) refs/heads/main refs/remotes/main [1ms]
2024-12-22 10:07:08.505 [info] > git status -z -uall [28ms]
2024-12-22 10:07:13.591 [info] No remotes found in the git config file.
2024-12-22 10:07:13.592 [info] > git config --get commit.template [9ms]
2024-12-22 10:07:13.592 [info] > git for-each-ref --format=%(refname)%00%(upstream:short)%00%(objectname)%00%(upstream:track)%00%(upstream:remotename)%00%(upstream:remoteref) refs/heads/main refs/remotes/main [1ms]
2024-12-22 10:07:13.623 [info] > git status -z -uall [24ms]
2024-12-22 10:07:17.148 [info] > git ls-files --stage -- /home/jovyan/Internal/models/silver/silver_fiscal_year.sql [6ms]
2024-12-22 10:07:17.149 [info] > git ls-files --stage -- /home/jovyan/Internal/models/silver/silver_generalstudent.sql [13ms]
2024-12-22 10:07:17.149 [info] > git ls-files --stage -- /home/jovyan/Internal/models/silver/silver_converted_lead.sql [18ms]
2024-12-22 10:07:17.149 [info] > git ls-files --stage -- /home/jovyan/Internal/models/silver/silver_websiteform.sql [24ms]
2024-12-22 10:07:17.150 [info] > git ls-files --stage -- /home/jovyan/Internal/models/silver/sources.yml [30ms]
2024-12-22 10:07:17.150 [info] > git ls-files --stage -- /home/jovyan/Internal/dbt_project.yml [37ms]
2024-12-22 10:07:17.150 [info] > git ls-files --stage -- /home/jovyan/Internal/models/gold/dim_customers.sql [45ms]
2024-12-22 10:07:17.150 [info] > git ls-files --stage -- /home/jovyan/Internal/macros/flatten_json_trino.sql [3ms]
2024-12-22 10:07:17.438 [info] > git show --textconv :Internal/models/silver/silver_fiscal_year.sql [37ms]
2024-12-22 10:07:17.438 [info] > git show --textconv :Internal/models/silver/silver_generalstudent.sql [30ms]
2024-12-22 10:07:17.438 [info] > git show --textconv :Internal/models/silver/silver_converted_lead.sql [24ms]
2024-12-22 10:07:17.438 [info] > git show --textconv :Internal/models/silver/silver_websiteform.sql [18ms]
2024-12-22 10:07:17.438 [info] > git show --textconv :Internal/models/silver/sources.yml [12ms]
2024-12-22 10:07:17.438 [info] > git show --textconv :Internal/dbt_project.yml [7ms]
2024-12-22 10:07:17.438 [info] > git show --textconv :Internal/models/gold/dim_customers.sql [1ms]
2024-12-22 10:07:17.446 [info] > git show --textconv :Internal/macros/flatten_json_trino.sql [1ms]
2024-12-22 10:07:18.702 [info] No remotes found in the git config file.
2024-12-22 10:07:18.703 [info] > git config --get commit.template [7ms]
2024-12-22 10:07:18.703 [info] > git for-each-ref --format=%(refname)%00%(upstream:short)%00%(objectname)%00%(upstream:track)%00%(upstream:remotename)%00%(upstream:remoteref) refs/heads/main refs/remotes/main [1ms]
2024-12-22 10:07:18.733 [info] > git status -z -uall [24ms]
2024-12-22 10:07:24.260 [info] No remotes found in the git config file.
2024-12-22 10:07:24.260 [info] > git config --get commit.template [10ms]
2024-12-22 10:07:24.261 [info] > git for-each-ref --format=%(refname)%00%(upstream:short)%00%(objectname)%00%(upstream:track)%00%(upstream:remotename)%00%(upstream:remoteref) refs/heads/main refs/remotes/main [2ms]
2024-12-22 10:07:24.300 [info] > git status -z -uall [32ms]
2024-12-22 10:07:38.861 [info] No remotes found in the git config file.
2024-12-22 10:07:38.862 [info] > git config --get commit.template [6ms]
2024-12-22 10:07:38.862 [info] > git for-each-ref --format=%(refname)%00%(upstream:short)%00%(objectname)%00%(upstream:track)%00%(upstream:remotename)%00%(upstream:remoteref) refs/heads/main refs/remotes/main [1ms]
2024-12-22 10:07:38.895 [info] > git status -z -uall [28ms]
2024-12-22 10:07:42.033 [info] > git ls-files --stage -- /home/jovyan/Internal/models/silver/silver_fiscal_year.sql [7ms]
2024-12-22 10:07:42.034 [info] > git ls-files --stage -- /home/jovyan/Internal/models/silver/silver_generalstudent.sql [15ms]
2024-12-22 10:07:42.034 [info] > git ls-files --stage -- /home/jovyan/Internal/models/silver/silver_converted_lead.sql [21ms]
2024-12-22 10:07:42.034 [info] > git ls-files --stage -- /home/jovyan/Internal/models/silver/silver_websiteform.sql [28ms]
2024-12-22 10:07:42.034 [info] > git ls-files --stage -- /home/jovyan/Internal/models/silver/sources.yml [34ms]
2024-12-22 10:07:42.035 [info] > git ls-files --stage -- /home/jovyan/Internal/dbt_project.yml [41ms]
2024-12-22 10:07:42.035 [info] > git ls-files --stage -- /home/jovyan/Internal/models/gold/dim_customers.sql [48ms]
2024-12-22 10:07:42.035 [info] > git ls-files --stage -- /home/jovyan/Internal/macros/flatten_json_trino.sql [3ms]
2024-12-22 10:07:42.468 [info] > git show --textconv :Internal/models/silver/silver_fiscal_year.sql [38ms]
2024-12-22 10:07:42.468 [info] > git show --textconv :Internal/models/silver/silver_generalstudent.sql [31ms]
2024-12-22 10:07:42.468 [info] > git show --textconv :Internal/models/silver/silver_converted_lead.sql [24ms]
2024-12-22 10:07:42.468 [info] > git show --textconv :Internal/models/silver/silver_websiteform.sql [18ms]
2024-12-22 10:07:42.468 [info] > git show --textconv :Internal/models/silver/sources.yml [12ms]
2024-12-22 10:07:42.468 [info] > git show --textconv :Internal/dbt_project.yml [6ms]
2024-12-22 10:07:42.468 [info] > git show --textconv :Internal/models/gold/dim_customers.sql [1ms]
2024-12-22 10:07:42.477 [info] > git show --textconv :Internal/macros/flatten_json_trino.sql [1ms]
2024-12-22 10:07:43.970 [info] No remotes found in the git config file.
2024-12-22 10:07:43.971 [info] > git config --get commit.template [8ms]
2024-12-22 10:07:43.971 [info] > git for-each-ref --format=%(refname)%00%(upstream:short)%00%(objectname)%00%(upstream:track)%00%(upstream:remotename)%00%(upstream:remoteref) refs/heads/main refs/remotes/main [1ms]
2024-12-22 10:07:44.001 [info] > git status -z -uall [23ms]
2024-12-22 10:07:49.081 [info] No remotes found in the git config file.
2024-12-22 10:07:49.082 [info] > git config --get commit.template [7ms]
2024-12-22 10:07:49.082 [info] > git for-each-ref --format=%(refname)%00%(upstream:short)%00%(objectname)%00%(upstream:track)%00%(upstream:remotename)%00%(upstream:remoteref) refs/heads/main refs/remotes/main [1ms]
2024-12-22 10:07:49.112 [info] > git status -z -uall [24ms]
2024-12-22 10:07:54.191 [info] No remotes found in the git config file.
2024-12-22 10:07:54.192 [info] > git config --get commit.template [10ms]
2024-12-22 10:07:54.192 [info] > git for-each-ref --format=%(refname)%00%(upstream:short)%00%(objectname)%00%(upstream:track)%00%(upstream:remotename)%00%(upstream:remoteref) refs/heads/main refs/remotes/main [1ms]
2024-12-22 10:07:54.223 [info] > git status -z -uall [24ms]
2024-12-22 10:07:59.322 [info] No remotes found in the git config file.
2024-12-22 10:07:59.323 [info] > git config --get commit.template [18ms]
2024-12-22 10:07:59.323 [info] > git for-each-ref --format=%(refname)%00%(upstream:short)%00%(objectname)%00%(upstream:track)%00%(upstream:remotename)%00%(upstream:remoteref) refs/heads/main refs/remotes/main [2ms]
2024-12-22 10:07:59.362 [info] > git status -z -uall [25ms]
2024-12-22 10:08:05.280 [info] No remotes found in the git config file.
2024-12-22 10:08:05.281 [info] > git config --get commit.template [12ms]
2024-12-22 10:08:05.281 [info] > git for-each-ref --format=%(refname)%00%(upstream:short)%00%(objectname)%00%(upstream:track)%00%(upstream:remotename)%00%(upstream:remoteref) refs/heads/main refs/remotes/main [1ms]
2024-12-22 10:08:05.314 [info] > git status -z -uall [24ms]
2024-12-22 10:08:10.391 [info] No remotes found in the git config file.
2024-12-22 10:08:10.392 [info] > git config --get commit.template [10ms]
2024-12-22 10:08:10.392 [info] > git for-each-ref --format=%(refname)%00%(upstream:short)%00%(objectname)%00%(upstream:track)%00%(upstream:remotename)%00%(upstream:remoteref) refs/heads/main refs/remotes/main [1ms]
2024-12-22 10:08:10.424 [info] > git status -z -uall [24ms]
2024-12-22 10:08:15.506 [info] No remotes found in the git config file.
2024-12-22 10:08:15.506 [info] > git config --get commit.template [10ms]
2024-12-22 10:08:15.506 [info] > git for-each-ref --format=%(refname)%00%(upstream:short)%00%(objectname)%00%(upstream:track)%00%(upstream:remotename)%00%(upstream:remoteref) refs/heads/main refs/remotes/main [1ms]
2024-12-22 10:08:15.538 [info] > git status -z -uall [24ms]
2024-12-22 10:08:20.623 [info] No remotes found in the git config file.
2024-12-22 10:08:20.623 [info] > git config --get commit.template [12ms]
2024-12-22 10:08:20.623 [info] > git for-each-ref --format=%(refname)%00%(upstream:short)%00%(objectname)%00%(upstream:track)%00%(upstream:remotename)%00%(upstream:remoteref) refs/heads/main refs/remotes/main [1ms]
2024-12-22 10:08:20.658 [info] > git status -z -uall [25ms]
2024-12-22 10:08:25.747 [info] No remotes found in the git config file.
2024-12-22 10:08:25.747 [info] > git config --get commit.template [11ms]
2024-12-22 10:08:25.747 [info] > git for-each-ref --format=%(refname)%00%(upstream:short)%00%(objectname)%00%(upstream:track)%00%(upstream:remotename)%00%(upstream:remoteref) refs/heads/main refs/remotes/main [1ms]
2024-12-22 10:08:25.780 [info] > git status -z -uall [24ms]
2024-12-22 10:08:30.857 [info] No remotes found in the git config file.
2024-12-22 10:08:30.858 [info] > git config --get commit.template [9ms]
2024-12-22 10:08:30.858 [info] > git for-each-ref --format=%(refname)%00%(upstream:short)%00%(objectname)%00%(upstream:track)%00%(upstream:remotename)%00%(upstream:remoteref) refs/heads/main refs/remotes/main [1ms]
2024-12-22 10:08:30.890 [info] > git status -z -uall [25ms]
2024-12-22 10:08:35.969 [info] No remotes found in the git config file.
2024-12-22 10:08:35.970 [info] > git config --get commit.template [10ms]
2024-12-22 10:08:35.970 [info] > git for-each-ref --format=%(refname)%00%(upstream:short)%00%(objectname)%00%(upstream:track)%00%(upstream:remotename)%00%(upstream:remoteref) refs/heads/main refs/remotes/main [1ms]
2024-12-22 10:08:36.000 [info] > git status -z -uall [23ms]
2024-12-22 10:08:41.069 [info] No remotes found in the git config file.
2024-12-22 10:08:41.080 [info] > git config --get commit.template [11ms]
2024-12-22 10:08:41.080 [info] > git for-each-ref --format=%(refname)%00%(upstream:short)%00%(objectname)%00%(upstream:track)%00%(upstream:remotename)%00%(upstream:remoteref) refs/heads/main refs/remotes/main [1ms]
2024-12-22 10:08:41.114 [info] > git status -z -uall [25ms]
2024-12-22 10:08:46.196 [info] No remotes found in the git config file.
2024-12-22 10:08:46.197 [info] > git config --get commit.template [11ms]
2024-12-22 10:08:46.197 [info] > git for-each-ref --format=%(refname)%00%(upstream:short)%00%(objectname)%00%(upstream:track)%00%(upstream:remotename)%00%(upstream:remoteref) refs/heads/main refs/remotes/main [1ms]
2024-12-22 10:08:46.229 [info] > git status -z -uall [24ms]
2024-12-22 10:08:51.305 [info] No remotes found in the git config file.
2024-12-22 10:08:51.317 [info] > git config --get commit.template [12ms]
2024-12-22 10:08:51.317 [info] > git for-each-ref --format=%(refname)%00%(upstream:short)%00%(objectname)%00%(upstream:track)%00%(upstream:remotename)%00%(upstream:remoteref) refs/heads/main refs/remotes/main [1ms]
2024-12-22 10:08:51.350 [info] > git status -z -uall [23ms]
2024-12-22 10:08:56.431 [info] No remotes found in the git config file.
2024-12-22 10:08:56.432 [info] > git config --get commit.template [10ms]
2024-12-22 10:08:56.432 [info] > git for-each-ref --format=%(refname)%00%(upstream:short)%00%(objectname)%00%(upstream:track)%00%(upstream:remotename)%00%(upstream:remoteref) refs/heads/main refs/remotes/main [1ms]
2024-12-22 10:08:56.464 [info] > git status -z -uall [25ms]
2024-12-22 10:09:01.545 [info] No remotes found in the git config file.
2024-12-22 10:09:01.545 [info] > git config --get commit.template [11ms]
2024-12-22 10:09:01.546 [info] > git for-each-ref --format=%(refname)%00%(upstream:short)%00%(objectname)%00%(upstream:track)%00%(upstream:remotename)%00%(upstream:remoteref) refs/heads/main refs/remotes/main [1ms]
2024-12-22 10:09:01.579 [info] > git status -z -uall [24ms]
2024-12-22 10:09:21.397 [info] No remotes found in the git config file.
2024-12-22 10:09:21.398 [info] > git config --get commit.template [9ms]
2024-12-22 10:09:21.398 [info] > git for-each-ref --format=%(refname)%00%(upstream:short)%00%(objectname)%00%(upstream:track)%00%(upstream:remotename)%00%(upstream:remoteref) refs/heads/main refs/remotes/main [1ms]
2024-12-22 10:09:21.431 [info] > git status -z -uall [24ms]
2024-12-22 10:09:26.513 [info] No remotes found in the git config file.
2024-12-22 10:09:26.514 [info] > git config --get commit.template [8ms]
2024-12-22 10:09:26.514 [info] > git for-each-ref --format=%(refname)%00%(upstream:short)%00%(objectname)%00%(upstream:track)%00%(upstream:remotename)%00%(upstream:remoteref) refs/heads/main refs/remotes/main [1ms]
2024-12-22 10:09:26.544 [info] > git status -z -uall [24ms]
2024-12-22 10:09:36.740 [info] No remotes found in the git config file.
2024-12-22 10:09:36.741 [info] > git config --get commit.template [11ms]
2024-12-22 10:09:36.742 [info] > git for-each-ref --format=%(refname)%00%(upstream:short)%00%(objectname)%00%(upstream:track)%00%(upstream:remotename)%00%(upstream:remoteref) refs/heads/main refs/remotes/main [3ms]
2024-12-22 10:09:36.779 [info] > git status -z -uall [25ms]
2024-12-22 10:09:41.861 [info] No remotes found in the git config file.
2024-12-22 10:09:41.862 [info] > git config --get commit.template [11ms]
2024-12-22 10:09:41.862 [info] > git for-each-ref --format=%(refname)%00%(upstream:short)%00%(objectname)%00%(upstream:track)%00%(upstream:remotename)%00%(upstream:remoteref) refs/heads/main refs/remotes/main [1ms]
2024-12-22 10:09:41.894 [info] > git status -z -uall [24ms]
2024-12-22 10:09:54.217 [info] No remotes found in the git config file.
2024-12-22 10:09:54.218 [info] > git config --get commit.template [7ms]
2024-12-22 10:09:54.218 [info] > git for-each-ref --format=%(refname)%00%(upstream:short)%00%(objectname)%00%(upstream:track)%00%(upstream:remotename)%00%(upstream:remoteref) refs/heads/main refs/remotes/main [1ms]
2024-12-22 10:09:54.251 [info] > git status -z -uall [28ms]
2024-12-22 10:09:59.337 [info] No remotes found in the git config file.
2024-12-22 10:09:59.338 [info] > git config --get commit.template [9ms]
2024-12-22 10:09:59.338 [info] > git for-each-ref --format=%(refname)%00%(upstream:short)%00%(objectname)%00%(upstream:track)%00%(upstream:remotename)%00%(upstream:remoteref) refs/heads/main refs/remotes/main [1ms]
2024-12-22 10:09:59.369 [info] > git status -z -uall [25ms]
2024-12-22 10:10:04.448 [info] No remotes found in the git config file.
2024-12-22 10:10:04.449 [info] > git config --get commit.template [9ms]
2024-12-22 10:10:04.449 [info] > git for-each-ref --format=%(refname)%00%(upstream:short)%00%(objectname)%00%(upstream:track)%00%(upstream:remotename)%00%(upstream:remoteref) refs/heads/main refs/remotes/main [1ms]
2024-12-22 10:10:04.483 [info] > git status -z -uall [27ms]
2024-12-22 10:10:06.445 [info] > git ls-files --stage -- /home/jovyan/Internal/models/silver/silver_fiscal_year.sql [7ms]
2024-12-22 10:10:06.446 [info] > git ls-files --stage -- /home/jovyan/Internal/models/silver/silver_generalstudent.sql [14ms]
2024-12-22 10:10:06.446 [info] > git ls-files --stage -- /home/jovyan/Internal/models/silver/silver_converted_lead.sql [21ms]
2024-12-22 10:10:06.446 [info] > git ls-files --stage -- /home/jovyan/Internal/models/silver/silver_websiteform.sql [27ms]
2024-12-22 10:10:06.446 [info] > git ls-files --stage -- /home/jovyan/Internal/models/silver/sources.yml [34ms]
2024-12-22 10:10:06.447 [info] > git ls-files --stage -- /home/jovyan/Internal/dbt_project.yml [42ms]
2024-12-22 10:10:06.447 [info] > git ls-files --stage -- /home/jovyan/Internal/models/gold/dim_customers.sql [51ms]
2024-12-22 10:10:06.447 [info] > git ls-files --stage -- /home/jovyan/Internal/macros/flatten_json_trino.sql [3ms]
2024-12-22 10:10:06.741 [info] > git show --textconv :Internal/models/silver/silver_fiscal_year.sql [45ms]
2024-12-22 10:10:06.741 [info] > git show --textconv :Internal/models/silver/silver_generalstudent.sql [36ms]
2024-12-22 10:10:06.741 [info] > git show --textconv :Internal/models/silver/silver_converted_lead.sql [28ms]
2024-12-22 10:10:06.741 [info] > git show --textconv :Internal/models/silver/silver_websiteform.sql [21ms]
2024-12-22 10:10:06.741 [info] > git show --textconv :Internal/models/silver/sources.yml [15ms]
2024-12-22 10:10:06.741 [info] > git show --textconv :Internal/dbt_project.yml [8ms]
2024-12-22 10:10:06.741 [info] > git show --textconv :Internal/models/gold/dim_customers.sql [1ms]
2024-12-22 10:10:06.753 [info] > git show --textconv :Internal/macros/flatten_json_trino.sql [1ms]
2024-12-22 10:10:09.559 [info] No remotes found in the git config file.
2024-12-22 10:10:09.560 [info] > git config --get commit.template [9ms]
2024-12-22 10:10:09.560 [info] > git for-each-ref --format=%(refname)%00%(upstream:short)%00%(objectname)%00%(upstream:track)%00%(upstream:remotename)%00%(upstream:remoteref) refs/heads/main refs/remotes/main [1ms]
2024-12-22 10:10:09.590 [info] > git status -z -uall [23ms]
2024-12-22 10:10:14.671 [info] No remotes found in the git config file.
2024-12-22 10:10:14.672 [info] > git config --get commit.template [11ms]
2024-12-22 10:10:14.672 [info] > git for-each-ref --format=%(refname)%00%(upstream:short)%00%(objectname)%00%(upstream:track)%00%(upstream:remotename)%00%(upstream:remoteref) refs/heads/main refs/remotes/main [1ms]
2024-12-22 10:10:14.704 [info] > git status -z -uall [23ms]
2024-12-22 10:10:19.791 [info] No remotes found in the git config file.
2024-12-22 10:10:19.792 [info] > git config --get commit.template [12ms]
2024-12-22 10:10:19.792 [info] > git for-each-ref --format=%(refname)%00%(upstream:short)%00%(objectname)%00%(upstream:track)%00%(upstream:remotename)%00%(upstream:remoteref) refs/heads/main refs/remotes/main [1ms]
2024-12-22 10:10:19.825 [info] > git status -z -uall [23ms]
2024-12-22 10:10:24.913 [info] No remotes found in the git config file.
2024-12-22 10:10:24.914 [info] > git config --get commit.template [14ms]
2024-12-22 10:10:24.914 [info] > git for-each-ref --format=%(refname)%00%(upstream:short)%00%(objectname)%00%(upstream:track)%00%(upstream:remotename)%00%(upstream:remoteref) refs/heads/main refs/remotes/main [1ms]
2024-12-22 10:10:24.949 [info] > git status -z -uall [24ms]
2024-12-22 10:10:30.028 [info] No remotes found in the git config file.
2024-12-22 10:10:30.028 [info] > git config --get commit.template [9ms]
2024-12-22 10:10:30.029 [info] > git for-each-ref --format=%(refname)%00%(upstream:short)%00%(objectname)%00%(upstream:track)%00%(upstream:remotename)%00%(upstream:remoteref) refs/heads/main refs/remotes/main [1ms]
2024-12-22 10:10:30.066 [info] > git status -z -uall [31ms]
2024-12-22 10:10:35.153 [info] No remotes found in the git config file.
2024-12-22 10:10:35.153 [info] > git config --get commit.template [10ms]
2024-12-22 10:10:35.153 [info] > git for-each-ref --format=%(refname)%00%(upstream:short)%00%(objectname)%00%(upstream:track)%00%(upstream:remotename)%00%(upstream:remoteref) refs/heads/main refs/remotes/main [1ms]
2024-12-22 10:10:35.185 [info] > git status -z -uall [24ms]
2024-12-22 10:10:40.265 [info] No remotes found in the git config file.
2024-12-22 10:10:40.265 [info] > git config --get commit.template [10ms]
2024-12-22 10:10:40.266 [info] > git for-each-ref --format=%(refname)%00%(upstream:short)%00%(objectname)%00%(upstream:track)%00%(upstream:remotename)%00%(upstream:remoteref) refs/heads/main refs/remotes/main [1ms]
2024-12-22 10:10:40.299 [info] > git status -z -uall [26ms]
2024-12-22 10:10:45.381 [info] No remotes found in the git config file.
2024-12-22 10:10:45.381 [info] > git config --get commit.template [12ms]
2024-12-22 10:10:45.382 [info] > git for-each-ref --format=%(refname)%00%(upstream:short)%00%(objectname)%00%(upstream:track)%00%(upstream:remotename)%00%(upstream:remoteref) refs/heads/main refs/remotes/main [0ms]
2024-12-22 10:10:45.416 [info] > git status -z -uall [24ms]
2024-12-22 10:10:50.502 [info] No remotes found in the git config file.
2024-12-22 10:10:50.502 [info] > git config --get commit.template [15ms]
2024-12-22 10:10:50.503 [info] > git for-each-ref --format=%(refname)%00%(upstream:short)%00%(objectname)%00%(upstream:track)%00%(upstream:remotename)%00%(upstream:remoteref) refs/heads/main refs/remotes/main [1ms]
2024-12-22 10:10:50.537 [info] > git status -z -uall [24ms]
2024-12-22 10:10:55.620 [info] No remotes found in the git config file.
2024-12-22 10:10:55.621 [info] > git config --get commit.template [9ms]
2024-12-22 10:10:55.621 [info] > git for-each-ref --format=%(refname)%00%(upstream:short)%00%(objectname)%00%(upstream:track)%00%(upstream:remotename)%00%(upstream:remoteref) refs/heads/main refs/remotes/main [1ms]
2024-12-22 10:10:55.653 [info] > git status -z -uall [25ms]
2024-12-22 10:11:01.578 [info] No remotes found in the git config file.
2024-12-22 10:11:01.578 [info] > git config --get commit.template [11ms]
2024-12-22 10:11:01.579 [info] > git for-each-ref --format=%(refname)%00%(upstream:short)%00%(objectname)%00%(upstream:track)%00%(upstream:remotename)%00%(upstream:remoteref) refs/heads/main refs/remotes/main [2ms]
2024-12-22 10:11:01.614 [info] > git status -z -uall [26ms]
2024-12-22 10:11:06.692 [info] No remotes found in the git config file.
2024-12-22 10:11:06.692 [info] > git config --get commit.template [10ms]
2024-12-22 10:11:06.692 [info] > git for-each-ref --format=%(refname)%00%(upstream:short)%00%(objectname)%00%(upstream:track)%00%(upstream:remotename)%00%(upstream:remoteref) refs/heads/main refs/remotes/main [1ms]
2024-12-22 10:11:06.724 [info] > git status -z -uall [24ms]
2024-12-22 10:11:11.808 [info] No remotes found in the git config file.
2024-12-22 10:11:11.809 [info] > git config --get commit.template [10ms]
2024-12-22 10:11:11.809 [info] > git for-each-ref --format=%(refname)%00%(upstream:short)%00%(objectname)%00%(upstream:track)%00%(upstream:remotename)%00%(upstream:remoteref) refs/heads/main refs/remotes/main [1ms]
2024-12-22 10:11:11.840 [info] > git status -z -uall [24ms]
2024-12-22 10:11:16.920 [info] No remotes found in the git config file.
2024-12-22 10:11:16.921 [info] > git config --get commit.template [11ms]
2024-12-22 10:11:16.921 [info] > git for-each-ref --format=%(refname)%00%(upstream:short)%00%(objectname)%00%(upstream:track)%00%(upstream:remotename)%00%(upstream:remoteref) refs/heads/main refs/remotes/main [1ms]
2024-12-22 10:11:16.957 [info] > git status -z -uall [26ms]
