code-server (1.82.2, dlytica-academy-work-vm.eastus.cloudapp.azure.com:31997, server-distro)
Jupyter Extension Version: 2023.7.100.
Python Extension Version: 2023.18.0.
Platform: linux (x64).
Workspace folder /home/jovyan, Home = /home/jovyan
16:45:52.367 [info] User belongs to experiment group 'NewJupyterSession'
16:45:52.764 [info] Start refreshing Interpreter Kernel Picker (1734367552764)
16:45:52.769 [info] Using Pylance
16:45:54.291 [warn] Failed to get activated env vars for /bin/python3 in 531ms
16:45:54.327 [info] Process Execution: /bin/python3 -c "import site;print("USER_BASE_VALUE");print(site.USER_BASE);print("USER_BASE_VALUE");"
16:45:54.368 [info] Process Execution: /bin/python3 -m pip list
16:45:54.404 [info] Process Execution: /bin/python3 -c "import pip;print('6af208d0-cb9c-427f-b937-ff563e17efdf')"
16:45:55.020 [info] Starting Kernel startUsingPythonInterpreter, .jvsc74a57bd031f2aee4e71d21fbe5cf8b01ff0e069b9275f58929596ceb00d14d90e3e16cd6./usr/bin/python3./usr/bin/python3.-m#ipykernel_launcher  (Python Path: /usr/bin/python3, Unknown, 3.10.12) for '~/test.ipynb' (disableUI=true)
16:45:55.534 [warn] Failed to get activated env vars for /usr/bin/python3 in 516ms
16:45:55.549 [info] Process Execution: /usr/bin/python3 -c "import site;print("USER_BASE_VALUE");print(site.USER_BASE);print("USER_BASE_VALUE");"
16:45:55.552 [warn] Failed to get activated env vars for /usr/bin/python3 in 523ms
16:45:55.577 [info] Process Execution: /usr/bin/python3 -m pip list
16:45:55.593 [info] Process Execution: /usr/bin/python3 -c "import ipykernel; print(ipykernel.__version__); print("5dc3a68c-e34e-4080-9c3e-2a532b2ccb4d"); print(ipykernel.__file__)"
16:45:55.610 [info] Process Execution: /usr/bin/python3 -m ipykernel_launcher --ip=127.0.0.1 --stdin=9003 --control=9001 --hb=9000 --Session.signature_scheme="hmac-sha256" --Session.key=b"a4900aab-39a8-45c7-b31d-31a57abb79c4" --shell=9002 --transport="tcp" --iopub=9004 --f=~/.local/share/jupyter/runtime/kernel-v2-127LKkjpfNTFMFG.json
    > cwd: ~
16:45:55.628 [warn] Stderr output when getting ipykernel version & path Traceback (most recent call last):
    File "<string>", line 1, in <module>
    ModuleNotFoundError: No module named 'ipykernel' for /usr/bin/python3
16:45:55.643 [info] Process Execution: /usr/bin/python3 -c "import pip;print('6af208d0-cb9c-427f-b937-ff563e17efdf')"
16:45:55.645 [warn] StdErr from Kernel Process /usr/bin/python3: No module named ipykernel_launcher
16:45:55.648 [error] Disposing kernel process due to an error Error: The kernel died. Error: /usr/bin/python3: No module named ipykernel_launcher... View Jupyter [log](command:jupyter.viewOutput) for further details.
    > Kernel Id = .jvsc74a57bd031f2aee4e71d21fbe5cf8b01ff0e069b9275f58929596ceb00d14d90e3e16cd6./usr/bin/python3./usr/bin/python3.-m#ipykernel_launcher
    > Interpreter Id = /usr/bin/python3
    > at ChildProcess.<anonymous> (~/.local/share/code-server/extensions/ms-toolsai.jupyter-2023.7.100-universal/out/extension.node.js:24:91039)
    > stdErr = /usr/bin/python3: No module named ipykernel_launcher
16:45:55.648 [info] Dispose Kernel process 232.
16:45:55.653 [error] Kernel Launcher. launch, Class name = Ky, completed in 624ms, has a falsy return value, Arg 1: ".jvsc74a57bd031f2aee4e71d21fbe5cf8b01ff0e069b9275f58929596ceb00d14d90e3e16cd6./usr/bin/python3./usr/bin/python3.-m#ipykernel_launcher", Arg 2: 60000, Arg 3: "~/test.ipynb", Arg 4: "~", Arg 5: "" Error: The kernel died. Error: /usr/bin/python3: No module named ipykernel_launcher... View Jupyter [log](command:jupyter.viewOutput) for further details.
    > Kernel Id = .jvsc74a57bd031f2aee4e71d21fbe5cf8b01ff0e069b9275f58929596ceb00d14d90e3e16cd6./usr/bin/python3./usr/bin/python3.-m#ipykernel_launcher
    > Interpreter Id = /usr/bin/python3
    > at ChildProcess.<anonymous> (~/.local/share/code-server/extensions/ms-toolsai.jupyter-2023.7.100-universal/out/extension.node.js:24:91039)
    > stdErr = /usr/bin/python3: No module named ipykernel_launcher
16:45:55.653 [error] Failed to connect raw kernel session: Error: The kernel died. Error: /usr/bin/python3: No module named ipykernel_launcher... View Jupyter [log](command:jupyter.viewOutput) for further details.
16:45:55.656 [warn] Error occurred while trying to start the kernel, options.disableUI=true Error: The kernel died. Error: /usr/bin/python3: No module named ipykernel_launcher... View Jupyter [log](command:jupyter.viewOutput) for further details.
    > Kernel Id = .jvsc74a57bd031f2aee4e71d21fbe5cf8b01ff0e069b9275f58929596ceb00d14d90e3e16cd6./usr/bin/python3./usr/bin/python3.-m#ipykernel_launcher
    > Interpreter Id = /usr/bin/python3
    > at ChildProcess.<anonymous> (~/.local/share/code-server/extensions/ms-toolsai.jupyter-2023.7.100-universal/out/extension.node.js:24:91039)
    > stdErr = /usr/bin/python3: No module named ipykernel_launcher
16:45:56.421 [info] End refreshing Interpreter Kernel Picker (1734367552764)
16:46:09.982 [info] Handle Execution of Cells 0,1,2,3,4,5,6,7,8,9,10,11,12,13,14,15,16,17,19,20,21,22 for ~/test.ipynb
16:46:09.985 [info] Starting Kernel startUsingPythonInterpreter, .jvsc74a57bd031f2aee4e71d21fbe5cf8b01ff0e069b9275f58929596ceb00d14d90e3e16cd6./usr/bin/python3./usr/bin/python3.-m#ipykernel_launcher  (Python Path: /usr/bin/python3, Unknown, 3.10.12) for '~/test.ipynb' (disableUI=false)
16:46:10.001 [info] Process Execution: /usr/bin/python3 -c "import ipykernel; print(ipykernel.__version__); print("5dc3a68c-e34e-4080-9c3e-2a532b2ccb4d"); print(ipykernel.__file__)"
16:46:10.022 [info] Process Execution: /usr/bin/python3 -m ipykernel_launcher --ip=127.0.0.1 --stdin=9011 --control=9009 --hb=9008 --Session.signature_scheme="hmac-sha256" --Session.key=b"09dc37c1-ef11-48ae-abaa-38ea4f33358c" --shell=9010 --transport="tcp" --iopub=9012 --f=~/.local/share/jupyter/runtime/kernel-v2-127tHXvzy1PBrzd.json
    > cwd: ~
16:46:10.024 [warn] Stderr output when getting ipykernel version & path Traceback (most recent call last):
    File "<string>", line 1, in <module>
    ModuleNotFoundError: No module named 'ipykernel' for /usr/bin/python3
16:46:10.039 [warn] StdErr from Kernel Process /usr/bin/python3: No module named ipykernel_launcher
16:46:10.042 [error] Disposing kernel process due to an error Error: The kernel died. Error: /usr/bin/python3: No module named ipykernel_launcher... View Jupyter [log](command:jupyter.viewOutput) for further details.
    > Kernel Id = .jvsc74a57bd031f2aee4e71d21fbe5cf8b01ff0e069b9275f58929596ceb00d14d90e3e16cd6./usr/bin/python3./usr/bin/python3.-m#ipykernel_launcher
    > Interpreter Id = /usr/bin/python3
    > at ChildProcess.<anonymous> (~/.local/share/code-server/extensions/ms-toolsai.jupyter-2023.7.100-universal/out/extension.node.js:24:91039)
    > stdErr = /usr/bin/python3: No module named ipykernel_launcher
16:46:10.042 [info] Dispose Kernel process 288.
16:46:10.043 [error] Kernel Launcher. launch, Class name = Ky, completed in 56ms, has a falsy return value, Arg 1: ".jvsc74a57bd031f2aee4e71d21fbe5cf8b01ff0e069b9275f58929596ceb00d14d90e3e16cd6./usr/bin/python3./usr/bin/python3.-m#ipykernel_launcher", Arg 2: 60000, Arg 3: "~/test.ipynb", Arg 4: "~", Arg 5: "" Error: The kernel died. Error: /usr/bin/python3: No module named ipykernel_launcher... View Jupyter [log](command:jupyter.viewOutput) for further details.
    > Kernel Id = .jvsc74a57bd031f2aee4e71d21fbe5cf8b01ff0e069b9275f58929596ceb00d14d90e3e16cd6./usr/bin/python3./usr/bin/python3.-m#ipykernel_launcher
    > Interpreter Id = /usr/bin/python3
    > at ChildProcess.<anonymous> (~/.local/share/code-server/extensions/ms-toolsai.jupyter-2023.7.100-universal/out/extension.node.js:24:91039)
    > stdErr = /usr/bin/python3: No module named ipykernel_launcher
16:46:10.043 [error] Failed to connect raw kernel session: Error: The kernel died. Error: /usr/bin/python3: No module named ipykernel_launcher... View Jupyter [log](command:jupyter.viewOutput) for further details.
16:46:10.044 [warn] Error occurred while trying to start the kernel, options.disableUI=false Error: The kernel died. Error: /usr/bin/python3: No module named ipykernel_launcher... View Jupyter [log](command:jupyter.viewOutput) for further details.
    > Kernel Id = .jvsc74a57bd031f2aee4e71d21fbe5cf8b01ff0e069b9275f58929596ceb00d14d90e3e16cd6./usr/bin/python3./usr/bin/python3.-m#ipykernel_launcher
    > Interpreter Id = /usr/bin/python3
    > at ChildProcess.<anonymous> (~/.local/share/code-server/extensions/ms-toolsai.jupyter-2023.7.100-universal/out/extension.node.js:24:91039)
    > stdErr = /usr/bin/python3: No module named ipykernel_launcher
16:46:10.044 [warn] Kernel Error, context = start Error: The kernel died. Error: /usr/bin/python3: No module named ipykernel_launcher... View Jupyter [log](command:jupyter.viewOutput) for further details.
    > Kernel Id = .jvsc74a57bd031f2aee4e71d21fbe5cf8b01ff0e069b9275f58929596ceb00d14d90e3e16cd6./usr/bin/python3./usr/bin/python3.-m#ipykernel_launcher
    > Interpreter Id = /usr/bin/python3
    > at ChildProcess.<anonymous> (~/.local/share/code-server/extensions/ms-toolsai.jupyter-2023.7.100-universal/out/extension.node.js:24:91039)
    > stdErr = /usr/bin/python3: No module named ipykernel_launcher
16:46:10.059 [info] Process Execution: /usr/bin/python3 -c "import ipykernel;print('6af208d0-cb9c-427f-b937-ff563e17efdf')"
16:46:10.074 [info] Check & install missing Kernel dependencies for /usr/bin/python3, ui.disabled=false for resource '~/test.ipynb'
16:46:10.088 [info] Process Execution: /usr/bin/python3 -c "import ipykernel;print('6af208d0-cb9c-427f-b937-ff563e17efdf')"
16:46:10.117 [info] Process Execution: /usr/bin/python3 -c "import pip;print('6af208d0-cb9c-427f-b937-ff563e17efdf')"
16:46:10.620 [info] Process Execution: /usr/bin/python3 -c "import pip;print('6af208d0-cb9c-427f-b937-ff563e17efdf')"
16:46:12.022 [info] Dispose Kernel '~/test.ipynb' associated with '~/test.ipynb'
16:46:12.023 [error] Error in execution Error: The kernel died. Error: /usr/bin/python3: No module named ipykernel_launcher... View Jupyter [log](command:jupyter.viewOutput) for further details.
    > Kernel Id = .jvsc74a57bd031f2aee4e71d21fbe5cf8b01ff0e069b9275f58929596ceb00d14d90e3e16cd6./usr/bin/python3./usr/bin/python3.-m#ipykernel_launcher
    > Interpreter Id = /usr/bin/python3
    > at ChildProcess.<anonymous> (~/.local/share/code-server/extensions/ms-toolsai.jupyter-2023.7.100-universal/out/extension.node.js:24:91039)
    > stdErr = /usr/bin/python3: No module named ipykernel_launcher
16:46:12.025 [error] Error in execution (get message for cell) Error: The kernel died. Error: /usr/bin/python3: No module named ipykernel_launcher... View Jupyter [log](command:jupyter.viewOutput) for further details.
    > Kernel Id = .jvsc74a57bd031f2aee4e71d21fbe5cf8b01ff0e069b9275f58929596ceb00d14d90e3e16cd6./usr/bin/python3./usr/bin/python3.-m#ipykernel_launcher
    > Interpreter Id = /usr/bin/python3
    > at ChildProcess.<anonymous> (~/.local/share/code-server/extensions/ms-toolsai.jupyter-2023.7.100-universal/out/extension.node.js:24:91039)
    > stdErr = /usr/bin/python3: No module named ipykernel_launcher
16:46:12.025 [error] Error in execution Error: The kernel died. Error: /usr/bin/python3: No module named ipykernel_launcher... View Jupyter [log](command:jupyter.viewOutput) for further details.
    > Kernel Id = .jvsc74a57bd031f2aee4e71d21fbe5cf8b01ff0e069b9275f58929596ceb00d14d90e3e16cd6./usr/bin/python3./usr/bin/python3.-m#ipykernel_launcher
    > Interpreter Id = /usr/bin/python3
    > at ChildProcess.<anonymous> (~/.local/share/code-server/extensions/ms-toolsai.jupyter-2023.7.100-universal/out/extension.node.js:24:91039)
    > stdErr = /usr/bin/python3: No module named ipykernel_launcher
16:46:12.025 [error] Error in execution (get message for cell) Error: The kernel died. Error: /usr/bin/python3: No module named ipykernel_launcher... View Jupyter [log](command:jupyter.viewOutput) for further details.
    > Kernel Id = .jvsc74a57bd031f2aee4e71d21fbe5cf8b01ff0e069b9275f58929596ceb00d14d90e3e16cd6./usr/bin/python3./usr/bin/python3.-m#ipykernel_launcher
    > Interpreter Id = /usr/bin/python3
    > at ChildProcess.<anonymous> (~/.local/share/code-server/extensions/ms-toolsai.jupyter-2023.7.100-universal/out/extension.node.js:24:91039)
    > stdErr = /usr/bin/python3: No module named ipykernel_launcher
16:46:12.025 [error] Error in execution Error: The kernel died. Error: /usr/bin/python3: No module named ipykernel_launcher... View Jupyter [log](command:jupyter.viewOutput) for further details.
    > Kernel Id = .jvsc74a57bd031f2aee4e71d21fbe5cf8b01ff0e069b9275f58929596ceb00d14d90e3e16cd6./usr/bin/python3./usr/bin/python3.-m#ipykernel_launcher
    > Interpreter Id = /usr/bin/python3
    > at ChildProcess.<anonymous> (~/.local/share/code-server/extensions/ms-toolsai.jupyter-2023.7.100-universal/out/extension.node.js:24:91039)
    > stdErr = /usr/bin/python3: No module named ipykernel_launcher
16:46:12.025 [error] Error in execution (get message for cell) Error: The kernel died. Error: /usr/bin/python3: No module named ipykernel_launcher... View Jupyter [log](command:jupyter.viewOutput) for further details.
    > Kernel Id = .jvsc74a57bd031f2aee4e71d21fbe5cf8b01ff0e069b9275f58929596ceb00d14d90e3e16cd6./usr/bin/python3./usr/bin/python3.-m#ipykernel_launcher
    > Interpreter Id = /usr/bin/python3
    > at ChildProcess.<anonymous> (~/.local/share/code-server/extensions/ms-toolsai.jupyter-2023.7.100-universal/out/extension.node.js:24:91039)
    > stdErr = /usr/bin/python3: No module named ipykernel_launcher
16:46:12.025 [error] Error in execution Error: The kernel died. Error: /usr/bin/python3: No module named ipykernel_launcher... View Jupyter [log](command:jupyter.viewOutput) for further details.
    > Kernel Id = .jvsc74a57bd031f2aee4e71d21fbe5cf8b01ff0e069b9275f58929596ceb00d14d90e3e16cd6./usr/bin/python3./usr/bin/python3.-m#ipykernel_launcher
    > Interpreter Id = /usr/bin/python3
    > at ChildProcess.<anonymous> (~/.local/share/code-server/extensions/ms-toolsai.jupyter-2023.7.100-universal/out/extension.node.js:24:91039)
    > stdErr = /usr/bin/python3: No module named ipykernel_launcher
16:46:12.025 [error] Error in execution (get message for cell) Error: The kernel died. Error: /usr/bin/python3: No module named ipykernel_launcher... View Jupyter [log](command:jupyter.viewOutput) for further details.
    > Kernel Id = .jvsc74a57bd031f2aee4e71d21fbe5cf8b01ff0e069b9275f58929596ceb00d14d90e3e16cd6./usr/bin/python3./usr/bin/python3.-m#ipykernel_launcher
    > Interpreter Id = /usr/bin/python3
    > at ChildProcess.<anonymous> (~/.local/share/code-server/extensions/ms-toolsai.jupyter-2023.7.100-universal/out/extension.node.js:24:91039)
    > stdErr = /usr/bin/python3: No module named ipykernel_launcher
16:46:12.025 [error] Error in execution Error: The kernel died. Error: /usr/bin/python3: No module named ipykernel_launcher... View Jupyter [log](command:jupyter.viewOutput) for further details.
    > Kernel Id = .jvsc74a57bd031f2aee4e71d21fbe5cf8b01ff0e069b9275f58929596ceb00d14d90e3e16cd6./usr/bin/python3./usr/bin/python3.-m#ipykernel_launcher
    > Interpreter Id = /usr/bin/python3
    > at ChildProcess.<anonymous> (~/.local/share/code-server/extensions/ms-toolsai.jupyter-2023.7.100-universal/out/extension.node.js:24:91039)
    > stdErr = /usr/bin/python3: No module named ipykernel_launcher
16:46:12.025 [error] Error in execution (get message for cell) Error: The kernel died. Error: /usr/bin/python3: No module named ipykernel_launcher... View Jupyter [log](command:jupyter.viewOutput) for further details.
    > Kernel Id = .jvsc74a57bd031f2aee4e71d21fbe5cf8b01ff0e069b9275f58929596ceb00d14d90e3e16cd6./usr/bin/python3./usr/bin/python3.-m#ipykernel_launcher
    > Interpreter Id = /usr/bin/python3
    > at ChildProcess.<anonymous> (~/.local/share/code-server/extensions/ms-toolsai.jupyter-2023.7.100-universal/out/extension.node.js:24:91039)
    > stdErr = /usr/bin/python3: No module named ipykernel_launcher
16:46:12.025 [error] Error in execution Error: The kernel died. Error: /usr/bin/python3: No module named ipykernel_launcher... View Jupyter [log](command:jupyter.viewOutput) for further details.
    > Kernel Id = .jvsc74a57bd031f2aee4e71d21fbe5cf8b01ff0e069b9275f58929596ceb00d14d90e3e16cd6./usr/bin/python3./usr/bin/python3.-m#ipykernel_launcher
    > Interpreter Id = /usr/bin/python3
    > at ChildProcess.<anonymous> (~/.local/share/code-server/extensions/ms-toolsai.jupyter-2023.7.100-universal/out/extension.node.js:24:91039)
    > stdErr = /usr/bin/python3: No module named ipykernel_launcher
16:46:12.025 [error] Error in execution (get message for cell) Error: The kernel died. Error: /usr/bin/python3: No module named ipykernel_launcher... View Jupyter [log](command:jupyter.viewOutput) for further details.
    > Kernel Id = .jvsc74a57bd031f2aee4e71d21fbe5cf8b01ff0e069b9275f58929596ceb00d14d90e3e16cd6./usr/bin/python3./usr/bin/python3.-m#ipykernel_launcher
    > Interpreter Id = /usr/bin/python3
    > at ChildProcess.<anonymous> (~/.local/share/code-server/extensions/ms-toolsai.jupyter-2023.7.100-universal/out/extension.node.js:24:91039)
    > stdErr = /usr/bin/python3: No module named ipykernel_launcher
16:46:12.025 [error] Error in execution Error: The kernel died. Error: /usr/bin/python3: No module named ipykernel_launcher... View Jupyter [log](command:jupyter.viewOutput) for further details.
    > Kernel Id = .jvsc74a57bd031f2aee4e71d21fbe5cf8b01ff0e069b9275f58929596ceb00d14d90e3e16cd6./usr/bin/python3./usr/bin/python3.-m#ipykernel_launcher
    > Interpreter Id = /usr/bin/python3
    > at ChildProcess.<anonymous> (~/.local/share/code-server/extensions/ms-toolsai.jupyter-2023.7.100-universal/out/extension.node.js:24:91039)
    > stdErr = /usr/bin/python3: No module named ipykernel_launcher
16:46:12.026 [error] Error in execution (get message for cell) Error: The kernel died. Error: /usr/bin/python3: No module named ipykernel_launcher... View Jupyter [log](command:jupyter.viewOutput) for further details.
    > Kernel Id = .jvsc74a57bd031f2aee4e71d21fbe5cf8b01ff0e069b9275f58929596ceb00d14d90e3e16cd6./usr/bin/python3./usr/bin/python3.-m#ipykernel_launcher
    > Interpreter Id = /usr/bin/python3
    > at ChildProcess.<anonymous> (~/.local/share/code-server/extensions/ms-toolsai.jupyter-2023.7.100-universal/out/extension.node.js:24:91039)
    > stdErr = /usr/bin/python3: No module named ipykernel_launcher
16:46:12.026 [error] Error in execution Error: The kernel died. Error: /usr/bin/python3: No module named ipykernel_launcher... View Jupyter [log](command:jupyter.viewOutput) for further details.
    > Kernel Id = .jvsc74a57bd031f2aee4e71d21fbe5cf8b01ff0e069b9275f58929596ceb00d14d90e3e16cd6./usr/bin/python3./usr/bin/python3.-m#ipykernel_launcher
    > Interpreter Id = /usr/bin/python3
    > at ChildProcess.<anonymous> (~/.local/share/code-server/extensions/ms-toolsai.jupyter-2023.7.100-universal/out/extension.node.js:24:91039)
    > stdErr = /usr/bin/python3: No module named ipykernel_launcher
16:46:12.026 [error] Error in execution (get message for cell) Error: The kernel died. Error: /usr/bin/python3: No module named ipykernel_launcher... View Jupyter [log](command:jupyter.viewOutput) for further details.
    > Kernel Id = .jvsc74a57bd031f2aee4e71d21fbe5cf8b01ff0e069b9275f58929596ceb00d14d90e3e16cd6./usr/bin/python3./usr/bin/python3.-m#ipykernel_launcher
    > Interpreter Id = /usr/bin/python3
    > at ChildProcess.<anonymous> (~/.local/share/code-server/extensions/ms-toolsai.jupyter-2023.7.100-universal/out/extension.node.js:24:91039)
    > stdErr = /usr/bin/python3: No module named ipykernel_launcher
16:46:12.026 [error] Error in execution Error: The kernel died. Error: /usr/bin/python3: No module named ipykernel_launcher... View Jupyter [log](command:jupyter.viewOutput) for further details.
    > Kernel Id = .jvsc74a57bd031f2aee4e71d21fbe5cf8b01ff0e069b9275f58929596ceb00d14d90e3e16cd6./usr/bin/python3./usr/bin/python3.-m#ipykernel_launcher
    > Interpreter Id = /usr/bin/python3
    > at ChildProcess.<anonymous> (~/.local/share/code-server/extensions/ms-toolsai.jupyter-2023.7.100-universal/out/extension.node.js:24:91039)
    > stdErr = /usr/bin/python3: No module named ipykernel_launcher
16:46:12.026 [error] Error in execution (get message for cell) Error: The kernel died. Error: /usr/bin/python3: No module named ipykernel_launcher... View Jupyter [log](command:jupyter.viewOutput) for further details.
    > Kernel Id = .jvsc74a57bd031f2aee4e71d21fbe5cf8b01ff0e069b9275f58929596ceb00d14d90e3e16cd6./usr/bin/python3./usr/bin/python3.-m#ipykernel_launcher
    > Interpreter Id = /usr/bin/python3
    > at ChildProcess.<anonymous> (~/.local/share/code-server/extensions/ms-toolsai.jupyter-2023.7.100-universal/out/extension.node.js:24:91039)
    > stdErr = /usr/bin/python3: No module named ipykernel_launcher
16:46:12.026 [error] Error in execution Error: The kernel died. Error: /usr/bin/python3: No module named ipykernel_launcher... View Jupyter [log](command:jupyter.viewOutput) for further details.
    > Kernel Id = .jvsc74a57bd031f2aee4e71d21fbe5cf8b01ff0e069b9275f58929596ceb00d14d90e3e16cd6./usr/bin/python3./usr/bin/python3.-m#ipykernel_launcher
    > Interpreter Id = /usr/bin/python3
    > at ChildProcess.<anonymous> (~/.local/share/code-server/extensions/ms-toolsai.jupyter-2023.7.100-universal/out/extension.node.js:24:91039)
    > stdErr = /usr/bin/python3: No module named ipykernel_launcher
16:46:12.026 [error] Error in execution (get message for cell) Error: The kernel died. Error: /usr/bin/python3: No module named ipykernel_launcher... View Jupyter [log](command:jupyter.viewOutput) for further details.
    > Kernel Id = .jvsc74a57bd031f2aee4e71d21fbe5cf8b01ff0e069b9275f58929596ceb00d14d90e3e16cd6./usr/bin/python3./usr/bin/python3.-m#ipykernel_launcher
    > Interpreter Id = /usr/bin/python3
    > at ChildProcess.<anonymous> (~/.local/share/code-server/extensions/ms-toolsai.jupyter-2023.7.100-universal/out/extension.node.js:24:91039)
    > stdErr = /usr/bin/python3: No module named ipykernel_launcher
16:46:12.026 [error] Error in execution Error: The kernel died. Error: /usr/bin/python3: No module named ipykernel_launcher... View Jupyter [log](command:jupyter.viewOutput) for further details.
    > Kernel Id = .jvsc74a57bd031f2aee4e71d21fbe5cf8b01ff0e069b9275f58929596ceb00d14d90e3e16cd6./usr/bin/python3./usr/bin/python3.-m#ipykernel_launcher
    > Interpreter Id = /usr/bin/python3
    > at ChildProcess.<anonymous> (~/.local/share/code-server/extensions/ms-toolsai.jupyter-2023.7.100-universal/out/extension.node.js:24:91039)
    > stdErr = /usr/bin/python3: No module named ipykernel_launcher
16:46:12.026 [error] Error in execution (get message for cell) Error: The kernel died. Error: /usr/bin/python3: No module named ipykernel_launcher... View Jupyter [log](command:jupyter.viewOutput) for further details.
    > Kernel Id = .jvsc74a57bd031f2aee4e71d21fbe5cf8b01ff0e069b9275f58929596ceb00d14d90e3e16cd6./usr/bin/python3./usr/bin/python3.-m#ipykernel_launcher
    > Interpreter Id = /usr/bin/python3
    > at ChildProcess.<anonymous> (~/.local/share/code-server/extensions/ms-toolsai.jupyter-2023.7.100-universal/out/extension.node.js:24:91039)
    > stdErr = /usr/bin/python3: No module named ipykernel_launcher
16:46:12.026 [error] Error in execution Error: The kernel died. Error: /usr/bin/python3: No module named ipykernel_launcher... View Jupyter [log](command:jupyter.viewOutput) for further details.
    > Kernel Id = .jvsc74a57bd031f2aee4e71d21fbe5cf8b01ff0e069b9275f58929596ceb00d14d90e3e16cd6./usr/bin/python3./usr/bin/python3.-m#ipykernel_launcher
    > Interpreter Id = /usr/bin/python3
    > at ChildProcess.<anonymous> (~/.local/share/code-server/extensions/ms-toolsai.jupyter-2023.7.100-universal/out/extension.node.js:24:91039)
    > stdErr = /usr/bin/python3: No module named ipykernel_launcher
16:46:12.026 [error] Error in execution (get message for cell) Error: The kernel died. Error: /usr/bin/python3: No module named ipykernel_launcher... View Jupyter [log](command:jupyter.viewOutput) for further details.
    > Kernel Id = .jvsc74a57bd031f2aee4e71d21fbe5cf8b01ff0e069b9275f58929596ceb00d14d90e3e16cd6./usr/bin/python3./usr/bin/python3.-m#ipykernel_launcher
    > Interpreter Id = /usr/bin/python3
    > at ChildProcess.<anonymous> (~/.local/share/code-server/extensions/ms-toolsai.jupyter-2023.7.100-universal/out/extension.node.js:24:91039)
    > stdErr = /usr/bin/python3: No module named ipykernel_launcher
16:46:12.026 [error] Error in execution Error: The kernel died. Error: /usr/bin/python3: No module named ipykernel_launcher... View Jupyter [log](command:jupyter.viewOutput) for further details.
    > Kernel Id = .jvsc74a57bd031f2aee4e71d21fbe5cf8b01ff0e069b9275f58929596ceb00d14d90e3e16cd6./usr/bin/python3./usr/bin/python3.-m#ipykernel_launcher
    > Interpreter Id = /usr/bin/python3
    > at ChildProcess.<anonymous> (~/.local/share/code-server/extensions/ms-toolsai.jupyter-2023.7.100-universal/out/extension.node.js:24:91039)
    > stdErr = /usr/bin/python3: No module named ipykernel_launcher
16:46:12.026 [error] Error in execution (get message for cell) Error: The kernel died. Error: /usr/bin/python3: No module named ipykernel_launcher... View Jupyter [log](command:jupyter.viewOutput) for further details.
    > Kernel Id = .jvsc74a57bd031f2aee4e71d21fbe5cf8b01ff0e069b9275f58929596ceb00d14d90e3e16cd6./usr/bin/python3./usr/bin/python3.-m#ipykernel_launcher
    > Interpreter Id = /usr/bin/python3
    > at ChildProcess.<anonymous> (~/.local/share/code-server/extensions/ms-toolsai.jupyter-2023.7.100-universal/out/extension.node.js:24:91039)
    > stdErr = /usr/bin/python3: No module named ipykernel_launcher
16:46:12.026 [error] Error in execution Error: The kernel died. Error: /usr/bin/python3: No module named ipykernel_launcher... View Jupyter [log](command:jupyter.viewOutput) for further details.
    > Kernel Id = .jvsc74a57bd031f2aee4e71d21fbe5cf8b01ff0e069b9275f58929596ceb00d14d90e3e16cd6./usr/bin/python3./usr/bin/python3.-m#ipykernel_launcher
    > Interpreter Id = /usr/bin/python3
    > at ChildProcess.<anonymous> (~/.local/share/code-server/extensions/ms-toolsai.jupyter-2023.7.100-universal/out/extension.node.js:24:91039)
    > stdErr = /usr/bin/python3: No module named ipykernel_launcher
16:46:12.026 [error] Error in execution (get message for cell) Error: The kernel died. Error: /usr/bin/python3: No module named ipykernel_launcher... View Jupyter [log](command:jupyter.viewOutput) for further details.
    > Kernel Id = .jvsc74a57bd031f2aee4e71d21fbe5cf8b01ff0e069b9275f58929596ceb00d14d90e3e16cd6./usr/bin/python3./usr/bin/python3.-m#ipykernel_launcher
    > Interpreter Id = /usr/bin/python3
    > at ChildProcess.<anonymous> (~/.local/share/code-server/extensions/ms-toolsai.jupyter-2023.7.100-universal/out/extension.node.js:24:91039)
    > stdErr = /usr/bin/python3: No module named ipykernel_launcher
16:46:12.026 [error] Error in execution Error: The kernel died. Error: /usr/bin/python3: No module named ipykernel_launcher... View Jupyter [log](command:jupyter.viewOutput) for further details.
    > Kernel Id = .jvsc74a57bd031f2aee4e71d21fbe5cf8b01ff0e069b9275f58929596ceb00d14d90e3e16cd6./usr/bin/python3./usr/bin/python3.-m#ipykernel_launcher
    > Interpreter Id = /usr/bin/python3
    > at ChildProcess.<anonymous> (~/.local/share/code-server/extensions/ms-toolsai.jupyter-2023.7.100-universal/out/extension.node.js:24:91039)
    > stdErr = /usr/bin/python3: No module named ipykernel_launcher
16:46:12.026 [error] Error in execution (get message for cell) Error: The kernel died. Error: /usr/bin/python3: No module named ipykernel_launcher... View Jupyter [log](command:jupyter.viewOutput) for further details.
    > Kernel Id = .jvsc74a57bd031f2aee4e71d21fbe5cf8b01ff0e069b9275f58929596ceb00d14d90e3e16cd6./usr/bin/python3./usr/bin/python3.-m#ipykernel_launcher
    > Interpreter Id = /usr/bin/python3
    > at ChildProcess.<anonymous> (~/.local/share/code-server/extensions/ms-toolsai.jupyter-2023.7.100-universal/out/extension.node.js:24:91039)
    > stdErr = /usr/bin/python3: No module named ipykernel_launcher
16:46:12.026 [error] Error in execution Error: The kernel died. Error: /usr/bin/python3: No module named ipykernel_launcher... View Jupyter [log](command:jupyter.viewOutput) for further details.
    > Kernel Id = .jvsc74a57bd031f2aee4e71d21fbe5cf8b01ff0e069b9275f58929596ceb00d14d90e3e16cd6./usr/bin/python3./usr/bin/python3.-m#ipykernel_launcher
    > Interpreter Id = /usr/bin/python3
    > at ChildProcess.<anonymous> (~/.local/share/code-server/extensions/ms-toolsai.jupyter-2023.7.100-universal/out/extension.node.js:24:91039)
    > stdErr = /usr/bin/python3: No module named ipykernel_launcher
16:46:12.026 [error] Error in execution (get message for cell) Error: The kernel died. Error: /usr/bin/python3: No module named ipykernel_launcher... View Jupyter [log](command:jupyter.viewOutput) for further details.
    > Kernel Id = .jvsc74a57bd031f2aee4e71d21fbe5cf8b01ff0e069b9275f58929596ceb00d14d90e3e16cd6./usr/bin/python3./usr/bin/python3.-m#ipykernel_launcher
    > Interpreter Id = /usr/bin/python3
    > at ChildProcess.<anonymous> (~/.local/share/code-server/extensions/ms-toolsai.jupyter-2023.7.100-universal/out/extension.node.js:24:91039)
    > stdErr = /usr/bin/python3: No module named ipykernel_launcher
16:46:12.027 [error] Error in execution Error: The kernel died. Error: /usr/bin/python3: No module named ipykernel_launcher... View Jupyter [log](command:jupyter.viewOutput) for further details.
    > Kernel Id = .jvsc74a57bd031f2aee4e71d21fbe5cf8b01ff0e069b9275f58929596ceb00d14d90e3e16cd6./usr/bin/python3./usr/bin/python3.-m#ipykernel_launcher
    > Interpreter Id = /usr/bin/python3
    > at ChildProcess.<anonymous> (~/.local/share/code-server/extensions/ms-toolsai.jupyter-2023.7.100-universal/out/extension.node.js:24:91039)
    > stdErr = /usr/bin/python3: No module named ipykernel_launcher
16:46:12.027 [error] Error in execution (get message for cell) Error: The kernel died. Error: /usr/bin/python3: No module named ipykernel_launcher... View Jupyter [log](command:jupyter.viewOutput) for further details.
    > Kernel Id = .jvsc74a57bd031f2aee4e71d21fbe5cf8b01ff0e069b9275f58929596ceb00d14d90e3e16cd6./usr/bin/python3./usr/bin/python3.-m#ipykernel_launcher
    > Interpreter Id = /usr/bin/python3
    > at ChildProcess.<anonymous> (~/.local/share/code-server/extensions/ms-toolsai.jupyter-2023.7.100-universal/out/extension.node.js:24:91039)
    > stdErr = /usr/bin/python3: No module named ipykernel_launcher
16:46:12.027 [error] Error in execution Error: The kernel died. Error: /usr/bin/python3: No module named ipykernel_launcher... View Jupyter [log](command:jupyter.viewOutput) for further details.
    > Kernel Id = .jvsc74a57bd031f2aee4e71d21fbe5cf8b01ff0e069b9275f58929596ceb00d14d90e3e16cd6./usr/bin/python3./usr/bin/python3.-m#ipykernel_launcher
    > Interpreter Id = /usr/bin/python3
    > at ChildProcess.<anonymous> (~/.local/share/code-server/extensions/ms-toolsai.jupyter-2023.7.100-universal/out/extension.node.js:24:91039)
    > stdErr = /usr/bin/python3: No module named ipykernel_launcher
16:46:12.027 [error] Error in execution (get message for cell) Error: The kernel died. Error: /usr/bin/python3: No module named ipykernel_launcher... View Jupyter [log](command:jupyter.viewOutput) for further details.
    > Kernel Id = .jvsc74a57bd031f2aee4e71d21fbe5cf8b01ff0e069b9275f58929596ceb00d14d90e3e16cd6./usr/bin/python3./usr/bin/python3.-m#ipykernel_launcher
    > Interpreter Id = /usr/bin/python3
    > at ChildProcess.<anonymous> (~/.local/share/code-server/extensions/ms-toolsai.jupyter-2023.7.100-universal/out/extension.node.js:24:91039)
    > stdErr = /usr/bin/python3: No module named ipykernel_launcher
16:46:12.027 [error] Error in execution Error: The kernel died. Error: /usr/bin/python3: No module named ipykernel_launcher... View Jupyter [log](command:jupyter.viewOutput) for further details.
    > Kernel Id = .jvsc74a57bd031f2aee4e71d21fbe5cf8b01ff0e069b9275f58929596ceb00d14d90e3e16cd6./usr/bin/python3./usr/bin/python3.-m#ipykernel_launcher
    > Interpreter Id = /usr/bin/python3
    > at ChildProcess.<anonymous> (~/.local/share/code-server/extensions/ms-toolsai.jupyter-2023.7.100-universal/out/extension.node.js:24:91039)
    > stdErr = /usr/bin/python3: No module named ipykernel_launcher
16:46:12.027 [error] Error in execution (get message for cell) Error: The kernel died. Error: /usr/bin/python3: No module named ipykernel_launcher... View Jupyter [log](command:jupyter.viewOutput) for further details.
    > Kernel Id = .jvsc74a57bd031f2aee4e71d21fbe5cf8b01ff0e069b9275f58929596ceb00d14d90e3e16cd6./usr/bin/python3./usr/bin/python3.-m#ipykernel_launcher
    > Interpreter Id = /usr/bin/python3
    > at ChildProcess.<anonymous> (~/.local/share/code-server/extensions/ms-toolsai.jupyter-2023.7.100-universal/out/extension.node.js:24:91039)
    > stdErr = /usr/bin/python3: No module named ipykernel_launcher
16:46:12.027 [error] Error in execution Error: The kernel died. Error: /usr/bin/python3: No module named ipykernel_launcher... View Jupyter [log](command:jupyter.viewOutput) for further details.
    > Kernel Id = .jvsc74a57bd031f2aee4e71d21fbe5cf8b01ff0e069b9275f58929596ceb00d14d90e3e16cd6./usr/bin/python3./usr/bin/python3.-m#ipykernel_launcher
    > Interpreter Id = /usr/bin/python3
    > at ChildProcess.<anonymous> (~/.local/share/code-server/extensions/ms-toolsai.jupyter-2023.7.100-universal/out/extension.node.js:24:91039)
    > stdErr = /usr/bin/python3: No module named ipykernel_launcher
16:46:12.027 [error] Error in execution (get message for cell) Error: The kernel died. Error: /usr/bin/python3: No module named ipykernel_launcher... View Jupyter [log](command:jupyter.viewOutput) for further details.
    > Kernel Id = .jvsc74a57bd031f2aee4e71d21fbe5cf8b01ff0e069b9275f58929596ceb00d14d90e3e16cd6./usr/bin/python3./usr/bin/python3.-m#ipykernel_launcher
    > Interpreter Id = /usr/bin/python3
    > at ChildProcess.<anonymous> (~/.local/share/code-server/extensions/ms-toolsai.jupyter-2023.7.100-universal/out/extension.node.js:24:91039)
    > stdErr = /usr/bin/python3: No module named ipykernel_launcher
16:46:12.027 [error] Error in execution Error: The kernel died. Error: /usr/bin/python3: No module named ipykernel_launcher... View Jupyter [log](command:jupyter.viewOutput) for further details.
    > Kernel Id = .jvsc74a57bd031f2aee4e71d21fbe5cf8b01ff0e069b9275f58929596ceb00d14d90e3e16cd6./usr/bin/python3./usr/bin/python3.-m#ipykernel_launcher
    > Interpreter Id = /usr/bin/python3
    > at ChildProcess.<anonymous> (~/.local/share/code-server/extensions/ms-toolsai.jupyter-2023.7.100-universal/out/extension.node.js:24:91039)
    > stdErr = /usr/bin/python3: No module named ipykernel_launcher
16:46:12.027 [error] Error in execution (get message for cell) Error: The kernel died. Error: /usr/bin/python3: No module named ipykernel_launcher... View Jupyter [log](command:jupyter.viewOutput) for further details.
    > Kernel Id = .jvsc74a57bd031f2aee4e71d21fbe5cf8b01ff0e069b9275f58929596ceb00d14d90e3e16cd6./usr/bin/python3./usr/bin/python3.-m#ipykernel_launcher
    > Interpreter Id = /usr/bin/python3
    > at ChildProcess.<anonymous> (~/.local/share/code-server/extensions/ms-toolsai.jupyter-2023.7.100-universal/out/extension.node.js:24:91039)
    > stdErr = /usr/bin/python3: No module named ipykernel_launcher
16:46:12.027 [error] Error in execution Error: The kernel died. Error: /usr/bin/python3: No module named ipykernel_launcher... View Jupyter [log](command:jupyter.viewOutput) for further details.
    > Kernel Id = .jvsc74a57bd031f2aee4e71d21fbe5cf8b01ff0e069b9275f58929596ceb00d14d90e3e16cd6./usr/bin/python3./usr/bin/python3.-m#ipykernel_launcher
    > Interpreter Id = /usr/bin/python3
    > at ChildProcess.<anonymous> (~/.local/share/code-server/extensions/ms-toolsai.jupyter-2023.7.100-universal/out/extension.node.js:24:91039)
    > stdErr = /usr/bin/python3: No module named ipykernel_launcher
16:46:12.027 [error] Error in execution (get message for cell) Error: The kernel died. Error: /usr/bin/python3: No module named ipykernel_launcher... View Jupyter [log](command:jupyter.viewOutput) for further details.
    > Kernel Id = .jvsc74a57bd031f2aee4e71d21fbe5cf8b01ff0e069b9275f58929596ceb00d14d90e3e16cd6./usr/bin/python3./usr/bin/python3.-m#ipykernel_launcher
    > Interpreter Id = /usr/bin/python3
    > at ChildProcess.<anonymous> (~/.local/share/code-server/extensions/ms-toolsai.jupyter-2023.7.100-universal/out/extension.node.js:24:91039)
    > stdErr = /usr/bin/python3: No module named ipykernel_launcher
16:46:12.044 [info] Process Execution: /usr/bin/python3 -c "import ipykernel;print('6af208d0-cb9c-427f-b937-ff563e17efdf')"
16:46:12.060 [info] Process Execution: /usr/bin/python3 -c "import ipykernel;print('6af208d0-cb9c-427f-b937-ff563e17efdf')"
16:46:12.079 [info] Process Execution: /usr/bin/python3 -c "import ipykernel;print('6af208d0-cb9c-427f-b937-ff563e17efdf')"
16:46:12.093 [info] Process Execution: /usr/bin/python3 -c "import ipykernel;print('6af208d0-cb9c-427f-b937-ff563e17efdf')"
16:46:12.107 [info] Process Execution: /usr/bin/python3 -c "import ipykernel;print('6af208d0-cb9c-427f-b937-ff563e17efdf')"
16:46:12.119 [info] Process Execution: /usr/bin/python3 -c "import ipykernel;print('6af208d0-cb9c-427f-b937-ff563e17efdf')"
16:46:12.131 [info] Process Execution: /usr/bin/python3 -c "import ipykernel;print('6af208d0-cb9c-427f-b937-ff563e17efdf')"
16:46:12.171 [info] Process Execution: /usr/bin/python3 -c "import ipykernel;print('6af208d0-cb9c-427f-b937-ff563e17efdf')"
16:46:12.185 [info] Process Execution: /usr/bin/python3 -c "import ipykernel;print('6af208d0-cb9c-427f-b937-ff563e17efdf')"
16:46:12.197 [info] Process Execution: /usr/bin/python3 -c "import ipykernel;print('6af208d0-cb9c-427f-b937-ff563e17efdf')"
16:46:12.208 [info] Process Execution: /usr/bin/python3 -c "import ipykernel;print('6af208d0-cb9c-427f-b937-ff563e17efdf')"
16:46:12.221 [info] Process Execution: /usr/bin/python3 -c "import ipykernel;print('6af208d0-cb9c-427f-b937-ff563e17efdf')"
16:46:12.235 [info] Process Execution: /usr/bin/python3 -c "import ipykernel;print('6af208d0-cb9c-427f-b937-ff563e17efdf')"
16:46:12.248 [info] Process Execution: /usr/bin/python3 -c "import ipykernel;print('6af208d0-cb9c-427f-b937-ff563e17efdf')"
16:46:12.261 [info] Process Execution: /usr/bin/python3 -c "import ipykernel;print('6af208d0-cb9c-427f-b937-ff563e17efdf')"
16:46:12.273 [info] Process Execution: /usr/bin/python3 -c "import ipykernel;print('6af208d0-cb9c-427f-b937-ff563e17efdf')"
16:46:12.288 [info] Process Execution: /usr/bin/python3 -c "import ipykernel;print('6af208d0-cb9c-427f-b937-ff563e17efdf')"
16:46:12.304 [info] Process Execution: /usr/bin/python3 -c "import ipykernel;print('6af208d0-cb9c-427f-b937-ff563e17efdf')"
16:46:12.319 [info] Process Execution: /usr/bin/python3 -c "import ipykernel;print('6af208d0-cb9c-427f-b937-ff563e17efdf')"
16:46:12.332 [info] Process Execution: /usr/bin/python3 -c "import ipykernel;print('6af208d0-cb9c-427f-b937-ff563e17efdf')"
16:46:12.346 [info] Process Execution: /usr/bin/python3 -c "import ipykernel;print('6af208d0-cb9c-427f-b937-ff563e17efdf')"
16:46:12.359 [info] Process Execution: /usr/bin/python3 -c "import ipykernel;print('6af208d0-cb9c-427f-b937-ff563e17efdf')"
16:46:12.960 [info] End cell 21 execution @ undefined, started @ undefined, elapsed time = 0s
16:46:12.961 [info] End cell 20 execution @ undefined, started @ undefined, elapsed time = 0s
16:46:12.961 [info] End cell 19 execution @ undefined, started @ undefined, elapsed time = 0s
16:46:12.961 [info] End cell 17 execution @ undefined, started @ undefined, elapsed time = 0s
16:46:12.963 [info] End cell 16 execution @ undefined, started @ undefined, elapsed time = 0s
16:46:12.963 [info] End cell 15 execution @ undefined, started @ undefined, elapsed time = 0s
16:46:12.964 [info] End cell 14 execution @ undefined, started @ undefined, elapsed time = 0s
16:46:12.964 [info] End cell 13 execution @ undefined, started @ undefined, elapsed time = 0s
16:46:12.965 [info] End cell 12 execution @ undefined, started @ undefined, elapsed time = 0s
16:46:12.965 [info] End cell 11 execution @ undefined, started @ undefined, elapsed time = 0s
16:46:12.967 [info] End cell 10 execution @ undefined, started @ undefined, elapsed time = 0s
16:46:12.968 [info] End cell 9 execution @ undefined, started @ undefined, elapsed time = 0s
16:46:12.969 [info] End cell 8 execution @ undefined, started @ undefined, elapsed time = 0s
16:46:12.969 [info] End cell 7 execution @ undefined, started @ undefined, elapsed time = 0s
16:46:12.969 [info] End cell 6 execution @ undefined, started @ undefined, elapsed time = 0s
16:46:12.970 [info] End cell 5 execution @ undefined, started @ undefined, elapsed time = 0s
16:46:12.970 [info] End cell 4 execution @ undefined, started @ undefined, elapsed time = 0s
16:46:12.970 [info] End cell 3 execution @ undefined, started @ undefined, elapsed time = 0s
16:46:12.971 [info] End cell 2 execution @ undefined, started @ undefined, elapsed time = 0s
16:46:12.971 [info] End cell 1 execution @ undefined, started @ undefined, elapsed time = 0s
16:46:12.971 [info] End cell 0 execution @ undefined, started @ undefined, elapsed time = 0s
16:46:12.971 [info] End cell 22 execution @ undefined, started @ undefined, elapsed time = 0s
16:46:20.243 [info] Loading webview. View is notset
16:46:20.245 [info] Loading web view...
16:46:20.245 [info] Webview panel created.
16:46:54.623 [info] Disposing HostJupyterExecution
16:46:54.623 [info] Shutting down notebooks for c33b063a-41d2-4535-be65-ee5fb3b1ff74
16:46:54.623 [info] Dispose Kernel '~/test.ipynb' associated with '~/test.ipynb'
16:46:54.624 [info] Disposing HostJupyterExecution
