2024-12-18 10:03:04.768 [info] Extension host with pid 1806 started
2024-12-18 10:03:04.784 [info] Lock '/home/jovyan/.local/share/code-server/User/workspaceStorage/-b0fa7f7/vscode.lock': Lock acquired.
2024-12-18 10:03:05.337 [info] ExtensionService#_doActivateExtension vscode.emmet, startup: false, activationEvent: 'onLanguage'
2024-12-18 10:03:05.705 [info] ExtensionService#_doActivateExtension vscode.git-base, startup: true, activationEvent: '*', root cause: vscode.git
2024-12-18 10:03:05.972 [info] ExtensionService#_doActivateExtension vscode.git, startup: true, activationEvent: '*'
2024-12-18 10:03:05.972 [info] ExtensionService#_doActivateExtension vscode.github, startup: true, activationEvent: '*'
2024-12-18 10:03:06.530 [info] ExtensionService#_doActivateExtension samuelcolvin.jinjahtml, startup: true, activationEvent: 'workspaceContains:**/dbt_project.yml', root cause: innoverio.vscode-dbt-power-user
2024-12-18 10:03:06.531 [info] ExtensionService#_doActivateExtension ms-python.python, startup: true, activationEvent: 'workspaceContains:**/dbt_project.yml', root cause: innoverio.vscode-dbt-power-user
2024-12-18 10:03:06.886 [info] ExtensionService#_doActivateExtension vscode.tunnel-forwarding, startup: false, activationEvent: 'onTunnel'
2024-12-18 10:03:07.042 [warning] [Decorations] CAPPING events from decorations provider vscode.git 5800
2024-12-18 10:03:08.022 [warning] [Decorations] CAPPING events from decorations provider vscode.git 5802
2024-12-18 10:03:08.046 [info] ExtensionService#_doActivateExtension vscode.html-language-features, startup: false, activationEvent: 'api', root cause: samuelcolvin.jinjahtml
2024-12-18 10:03:10.386 [info] ExtensionService#_doActivateExtension innoverio.vscode-dbt-power-user, startup: true, activationEvent: 'workspaceContains:**/dbt_project.yml'
2024-12-18 10:03:13.216 [warning] DiagnosticCollection with name 'dbt' does already exist.
2024-12-18 10:03:13.216 [warning] DiagnosticCollection with name 'dbt' does already exist.
2024-12-18 10:03:13.221 [warning] DiagnosticCollection with name 'dbt' does already exist.
2024-12-18 10:03:13.221 [warning] DiagnosticCollection with name 'dbt' does already exist.
2024-12-18 10:03:13.317 [info] Eager extensions activated
2024-12-18 10:03:13.318 [info] ExtensionService#_doActivateExtension vscode.debug-auto-launch, startup: false, activationEvent: 'onStartupFinished'
2024-12-18 10:03:13.318 [info] ExtensionService#_doActivateExtension vscode.merge-conflict, startup: false, activationEvent: 'onStartupFinished'
2024-12-18 10:03:15.609 [warning] [Decorations] CAPPING events from decorations provider vscode.git 5808
2024-12-18 10:03:20.814 [warning] [Decorations] CAPPING events from decorations provider vscode.git 5808
2024-12-18 10:03:26.004 [warning] [Decorations] CAPPING events from decorations provider vscode.git 5808
2024-12-18 10:03:31.194 [warning] [Decorations] CAPPING events from decorations provider vscode.git 5808
2024-12-18 10:03:36.378 [warning] [Decorations] CAPPING events from decorations provider vscode.git 5808
2024-12-18 10:05:50.402 [warning] [Decorations] CAPPING events from decorations provider vscode.git 5808
2024-12-18 10:05:55.574 [warning] [Decorations] CAPPING events from decorations provider vscode.git 5808
2024-12-18 10:06:00.754 [warning] [Decorations] CAPPING events from decorations provider vscode.git 5808
2024-12-18 10:06:36.488 [warning] [Decorations] CAPPING events from decorations provider vscode.git 5809
2024-12-18 10:06:41.658 [warning] [Decorations] CAPPING events from decorations provider vscode.git 5811
2024-12-18 10:06:46.859 [warning] [Decorations] CAPPING events from decorations provider vscode.git 5811
2024-12-18 10:06:52.044 [warning] [Decorations] CAPPING events from decorations provider vscode.git 5810
2024-12-18 10:06:57.233 [warning] [Decorations] CAPPING events from decorations provider vscode.git 5810
2024-12-18 10:07:02.428 [warning] [Decorations] CAPPING events from decorations provider vscode.git 5810
2024-12-18 10:07:08.821 [warning] [Decorations] CAPPING events from decorations provider vscode.git 5811
2024-12-18 10:09:44.005 [warning] [Decorations] CAPPING events from decorations provider vscode.git 5811
2024-12-18 10:12:54.767 [warning] [Decorations] CAPPING events from decorations provider vscode.git 5810
2024-12-18 10:12:59.946 [warning] [Decorations] CAPPING events from decorations provider vscode.git 5810
2024-12-18 10:13:26.530 [warning] [Decorations] CAPPING events from decorations provider vscode.git 5810
2024-12-18 10:13:31.700 [warning] [Decorations] CAPPING events from decorations provider vscode.git 5811
2024-12-18 10:13:36.877 [warning] [Decorations] CAPPING events from decorations provider vscode.git 5811
2024-12-18 10:14:20.871 [warning] [Decorations] CAPPING events from decorations provider vscode.git 5811
2024-12-18 10:15:28.990 [warning] [Decorations] CAPPING events from decorations provider vscode.git 5811
2024-12-18 10:15:34.163 [warning] [Decorations] CAPPING events from decorations provider vscode.git 5811
2024-12-18 10:16:44.667 [warning] [Decorations] CAPPING events from decorations provider vscode.git 5811
2024-12-18 10:16:49.853 [warning] [Decorations] CAPPING events from decorations provider vscode.git 5811
2024-12-18 10:16:55.058 [warning] [Decorations] CAPPING events from decorations provider vscode.git 5811
2024-12-18 10:16:56.407 [info] ExtensionService#_doActivateExtension ms-python.debugpy, startup: false, activationEvent: 'onLanguage:python'
2024-12-18 10:16:56.408 [info] ExtensionService#_doActivateExtension ms-toolsai.jupyter, startup: false, activationEvent: 'onLanguage:python'
2024-12-18 10:16:57.876 [info] ExtensionService#_doActivateExtension ms-toolsai.jupyter-renderers, startup: false, activationEvent: 'api', root cause: ms-toolsai.jupyter
2024-12-18 10:17:00.261 [warning] [Decorations] CAPPING events from decorations provider vscode.git 5816
2024-12-18 10:17:05.455 [warning] [Decorations] CAPPING events from decorations provider vscode.git 5816
2024-12-18 10:17:10.641 [warning] [Decorations] CAPPING events from decorations provider vscode.git 5817
2024-12-18 10:17:15.829 [warning] [Decorations] CAPPING events from decorations provider vscode.git 5817
2024-12-18 10:17:21.043 [warning] [Decorations] CAPPING events from decorations provider vscode.git 5817
2024-12-18 10:17:26.232 [warning] [Decorations] CAPPING events from decorations provider vscode.git 5817
2024-12-18 10:17:31.420 [warning] [Decorations] CAPPING events from decorations provider vscode.git 5817
2024-12-18 10:17:36.606 [warning] [Decorations] CAPPING events from decorations provider vscode.git 5824
2024-12-18 10:17:41.798 [warning] [Decorations] CAPPING events from decorations provider vscode.git 5824
2024-12-18 10:17:47.025 [warning] [Decorations] CAPPING events from decorations provider vscode.git 5824
2024-12-18 10:17:52.240 [warning] [Decorations] CAPPING events from decorations provider vscode.git 5824
2024-12-18 10:17:57.451 [warning] [Decorations] CAPPING events from decorations provider vscode.git 5824
2024-12-18 10:18:02.675 [warning] [Decorations] CAPPING events from decorations provider vscode.git 5824
2024-12-18 10:18:07.875 [warning] [Decorations] CAPPING events from decorations provider vscode.git 5824
2024-12-18 10:18:13.072 [warning] [Decorations] CAPPING events from decorations provider vscode.git 5824
2024-12-18 10:18:18.301 [warning] [Decorations] CAPPING events from decorations provider vscode.git 5824
2024-12-18 10:18:23.511 [warning] [Decorations] CAPPING events from decorations provider vscode.git 5824
2024-12-18 10:18:28.725 [warning] [Decorations] CAPPING events from decorations provider vscode.git 5824
2024-12-18 10:18:33.934 [warning] [Decorations] CAPPING events from decorations provider vscode.git 5824
2024-12-18 10:18:39.133 [warning] [Decorations] CAPPING events from decorations provider vscode.git 5824
2024-12-18 10:18:44.332 [warning] [Decorations] CAPPING events from decorations provider vscode.git 5824
2024-12-18 10:18:49.544 [warning] [Decorations] CAPPING events from decorations provider vscode.git 5825
2024-12-18 10:18:54.778 [warning] [Decorations] CAPPING events from decorations provider vscode.git 5824
2024-12-18 10:18:59.984 [warning] [Decorations] CAPPING events from decorations provider vscode.git 5824
2024-12-18 10:19:05.184 [warning] [Decorations] CAPPING events from decorations provider vscode.git 5824
2024-12-18 10:19:10.382 [warning] [Decorations] CAPPING events from decorations provider vscode.git 5825
2024-12-18 10:19:15.588 [warning] [Decorations] CAPPING events from decorations provider vscode.git 5824
2024-12-18 10:19:20.802 [warning] [Decorations] CAPPING events from decorations provider vscode.git 5825
2024-12-18 10:19:26.016 [warning] [Decorations] CAPPING events from decorations provider vscode.git 5824
2024-12-18 10:19:31.229 [warning] [Decorations] CAPPING events from decorations provider vscode.git 5825
2024-12-18 10:19:36.422 [warning] [Decorations] CAPPING events from decorations provider vscode.git 5824
2024-12-18 10:19:43.766 [warning] [Decorations] CAPPING events from decorations provider vscode.git 5825
2024-12-18 10:19:48.962 [warning] [Decorations] CAPPING events from decorations provider vscode.git 5825
2024-12-18 10:19:54.182 [warning] [Decorations] CAPPING events from decorations provider vscode.git 5824
2024-12-18 10:19:59.404 [warning] [Decorations] CAPPING events from decorations provider vscode.git 5825
2024-12-18 10:20:04.643 [warning] [Decorations] CAPPING events from decorations provider vscode.git 5824
2024-12-18 10:20:09.847 [warning] [Decorations] CAPPING events from decorations provider vscode.git 5824
2024-12-18 10:20:13.202 [info] ExtensionService#_doActivateExtension vscode.npm, startup: false, activationEvent: 'onTerminalQuickFixRequest:ms-vscode.npm-command'
2024-12-18 10:20:17.221 [warning] [Decorations] CAPPING events from decorations provider vscode.git 5824
2024-12-18 10:20:22.425 [warning] [Decorations] CAPPING events from decorations provider vscode.git 5824
2024-12-18 10:20:27.634 [warning] [Decorations] CAPPING events from decorations provider vscode.git 5824
2024-12-18 10:20:32.844 [warning] [Decorations] CAPPING events from decorations provider vscode.git 5824
2024-12-18 10:20:38.052 [warning] [Decorations] CAPPING events from decorations provider vscode.git 5824
2024-12-18 10:20:43.252 [warning] [Decorations] CAPPING events from decorations provider vscode.git 5824
2024-12-18 10:20:48.454 [warning] [Decorations] CAPPING events from decorations provider vscode.git 5824
2024-12-18 10:20:53.669 [warning] [Decorations] CAPPING events from decorations provider vscode.git 5824
2024-12-18 10:20:58.886 [warning] [Decorations] CAPPING events from decorations provider vscode.git 5824
2024-12-18 10:21:04.107 [warning] [Decorations] CAPPING events from decorations provider vscode.git 5824
2024-12-18 10:21:09.317 [warning] [Decorations] CAPPING events from decorations provider vscode.git 5824
2024-12-18 10:21:14.510 [warning] [Decorations] CAPPING events from decorations provider vscode.git 5824
2024-12-18 10:21:19.742 [warning] [Decorations] CAPPING events from decorations provider vscode.git 5824
2024-12-18 10:21:24.944 [warning] [Decorations] CAPPING events from decorations provider vscode.git 5824
2024-12-18 10:21:30.149 [warning] [Decorations] CAPPING events from decorations provider vscode.git 5824
2024-12-18 10:21:35.357 [warning] [Decorations] CAPPING events from decorations provider vscode.git 5824
2024-12-18 10:21:40.584 [warning] [Decorations] CAPPING events from decorations provider vscode.git 5824
2024-12-18 10:21:43.134 [info] Extension host terminating: received terminate message from renderer
2024-12-18 10:21:43.134 [info] Lock '/home/jovyan/.local/share/code-server/User/workspaceStorage/-b0fa7f7/vscode.lock': Marking the lockfile as scheduled to be released in 6000 ms.
2024-12-18 10:21:43.176 [error] Canceled: Canceled
	at new c (/usr/lib/code-server/lib/vscode/out/vs/workbench/api/node/extensionHostProcess.js:107:57324)
	at i.O (/usr/lib/code-server/lib/vscode/out/vs/workbench/api/node/extensionHostProcess.js:116:10819)
	at N.<computed>.z.charCodeAt.N.<computed> (/usr/lib/code-server/lib/vscode/out/vs/workbench/api/node/extensionHostProcess.js:116:8258)
	at a.g (/usr/lib/code-server/lib/vscode/out/vs/workbench/api/node/extensionHostProcess.js:107:82935)
	at a.executeCommand (/usr/lib/code-server/lib/vscode/out/vs/workbench/api/node/extensionHostProcess.js:107:82359)
	at A.registerCommand.description (/usr/lib/code-server/lib/vscode/out/vs/workbench/api/node/extensionHostProcess.js:107:81666)
	at a.h (/usr/lib/code-server/lib/vscode/out/vs/workbench/api/node/extensionHostProcess.js:107:83471)
	at a.g (/usr/lib/code-server/lib/vscode/out/vs/workbench/api/node/extensionHostProcess.js:107:82459)
	at a.executeCommand (/usr/lib/code-server/lib/vscode/out/vs/workbench/api/node/extensionHostProcess.js:107:82359)
	at Object.executeCommand (/usr/lib/code-server/lib/vscode/out/vs/workbench/api/node/extensionHostProcess.js:122:21215)
	at n.D [as value] (/usr/lib/code-server/lib/vscode/extensions/git/dist/main.js:2:1309000)
	at b.w (/usr/lib/code-server/lib/vscode/out/vs/workbench/api/node/extensionHostProcess.js:63:1918)
	at b.x (/usr/lib/code-server/lib/vscode/out/vs/workbench/api/node/extensionHostProcess.js:63:1988)
	at b.fire (/usr/lib/code-server/lib/vscode/out/vs/workbench/api/node/extensionHostProcess.js:63:2204)
	at Object.m [as dispose] (/usr/lib/code-server/lib/vscode/extensions/git/dist/main.js:2:1324784)
	at /usr/lib/code-server/lib/vscode/extensions/git/dist/main.js:2:1329625
	at Array.forEach (<anonymous>)
	at g.dispose (/usr/lib/code-server/lib/vscode/extensions/git/dist/main.js:2:1329611)
	at r.<anonymous> (/usr/lib/code-server/lib/vscode/out/vs/workbench/api/node/extensionHostProcess.js:103:4254)
	at r.dispose (/usr/lib/code-server/lib/vscode/out/vs/workbench/api/node/extensionHostProcess.js:103:4389)
	at r.<anonymous> (/usr/lib/code-server/lib/vscode/extensions/git/dist/main.js:2:1311012)
	at r.dispose (/usr/lib/code-server/lib/vscode/out/vs/workbench/api/node/extensionHostProcess.js:103:4389)
	at k (/usr/lib/code-server/lib/vscode/out/vs/workbench/api/node/extensionHostProcess.js:13:11733)
	at l.Z (/usr/lib/code-server/lib/vscode/out/vs/workbench/api/node/extensionHostProcess.js:118:10421)
	at /usr/lib/code-server/lib/vscode/out/vs/workbench/api/node/extensionHostProcess.js:118:8337
	at Array.map (<anonymous>)
	at l.S (/usr/lib/code-server/lib/vscode/out/vs/workbench/api/node/extensionHostProcess.js:118:8324)
	at l.terminate (/usr/lib/code-server/lib/vscode/out/vs/workbench/api/node/extensionHostProcess.js:118:8597)
	at o.terminate (/usr/lib/code-server/lib/vscode/out/vs/workbench/api/node/extensionHostProcess.js:122:1513)
	at t (/usr/lib/code-server/lib/vscode/out/vs/workbench/api/node/extensionHostProcess.js:135:9800)
	at n.value (/usr/lib/code-server/lib/vscode/out/vs/workbench/api/node/extensionHostProcess.js:135:7846)
	at b.w (/usr/lib/code-server/lib/vscode/out/vs/workbench/api/node/extensionHostProcess.js:63:1918)
	at b.fire (/usr/lib/code-server/lib/vscode/out/vs/workbench/api/node/extensionHostProcess.js:63:2135)
	at v.fire (/usr/lib/code-server/lib/vscode/out/vs/workbench/api/node/extensionHostProcess.js:75:13884)
	at s.z (/usr/lib/code-server/lib/vscode/out/vs/workbench/api/node/extensionHostProcess.js:75:16929)
	at n.value (/usr/lib/code-server/lib/vscode/out/vs/workbench/api/node/extensionHostProcess.js:75:15381)
	at b.w (/usr/lib/code-server/lib/vscode/out/vs/workbench/api/node/extensionHostProcess.js:63:1918)
	at b.fire (/usr/lib/code-server/lib/vscode/out/vs/workbench/api/node/extensionHostProcess.js:63:2135)
	at n.acceptChunk (/usr/lib/code-server/lib/vscode/out/vs/workbench/api/node/extensionHostProcess.js:75:11658)
	at n.value (/usr/lib/code-server/lib/vscode/out/vs/workbench/api/node/extensionHostProcess.js:75:10945)
	at b.w (/usr/lib/code-server/lib/vscode/out/vs/workbench/api/node/extensionHostProcess.js:63:1918)
	at b.fire (/usr/lib/code-server/lib/vscode/out/vs/workbench/api/node/extensionHostProcess.js:63:2135)
	at b.u (/usr/lib/code-server/lib/vscode/out/vs/workbench/api/node/extensionHostProcess.js:132:19063) setContext undefined
2024-12-18 10:21:43.176 [error] Canceled: Canceled
	at new c (/usr/lib/code-server/lib/vscode/out/vs/workbench/api/node/extensionHostProcess.js:107:57324)
	at i.O (/usr/lib/code-server/lib/vscode/out/vs/workbench/api/node/extensionHostProcess.js:116:10819)
	at N.<computed>.z.charCodeAt.N.<computed> (/usr/lib/code-server/lib/vscode/out/vs/workbench/api/node/extensionHostProcess.js:116:8258)
	at a.g (/usr/lib/code-server/lib/vscode/out/vs/workbench/api/node/extensionHostProcess.js:107:82935)
	at a.executeCommand (/usr/lib/code-server/lib/vscode/out/vs/workbench/api/node/extensionHostProcess.js:107:82359)
	at A.registerCommand.description (/usr/lib/code-server/lib/vscode/out/vs/workbench/api/node/extensionHostProcess.js:107:81666)
	at a.h (/usr/lib/code-server/lib/vscode/out/vs/workbench/api/node/extensionHostProcess.js:107:83471)
	at a.g (/usr/lib/code-server/lib/vscode/out/vs/workbench/api/node/extensionHostProcess.js:107:82459)
	at a.executeCommand (/usr/lib/code-server/lib/vscode/out/vs/workbench/api/node/extensionHostProcess.js:107:82359)
	at Object.executeCommand (/usr/lib/code-server/lib/vscode/out/vs/workbench/api/node/extensionHostProcess.js:122:21215)
	at set b [as b] (/usr/lib/code-server/lib/vscode/extensions/github/dist/extension.js:2:714434)
	at /usr/lib/code-server/lib/vscode/extensions/github/dist/extension.js:2:715075
	at n.value (/usr/lib/code-server/lib/vscode/extensions/git/dist/main.js:2:1396602)
	at b.w (/usr/lib/code-server/lib/vscode/out/vs/workbench/api/node/extensionHostProcess.js:63:1918)
	at b.x (/usr/lib/code-server/lib/vscode/out/vs/workbench/api/node/extensionHostProcess.js:63:1988)
	at b.fire (/usr/lib/code-server/lib/vscode/out/vs/workbench/api/node/extensionHostProcess.js:63:2204)
	at Object.m [as dispose] (/usr/lib/code-server/lib/vscode/extensions/git/dist/main.js:2:1324784)
	at /usr/lib/code-server/lib/vscode/extensions/git/dist/main.js:2:1329625
	at Array.forEach (<anonymous>)
	at g.dispose (/usr/lib/code-server/lib/vscode/extensions/git/dist/main.js:2:1329611)
	at r.<anonymous> (/usr/lib/code-server/lib/vscode/out/vs/workbench/api/node/extensionHostProcess.js:103:4254)
	at r.dispose (/usr/lib/code-server/lib/vscode/out/vs/workbench/api/node/extensionHostProcess.js:103:4389)
	at r.<anonymous> (/usr/lib/code-server/lib/vscode/extensions/git/dist/main.js:2:1311012)
	at r.dispose (/usr/lib/code-server/lib/vscode/out/vs/workbench/api/node/extensionHostProcess.js:103:4389)
	at k (/usr/lib/code-server/lib/vscode/out/vs/workbench/api/node/extensionHostProcess.js:13:11733)
	at l.Z (/usr/lib/code-server/lib/vscode/out/vs/workbench/api/node/extensionHostProcess.js:118:10421)
	at /usr/lib/code-server/lib/vscode/out/vs/workbench/api/node/extensionHostProcess.js:118:8337
	at Array.map (<anonymous>)
	at l.S (/usr/lib/code-server/lib/vscode/out/vs/workbench/api/node/extensionHostProcess.js:118:8324)
	at l.terminate (/usr/lib/code-server/lib/vscode/out/vs/workbench/api/node/extensionHostProcess.js:118:8597)
	at o.terminate (/usr/lib/code-server/lib/vscode/out/vs/workbench/api/node/extensionHostProcess.js:122:1513)
	at t (/usr/lib/code-server/lib/vscode/out/vs/workbench/api/node/extensionHostProcess.js:135:9800)
	at n.value (/usr/lib/code-server/lib/vscode/out/vs/workbench/api/node/extensionHostProcess.js:135:7846)
	at b.w (/usr/lib/code-server/lib/vscode/out/vs/workbench/api/node/extensionHostProcess.js:63:1918)
	at b.fire (/usr/lib/code-server/lib/vscode/out/vs/workbench/api/node/extensionHostProcess.js:63:2135)
	at v.fire (/usr/lib/code-server/lib/vscode/out/vs/workbench/api/node/extensionHostProcess.js:75:13884)
	at s.z (/usr/lib/code-server/lib/vscode/out/vs/workbench/api/node/extensionHostProcess.js:75:16929)
	at n.value (/usr/lib/code-server/lib/vscode/out/vs/workbench/api/node/extensionHostProcess.js:75:15381)
	at b.w (/usr/lib/code-server/lib/vscode/out/vs/workbench/api/node/extensionHostProcess.js:63:1918)
	at b.fire (/usr/lib/code-server/lib/vscode/out/vs/workbench/api/node/extensionHostProcess.js:63:2135)
	at n.acceptChunk (/usr/lib/code-server/lib/vscode/out/vs/workbench/api/node/extensionHostProcess.js:75:11658)
	at n.value (/usr/lib/code-server/lib/vscode/out/vs/workbench/api/node/extensionHostProcess.js:75:10945)
	at b.w (/usr/lib/code-server/lib/vscode/out/vs/workbench/api/node/extensionHostProcess.js:63:1918)
	at b.fire (/usr/lib/code-server/lib/vscode/out/vs/workbench/api/node/extensionHostProcess.js:63:2135)
	at b.u (/usr/lib/code-server/lib/vscode/out/vs/workbench/api/node/extensionHostProcess.js:132:19063) setContext undefined
2024-12-18 10:21:46.596 [error] Error: Channel has been closed
	at i (/usr/lib/code-server/lib/vscode/out/vs/workbench/api/node/extensionHostProcess.js:117:2880)
	at Object.trace (/usr/lib/code-server/lib/vscode/out/vs/workbench/api/node/extensionHostProcess.js:117:3145)
	at t.$b.start (/usr/lib/code-server/lib/vscode/extensions/git/dist/main.js:2:1334547)
	at R.Y (/usr/lib/code-server/lib/vscode/extensions/git/dist/main.js:2:1373087)
	at R.status (/usr/lib/code-server/lib/vscode/extensions/git/dist/main.js:2:1358547)
	at R.o (/usr/lib/code-server/lib/vscode/extensions/git/dist/main.js:2:1265270)
	at R.lb (/usr/lib/code-server/lib/vscode/extensions/git/dist/main.js:2:1379082)
2024-12-18 10:21:48.171 [info] Extension host with pid 1806 exiting with code 0
