2024-12-16 12:05:59.829 [info] Experiment 'pythonRecommendTensorboardExt' is active
2024-12-16 12:05:59.829 [info] Experiment 'pythonTerminalEnvVarActivation' is active
2024-12-16 12:05:59.829 [info] Experiment 'pythonTestAdapter' is active
2024-12-16 12:05:59.926 [info] Test server listening.
2024-12-16 12:05:59.946 [info] > conda info --json
2024-12-16 12:05:59.951 [info] Found: /bin/python3 --> /bin/python3.10
2024-12-16 12:05:59.951 [info] Found: /bin/python3.10 --> /bin/python3.10
2024-12-16 12:05:59.957 [info] Found: /usr/bin/python3 --> /usr/bin/python3.10
2024-12-16 12:05:59.957 [info] Found: /usr/bin/python3.10 --> /usr/bin/python3.10
2024-12-16 12:05:59.960 [info] Found: /opt/conda/bin/python --> /opt/conda/bin/python3.11
2024-12-16 12:05:59.961 [info] Found: /opt/conda/bin/python3 --> /opt/conda/bin/python3.11
2024-12-16 12:05:59.961 [info] Found: /opt/conda/bin/python3.1 --> /opt/conda/bin/python3.11
2024-12-16 12:05:59.961 [info] Found: /opt/conda/bin/python3.11 --> /opt/conda/bin/python3.11
2024-12-16 12:05:59.987 [info] > /bin/python3 -I ./.local/share/code-server/extensions/ms-python.python-2023.18.0-universal/pythonFiles/get_output_via_markers.py ./.local/share/code-server/extensions/ms-python.python-2023.18.0-universal/pythonFiles/interpreterInfo.py
2024-12-16 12:06:00.009 [info] > /usr/bin/python3 -I ./.local/share/code-server/extensions/ms-python.python-2023.18.0-universal/pythonFiles/get_output_via_markers.py ./.local/share/code-server/extensions/ms-python.python-2023.18.0-universal/pythonFiles/interpreterInfo.py
2024-12-16 12:06:00.697 [info] > /opt/conda/bin/python -I ./.local/share/code-server/extensions/ms-python.python-2023.18.0-universal/pythonFiles/get_output_via_markers.py ./.local/share/code-server/extensions/ms-python.python-2023.18.0-universal/pythonFiles/interpreterInfo.py
2024-12-16 12:06:00.772 [warning] Retry failed, storage update failed for key PYTHON_GLOBAL_STORAGE_KEYS
2024-12-16 12:06:00.772 [warning] Retry failed, storage update failed for key PYTHON_GLOBAL_STORAGE_KEYS
2024-12-16 12:06:00.772 [warning] Retry failed, storage update failed for key PYTHON_GLOBAL_STORAGE_KEYS
2024-12-16 12:06:00.772 [warning] Retry failed, storage update failed for key PYTHON_GLOBAL_STORAGE_KEYS
2024-12-16 12:06:00.772 [warning] Retry failed, storage update failed for key PYTHON_WORKSPACE_STORAGE_KEYS
2024-12-16 12:06:00.772 [warning] Retry failed, storage update failed for key PYTHON_WORKSPACE_STORAGE_KEYS
2024-12-16 12:06:00.772 [warning] Retry failed, storage update failed for key PYTHON_WORKSPACE_STORAGE_KEYS
2024-12-16 12:06:00.772 [warning] Retry failed, storage update failed for key PYTHON_WORKSPACE_STORAGE_KEYS
2024-12-16 12:06:00.776 [info] Python interpreter path: /bin/python3
2024-12-16 12:06:01.576 [warning] Retry failed, storage update failed for key PYTHON_GLOBAL_STORAGE_KEYS
2024-12-16 12:06:01.576 [warning] Retry failed, storage update failed for key PYTHON_GLOBAL_STORAGE_KEYS
2024-12-16 12:06:02.510 [info] Starting Jedi language server for jovyan.
