2024-12-18 04:32:08.699 [info] Log level: Info
2024-12-18 04:32:08.699 [info] Validating found git in: "git"
2024-12-18 04:32:08.699 [info] Using git "2.34.1" from "git"
2024-12-18 04:32:08.699 [info] > git rev-parse --show-toplevel [2ms]
2024-12-18 04:32:08.699 [info] > git rev-parse --git-dir --git-common-dir [8ms]
2024-12-18 04:32:08.699 [info] Open repository: /home/jovyan
2024-12-18 04:32:08.699 [info] > git config --get commit.template [7ms]
2024-12-18 04:32:08.699 [info] > git rev-parse --show-toplevel [3ms]
2024-12-18 04:32:08.699 [info] No remotes found in the git config file.
2024-12-18 04:32:08.699 [info] > git for-each-ref --format=%(refname)%00%(upstream:short)%00%(objectname)%00%(upstream:track)%00%(upstream:remotename)%00%(upstream:remoteref) refs/heads/main refs/remotes/main [8ms]
2024-12-18 04:32:08.699 [info] > git rev-parse --show-toplevel [10ms]
2024-12-18 04:32:08.699 [info] > git rev-parse --show-toplevel [8ms]
2024-12-18 04:32:08.699 [info] > git rev-parse --show-toplevel [2ms]
2024-12-18 04:32:08.699 [info] > git rev-parse --show-toplevel [12ms]
2024-12-18 04:32:08.699 [info] > git rev-parse --show-toplevel [6ms]
2024-12-18 04:32:08.699 [info] > git rev-parse --show-toplevel [3ms]
2024-12-18 04:32:08.699 [info] > git status -z -uall [125ms]
2024-12-18 04:32:08.699 [info] > git rev-parse --show-toplevel [152ms]
2024-12-18 04:32:08.699 [info] > git config --get commit.template [708ms]
2024-12-18 04:32:08.699 [info] > git rev-parse --show-toplevel [8ms]
2024-12-18 04:32:08.699 [info] No remotes found in the git config file.
2024-12-18 04:32:08.699 [info] > git for-each-ref --format=%(refname)%00%(upstream:short)%00%(objectname)%00%(upstream:track)%00%(upstream:remotename)%00%(upstream:remoteref) refs/heads/main refs/remotes/main [1ms]
2024-12-18 04:32:09.007 [info] > git status -z -uall [322ms]
2024-12-18 04:32:10.073 [info] > git check-ignore -v -z --stdin [2ms]
2024-12-18 05:05:15.330 [info] No remotes found in the git config file.
2024-12-18 05:05:15.332 [info] > git config --get commit.template [12ms]
2024-12-18 05:05:15.333 [info] > git for-each-ref --format=%(refname)%00%(upstream:short)%00%(objectname)%00%(upstream:track)%00%(upstream:remotename)%00%(upstream:remoteref) refs/heads/main refs/remotes/main [2ms]
2024-12-18 05:05:15.387 [info] > git status -z -uall [45ms]
