2024-12-16 13:43:05.038 [info] Extension host with pid 15340 started
2024-12-16 13:43:05.050 [info] Lock '/home/jovyan/.local/share/code-server/User/workspaceStorage/-b0fa7f7/vscode.lock': Lock acquired.
2024-12-16 13:43:05.330 [info] ExtensionService#_doActivateExtension vscode.ipynb, startup: false, activationEvent: 'onNotebookSerializer:jupyter-notebook'
2024-12-16 13:43:05.646 [info] ExtensionService#_doActivateExtension vscode.git-base, startup: true, activationEvent: '*', root cause: vscode.git
2024-12-16 13:43:06.067 [info] ExtensionService#_doActivateExtension vscode.git, startup: true, activationEvent: '*'
2024-12-16 13:43:06.067 [info] ExtensionService#_doActivateExtension vscode.github, startup: true, activationEvent: '*'
2024-12-16 13:43:06.523 [info] Eager extensions activated
2024-12-16 13:43:06.524 [info] ExtensionService#_doActivateExtension vscode.debug-auto-launch, startup: false, activationEvent: 'onStartupFinished'
2024-12-16 13:43:06.524 [info] ExtensionService#_doActivateExtension vscode.merge-conflict, startup: false, activationEvent: 'onStartupFinished'
2024-12-16 13:43:06.653 [info] ExtensionService#_doActivateExtension ms-toolsai.jupyter, startup: false, activationEvent: 'onNotebook:jupyter-notebook'
2024-12-16 13:43:06.653 [info] ExtensionService#_doActivateExtension ms-toolsai.vscode-jupyter-cell-tags, startup: false, activationEvent: 'onNotebook:jupyter-notebook'
2024-12-16 13:43:06.653 [info] ExtensionService#_doActivateExtension ms-toolsai.vscode-jupyter-slideshow, startup: false, activationEvent: 'onNotebook:jupyter-notebook'
2024-12-16 13:43:07.048 [warning] [Decorations] CAPPING events from decorations provider vscode.git 3477
2024-12-16 13:43:07.708 [info] ExtensionService#_doActivateExtension vscode.tunnel-forwarding, startup: false, activationEvent: 'onTunnel'
2024-12-16 13:43:07.776 [warning] [Decorations] CAPPING events from decorations provider vscode.git 3479
2024-12-16 13:43:08.188 [info] ExtensionService#_doActivateExtension ms-python.python, startup: false, activationEvent: 'api', root cause: ms-toolsai.jupyter
2024-12-16 13:43:08.245 [info] ExtensionService#_doActivateExtension ms-toolsai.jupyter-renderers, startup: false, activationEvent: 'api', root cause: ms-toolsai.jupyter
2024-12-16 13:43:12.271 [error] Error: Module 'pip' not installed.
	at Jd.execModule (/home/jovyan/.local/share/code-server/extensions/ms-toolsai.jupyter-2023.7.100-universal/out/extension.node.js:7:40513)
	at process.processTicksAndRejections (node:internal/process/task_queues:95:5)
	at async Ed.getPackageInformation (/home/jovyan/.local/share/code-server/extensions/ms-toolsai.jupyter-2023.7.100-universal/out/extension.node.js:7:31745)
